#
# There is insufficient memory for the Java Runtime Environment to continue.
# Native memory allocation (mmap) failed to map 134217728 bytes for Failed to commit area from 0x0000000081800000 to 0x0000000089800000 of length 134217728.
# Possible reasons:
#   The system is out of physical RAM or swap space
#   The process is running with CompressedOops enabled, and the Java Heap may be blocking the growth of the native heap
# Possible solutions:
#   Reduce memory load on the system
#   Increase physical memory or swap space
#   Check if swap backing store is full
#   Decrease Java heap size (-Xmx/-Xms)
#   Decrease number of Java threads
#   Decrease Java thread stack sizes (-Xss)
#   Set larger code cache with -XX:ReservedCodeCacheSize=
# This output file may be truncated or incomplete.
#
#  Out of Memory Error (src/hotspot/os/windows/os_windows.cpp:3627), pid=4812, tid=2420
#
# JRE version:  (11.0.15) (build )
# Java VM: OpenJDK 64-Bit Server VM (11.0.15+0-b2043.56-9505619, mixed mode, sharing, tiered, compressed oops, g1 gc, windows-amd64)
# No core dump will be written. Minidumps are not enabled by default on client versions of Windows
#

---------------  S U M M A R Y ------------

Command Line: 

Host: Intel(R) Core(TM) i5-4460  CPU @ 3.20GHz, 4 cores, 7G,  Windows 10 , 64 bit Build 19041 (10.0.19041.2913)
Time: Tue May 23 09:18:22 2023 RTZ 2 (s 10 , 64 bit Build 19041 (10.0.19041.2913) elapsed time: 0.072296 seconds (0d 0h 0m 0s)

---------------  T H R E A D  ---------------

Current thread (0x00000264ce6ae800):  JavaThread "Unknown thread" [_thread_in_vm, id=2420, stack(0x000000d0ee000000,0x000000d0ee100000)]

Stack: [0x000000d0ee000000,0x000000d0ee100000]
Native frames: (J=compiled Java code, j=interpreted, Vv=VM code, C=native code)
V  [jvm.dll+0x64135a]
V  [jvm.dll+0x7d39f9]
V  [jvm.dll+0x7d51b9]
V  [jvm.dll+0x7d58a3]
V  [jvm.dll+0x2691c5]
V  [jvm.dll+0x63e4e9]
V  [jvm.dll+0x632985]
V  [jvm.dll+0x3231ac]
V  [jvm.dll+0x323032]
V  [jvm.dll+0x327c06]
V  [jvm.dll+0x36ffa2]
V  [jvm.dll+0x36fa01]
V  [jvm.dll+0x2fea28]
V  [jvm.dll+0x2ffb25]
V  [jvm.dll+0x7accd7]
V  [jvm.dll+0x7ae49f]
V  [jvm.dll+0x37d299]
V  [jvm.dll+0x78ef9f]
V  [jvm.dll+0x3ec847]
V  [jvm.dll+0x3eed31]
C  [jli.dll+0x52cb]
C  [ucrtbase.dll+0x21bb2]
C  [KERNEL32.DLL+0x17614]
C  [ntdll.dll+0x526a1]


---------------  P R O C E S S  ---------------

Threads class SMR info:
_java_thread_list=0x00000264cc5eea10, length=0, elements={
}

Java Threads: ( => current thread )

Other Threads:
  0x00000264ce6c8800 GCTaskThread "GC Thread#0" [stack: 0x000000d0ee100000,0x000000d0ee200000] [id=5276]
  0x00000264ce6f9800 ConcurrentGCThread "G1 Main Marker" [stack: 0x000000d0ee200000,0x000000d0ee300000] [id=956]
  0x00000264ce6fc800 ConcurrentGCThread "G1 Conc#0" [stack: 0x000000d0ee300000,0x000000d0ee400000] [id=4876]

[error occurred during error reporting (printing all threads), id 0xc0000005, EXCEPTION_ACCESS_VIOLATION (0xc0000005) at pc=0x00007ff829c1f3e7]

VM state:not at safepoint (not fully initialized)

VM Mutex/Monitor currently owned by a thread:  ([mutex/lock_event])
[0x00000264ce6aace0] Heap_lock - owner thread: 0x00000264ce6ae800

Heap address: 0x0000000081800000, size: 2024 MB, Compressed Oops mode: Non-zero based: 0x0000000081800000
Narrow klass base: 0x0000000000000000, Narrow klass shift: 0

GC Heap History (0 events):
No events

Deoptimization events (0 events):
No events

Classes redefined (0 events):
No events

Internal exceptions (0 events):
No events

Events (1 events):
Event: 0.015 Loaded shared library C:\Program Files\Android\Android Studio\jbr\bin\zip.dll


Dynamic libraries:
0x00007ff640060000 - 0x00007ff64006a000 	C:\Program Files\Android\Android Studio\jbr\bin\java.EXE
0x00007ff852950000 - 0x00007ff852b48000 	C:\Windows\SYSTEM32\ntdll.dll
0x00007ff8525c0000 - 0x00007ff85267f000 	C:\Windows\System32\KERNEL32.DLL
0x00007ff8503f0000 - 0x00007ff8506e6000 	C:\Windows\System32\KERNELBASE.dll
0x00007ff8502f0000 - 0x00007ff8503f0000 	C:\Windows\System32\ucrtbase.dll
0x00007ff84b9d0000 - 0x00007ff84b9e7000 	C:\Program Files\Android\Android Studio\jbr\bin\jli.dll
0x00007ff851d30000 - 0x00007ff851ecd000 	C:\Windows\System32\USER32.dll
0x00007ff8506f0000 - 0x00007ff850712000 	C:\Windows\System32\win32u.dll
0x00007ff852730000 - 0x00007ff85275c000 	C:\Windows\System32\GDI32.dll
0x00007ff850860000 - 0x00007ff850975000 	C:\Windows\System32\gdi32full.dll
0x00007ff850250000 - 0x00007ff8502ed000 	C:\Windows\System32\msvcp_win.dll
0x00007ff84b9b0000 - 0x00007ff84b9cb000 	C:\Program Files\Android\Android Studio\jbr\bin\VCRUNTIME140.dll
0x00007ff84a4a0000 - 0x00007ff84a73a000 	C:\Windows\WinSxS\amd64_microsoft.windows.common-controls_6595b64144ccf1df_6.0.19041.1110_none_60b5254171f9507e\COMCTL32.dll
0x00007ff852000000 - 0x00007ff85209e000 	C:\Windows\System32\msvcrt.dll
0x00007ff850d10000 - 0x00007ff850d40000 	C:\Windows\System32\IMM32.DLL
0x00007ff84b9a0000 - 0x00007ff84b9ac000 	C:\Program Files\Android\Android Studio\jbr\bin\vcruntime140_1.dll
0x00007ff83d350000 - 0x00007ff83d3dd000 	C:\Program Files\Android\Android Studio\jbr\bin\msvcp140.dll
0x00007ff829910000 - 0x00007ff82a4cc000 	C:\Program Files\Android\Android Studio\jbr\bin\server\jvm.dll
0x00007ff851f50000 - 0x00007ff851fff000 	C:\Windows\System32\ADVAPI32.dll
0x00007ff850c50000 - 0x00007ff850cec000 	C:\Windows\System32\sechost.dll
0x00007ff851ab0000 - 0x00007ff851bd6000 	C:\Windows\System32\RPCRT4.dll
0x00007ff8518b0000 - 0x00007ff8518b8000 	C:\Windows\System32\PSAPI.DLL
0x00007ff84b920000 - 0x00007ff84b929000 	C:\Windows\SYSTEM32\WSOCK32.dll
0x00007ff851920000 - 0x00007ff85198b000 	C:\Windows\System32\WS2_32.dll
0x00007ff84a740000 - 0x00007ff84a767000 	C:\Windows\SYSTEM32\WINMM.dll
0x00007ff84a770000 - 0x00007ff84a77a000 	C:\Windows\SYSTEM32\VERSION.dll
0x00007ff84de40000 - 0x00007ff84de52000 	C:\Windows\SYSTEM32\kernel.appcore.dll
0x00007ff84b910000 - 0x00007ff84b920000 	C:\Program Files\Android\Android Studio\jbr\bin\verify.dll
0x00007ff840e10000 - 0x00007ff840ff4000 	C:\Windows\SYSTEM32\DBGHELP.DLL
0x00007ff840dd0000 - 0x00007ff840e04000 	C:\Windows\SYSTEM32\dbgcore.DLL
0x00007ff850720000 - 0x00007ff8507a2000 	C:\Windows\System32\bcryptPrimitives.dll
0x00007ff84aed0000 - 0x00007ff84aef8000 	C:\Program Files\Android\Android Studio\jbr\bin\java.dll
0x00007ff84b900000 - 0x00007ff84b90a000 	C:\Program Files\Android\Android Studio\jbr\bin\jimage.dll
0x00007ff83d440000 - 0x00007ff83d458000 	C:\Program Files\Android\Android Studio\jbr\bin\zip.dll

dbghelp: loaded successfully - version: 4.0.5 - missing functions: none
symbol engine: initialized successfully - sym options: 0x614 - pdb path: .;C:\Program Files\Android\Android Studio\jbr\bin;C:\Windows\SYSTEM32;C:\Windows\WinSxS\amd64_microsoft.windows.common-controls_6595b64144ccf1df_6.0.19041.1110_none_60b5254171f9507e;C:\Program Files\Android\Android Studio\jbr\bin\server

VM Arguments:
java_command: <unknown>
java_class_path (initial): <not set>
Launcher Type: SUN_STANDARD

[Global flags]
     intx CICompilerCount                          = 3                                         {product} {ergonomic}
     uint ConcGCThreads                            = 1                                         {product} {ergonomic}
     uint G1ConcRefinementThreads                  = 4                                         {product} {ergonomic}
   size_t G1HeapRegionSize                         = 1048576                                   {product} {ergonomic}
    uintx GCDrainStackTargetSize                   = 64                                        {product} {ergonomic}
   size_t InitialHeapSize                          = 134217728                                 {product} {ergonomic}
   size_t MarkStackSize                            = 4194304                                   {product} {ergonomic}
   size_t MaxHeapSize                              = 2122317824                                {product} {ergonomic}
   size_t MinHeapDeltaBytes                        = 1048576                                   {product} {ergonomic}
    uintx NonNMethodCodeHeapSize                   = 5830732                                {pd product} {ergonomic}
    uintx NonProfiledCodeHeapSize                  = 122913754                              {pd product} {ergonomic}
    uintx ProfiledCodeHeapSize                     = 122913754                              {pd product} {ergonomic}
    uintx ReservedCodeCacheSize                    = 251658240                              {pd product} {ergonomic}
     bool SegmentedCodeCache                       = true                                      {product} {ergonomic}
     bool UseCompressedClassPointers               = true                                 {lp64_product} {ergonomic}
     bool UseCompressedOops                        = true                                 {lp64_product} {ergonomic}
     bool UseG1GC                                  = true                                      {product} {ergonomic}
     bool UseLargePagesIndividualAllocation        = false                                  {pd product} {ergonomic}

Logging:
Log output configuration:
 #0: stdout all=warning uptime,level,tags
 #1: stderr all=off uptime,level,tags

Environment Variables:
PATH=C:\Program Files\Microsoft\jdk-11.0.16.101-hotspot\bin;C:\Program Files\Eclipse Adoptium\jdk-11.0.18.10-hotspot\bin;C:\Program Files\Eclipse Adoptium\jdk-8.0.362.9-hotspot\bin;C:\Windows\system32;C:\Windows;C:\Windows\System32\Wbem;C:\Windows\System32\WindowsPowerShell\v1.0\;C:\Windows\System32\OpenSSH\;C:\Program Files\Microsoft SQL Server\150\Tools\Binn\;C:\Program Files\Microsoft SQL Server\Client SDK\ODBC\170\Tools\Binn\;C:\Program Files (x86)\Microsoft SQL Server\150\DTS\Binn\;C:\Program Files\Azure Data Studio\bin;C:\ProgramData\chocolatey\bin;C:\tools\flutter\bin;C:\Program Files\Git\cmd\git.exe;C:\Program Files\dotnet\;C:\Users\202002\AppData\Local\Microsoft\WindowsApps;;C:\Users\202002\AppData\Local\Programs\Microsoft VS Code\bin;C:\tools\flutter\bin\mingit\cmd
USERNAME=202002
OS=Windows_NT
PROCESSOR_IDENTIFIER=Intel64 Family 6 Model 60 Stepping 3, GenuineIntel



---------------  S Y S T E M  ---------------

OS: Windows 10 , 64 bit Build 19041 (10.0.19041.2913)
OS uptime: 0 days 1:20 hours
Hyper-V role detected

CPU:total 4 (initial active 4) (4 cores per cpu, 1 threads per core) family 6 model 60 stepping 3 microcode 0x27, cmov, cx8, fxsr, mmx, sse, sse2, sse3, ssse3, sse4.1, sse4.2, popcnt, avx, avx2, aes, clmul, erms, lzcnt, tsc, tscinvbit, bmi1, bmi2, fma

Memory: 4k page, system-wide physical 8092M (1017M free)
TotalPageFile size 8092M (AvailPageFile size 17M)
current process WorkingSet (physical memory assigned to process): 10M, peak: 10M
current process commit charge ("private bytes"): 51M, peak: 179M

vm_info: OpenJDK 64-Bit Server VM (11.0.15+0-b2043.56-9505619) for windows-amd64 JRE (11.0.15+0-b2043.56-9505619), built on Jan 19 2023 02:48:00 by "builduser" with unknown MS VC++:1929

END.
