#
# There is insufficient memory for the Java Runtime Environment to continue.
# Native memory allocation (malloc) failed to allocate 32744 bytes for ChunkPool::allocate
# Possible reasons:
#   The system is out of physical RAM or swap space
#   The process is running with CompressedOops enabled, and the Java Heap may be blocking the growth of the native heap
# Possible solutions:
#   Reduce memory load on the system
#   Increase physical memory or swap space
#   Check if swap backing store is full
#   Decrease Java heap size (-Xmx/-Xms)
#   Decrease number of Java threads
#   Decrease Java thread stack sizes (-Xss)
#   Set larger code cache with -XX:ReservedCodeCacheSize=
#   JVM is running with Unscaled Compressed Oops mode in which the Java heap is
#     placed in the first 4GB address space. The Java Heap base address is the
#     maximum limit for the native heap growth. Please use -XX:HeapBaseMinAddress
#     to set the Java Heap base and to place the Java Heap above 4GB virtual address.
# This output file may be truncated or incomplete.
#
#  Out of Memory Error (src/hotspot/share/memory/arena.cpp:81), pid=9484, tid=10076
#
# JRE version: OpenJDK Runtime Environment (11.0.15) (build 11.0.15+0-b2043.56-9505619)
# Java VM: OpenJDK 64-Bit Server VM (11.0.15+0-b2043.56-9505619, mixed mode, tiered, compressed oops, g1 gc, windows-amd64)
# No core dump will be written. Minidumps are not enabled by default on client versions of Windows
#

---------------  S U M M A R Y ------------

Command Line: -Dorg.gradle.appname=gradlew org.gradle.wrapper.GradleWrapperMain -q -Ptarget-platform=android-arm64 -Ptarget=C:\flutterPr\SurveyApp\SurveyApp\lib\main.dart -Pbase-application-name=android.app.Application -Pdart-defines=RkxVVFRFUl9XRUJfQVVUT19ERVRFQ1Q9dHJ1ZQ== -Pdart-obfuscation=false -Ptrack-widget-creation=true -Ptree-shake-icons=false -Pfilesystem-scheme=org-dartlang-root assembleDebug

Host: Intel(R) Core(TM) i5-4460  CPU @ 3.20GHz, 4 cores, 7G,  Windows 10 , 64 bit Build 19041 (10.0.19041.2913)
Time: Tue May 23 09:07:40 2023 RTZ 2 (s 10 , 64 bit Build 19041 (10.0.19041.2913) elapsed time: 5.769182 seconds (0d 0h 0m 5s)

---------------  T H R E A D  ---------------

Current thread (0x000001b4473b2800):  JavaThread "C1 CompilerThread0" daemon [_thread_in_native, id=10076, stack(0x0000008fcf600000,0x0000008fcf700000)]


Current CompileTask:
C1:   5769 1189       3       org.gradle.internal.logging.text.AbstractLineChoppingStyledTextOutput$1::execute (140 bytes)

Stack: [0x0000008fcf600000,0x0000008fcf700000]
Native frames: (J=compiled Java code, j=interpreted, Vv=VM code, C=native code)
V  [jvm.dll+0x64135a]
V  [jvm.dll+0x7d39f9]
V  [jvm.dll+0x7d51b9]
V  [jvm.dll+0x7d58a3]
V  [jvm.dll+0x2691c5]
V  [jvm.dll+0xc1cbf]
V  [jvm.dll+0xc200c]
V  [jvm.dll+0x180003]
V  [jvm.dll+0x1800d0]
V  [jvm.dll+0x18295f]
V  [jvm.dll+0x184971]
V  [jvm.dll+0x13bff5]
V  [jvm.dll+0x13b89f]
V  [jvm.dll+0x13bad4]
V  [jvm.dll+0x13ae22]
V  [jvm.dll+0x13ccbc]
V  [jvm.dll+0x230479]
V  [jvm.dll+0x22e5ef]
V  [jvm.dll+0x794de1]
V  [jvm.dll+0x78dc24]
V  [jvm.dll+0x6400f6]
C  [ucrtbase.dll+0x21bb2]
C  [KERNEL32.DLL+0x17614]
C  [ntdll.dll+0x526a1]


---------------  P R O C E S S  ---------------

Threads class SMR info:
_java_thread_list=0x000001b448e2eb10, length=12, elements={
0x000001b42d832800, 0x000001b44738d000, 0x000001b44738d800, 0x000001b4473ab800,
0x000001b4473ad000, 0x000001b4473ae800, 0x000001b4473b1800, 0x000001b4473b2800,
0x000001b447d81800, 0x000001b447e80000, 0x000001b4486a8000, 0x000001b448cec800
}

Java Threads: ( => current thread )
  0x000001b42d832800 JavaThread "main" [_thread_in_native, id=3456, stack(0x0000008fce900000,0x0000008fcea00000)]
  0x000001b44738d000 JavaThread "Reference Handler" daemon [_thread_blocked, id=8728, stack(0x0000008fcf000000,0x0000008fcf100000)]
  0x000001b44738d800 JavaThread "Finalizer" daemon [_thread_blocked, id=9292, stack(0x0000008fcf100000,0x0000008fcf200000)]
  0x000001b4473ab800 JavaThread "Signal Dispatcher" daemon [_thread_blocked, id=6628, stack(0x0000008fcf200000,0x0000008fcf300000)]
  0x000001b4473ad000 JavaThread "Attach Listener" daemon [_thread_blocked, id=4988, stack(0x0000008fcf300000,0x0000008fcf400000)]
  0x000001b4473ae800 JavaThread "Service Thread" daemon [_thread_blocked, id=4944, stack(0x0000008fcf400000,0x0000008fcf500000)]
  0x000001b4473b1800 JavaThread "C2 CompilerThread0" daemon [_thread_in_native, id=6136, stack(0x0000008fcf500000,0x0000008fcf600000)]
=>0x000001b4473b2800 JavaThread "C1 CompilerThread0" daemon [_thread_in_native, id=10076, stack(0x0000008fcf600000,0x0000008fcf700000)]
  0x000001b447d81800 JavaThread "Sweeper thread" daemon [_thread_blocked, id=7668, stack(0x0000008fcf700000,0x0000008fcf800000)]
  0x000001b447e80000 JavaThread "Common-Cleaner" daemon [_thread_blocked, id=7268, stack(0x0000008fcf900000,0x0000008fcfa00000)]
  0x000001b4486a8000 JavaThread "pool-1-thread-1" [_thread_blocked, id=5532, stack(0x0000008fcfd00000,0x0000008fcfe00000)]
  0x000001b448cec800 JavaThread "Forward input" [_thread_blocked, id=3756, stack(0x0000008fd0000000,0x0000008fd0100000)]

Other Threads:
  0x000001b447367800 VMThread "VM Thread" [stack: 0x0000008fcef00000,0x0000008fcf000000] [id=7156]
  0x000001b447e77000 WatcherThread [stack: 0x0000008fcf800000,0x0000008fcf900000] [id=3040]
  0x000001b42d84a000 GCTaskThread "GC Thread#0" [stack: 0x0000008fcea00000,0x0000008fceb00000] [id=10140]
  0x000001b4480eb800 GCTaskThread "GC Thread#1" [stack: 0x0000008fcfa00000,0x0000008fcfb00000] [id=8816]
  0x000001b448254000 GCTaskThread "GC Thread#2" [stack: 0x0000008fcfb00000,0x0000008fcfc00000] [id=3036]
  0x000001b42d87c000 ConcurrentGCThread "G1 Main Marker" [stack: 0x0000008fceb00000,0x0000008fcec00000] [id=3408]
  0x000001b42d87d800 ConcurrentGCThread "G1 Conc#0" [stack: 0x0000008fcec00000,0x0000008fced00000] [id=1596]
  0x000001b42d90b000 ConcurrentGCThread "G1 Refine#0" [stack: 0x0000008fced00000,0x0000008fcee00000] [id=8496]
  0x000001b42d90d000 ConcurrentGCThread "G1 Young RemSet Sampling" [stack: 0x0000008fcee00000,0x0000008fcef00000] [id=6244]

Threads with active compile tasks:
C2 CompilerThread0     5971 1198       4       org.gradle.internal.logging.text.AbstractLineChoppingStyledTextOutput::access$900 (4 bytes)
C1 CompilerThread0     5971 1189       3       org.gradle.internal.logging.text.AbstractLineChoppingStyledTextOutput$1::execute (140 bytes)

VM state:not at safepoint (normal execution)

VM Mutex/Monitor currently owned by a thread: None

Heap address: 0x0000000081800000, size: 2024 MB, Compressed Oops mode: 32-bit
Narrow klass base: 0x0000000000000000, Narrow klass shift: 3
Compressed class space size: 1073741824 Address: 0x0000000100000000

Heap:
 garbage-first heap   total 131072K, used 27206K [0x0000000081800000, 0x0000000100000000)
  region size 1024K, 20 young (20480K), 2 survivors (2048K)
 Metaspace       used 15421K, capacity 15760K, committed 16000K, reserved 1062912K
  class space    used 1761K, capacity 1872K, committed 1920K, reserved 1048576K
Heap Regions: E=young(eden), S=young(survivor), O=old, HS=humongous(starts), HC=humongous(continues), CS=collection set, F=free, A=archive, TAMS=top-at-mark-start (previous, next)
|   0|0x0000000081800000, 0x0000000081900000, 0x0000000081900000|100%|HS|  |TAMS 0x0000000081800000, 0x0000000081800000| Complete 
|   1|0x0000000081900000, 0x0000000081a00000, 0x0000000081a00000|100%|HC|  |TAMS 0x0000000081900000, 0x0000000081900000| Complete 
|   2|0x0000000081a00000, 0x0000000081b00000, 0x0000000081b00000|100%|HC|  |TAMS 0x0000000081a00000, 0x0000000081a00000| Complete 
|   3|0x0000000081b00000, 0x0000000081c00000, 0x0000000081c00000|100%| O|  |TAMS 0x0000000081b00000, 0x0000000081b00000| Untracked 
|   4|0x0000000081c00000, 0x0000000081d00000, 0x0000000081d00000|100%| O|  |TAMS 0x0000000081c00000, 0x0000000081c00000| Untracked 
|   5|0x0000000081d00000, 0x0000000081e00000, 0x0000000081e00000|100%| O|  |TAMS 0x0000000081d00000, 0x0000000081d00000| Untracked 
|   6|0x0000000081e00000, 0x0000000081f00000, 0x0000000081f00000|100%| O|  |TAMS 0x0000000081e00000, 0x0000000081e00000| Untracked 
|   7|0x0000000081f00000, 0x0000000081f91a00, 0x0000000082000000| 56%| O|  |TAMS 0x0000000081f00000, 0x0000000081f00000| Untracked 
|   8|0x0000000082000000, 0x0000000082000000, 0x0000000082100000|  0%| F|  |TAMS 0x0000000082000000, 0x0000000082000000| Untracked 
|   9|0x0000000082100000, 0x0000000082100000, 0x0000000082200000|  0%| F|  |TAMS 0x0000000082100000, 0x0000000082100000| Untracked 
|  10|0x0000000082200000, 0x0000000082200000, 0x0000000082300000|  0%| F|  |TAMS 0x0000000082200000, 0x0000000082200000| Untracked 
|  11|0x0000000082300000, 0x0000000082300000, 0x0000000082400000|  0%| F|  |TAMS 0x0000000082300000, 0x0000000082300000| Untracked 
|  12|0x0000000082400000, 0x0000000082400000, 0x0000000082500000|  0%| F|  |TAMS 0x0000000082400000, 0x0000000082400000| Untracked 
|  13|0x0000000082500000, 0x0000000082500000, 0x0000000082600000|  0%| F|  |TAMS 0x0000000082500000, 0x0000000082500000| Untracked 
|  14|0x0000000082600000, 0x0000000082600000, 0x0000000082700000|  0%| F|  |TAMS 0x0000000082600000, 0x0000000082600000| Untracked 
|  15|0x0000000082700000, 0x0000000082700000, 0x0000000082800000|  0%| F|  |TAMS 0x0000000082700000, 0x0000000082700000| Untracked 
|  16|0x0000000082800000, 0x0000000082800000, 0x0000000082900000|  0%| F|  |TAMS 0x0000000082800000, 0x0000000082800000| Untracked 
|  17|0x0000000082900000, 0x0000000082900000, 0x0000000082a00000|  0%| F|  |TAMS 0x0000000082900000, 0x0000000082900000| Untracked 
|  18|0x0000000082a00000, 0x0000000082a00000, 0x0000000082b00000|  0%| F|  |TAMS 0x0000000082a00000, 0x0000000082a00000| Untracked 
|  19|0x0000000082b00000, 0x0000000082b00000, 0x0000000082c00000|  0%| F|  |TAMS 0x0000000082b00000, 0x0000000082b00000| Untracked 
|  20|0x0000000082c00000, 0x0000000082c00000, 0x0000000082d00000|  0%| F|  |TAMS 0x0000000082c00000, 0x0000000082c00000| Untracked 
|  21|0x0000000082d00000, 0x0000000082d00000, 0x0000000082e00000|  0%| F|  |TAMS 0x0000000082d00000, 0x0000000082d00000| Untracked 
|  22|0x0000000082e00000, 0x0000000082e00000, 0x0000000082f00000|  0%| F|  |TAMS 0x0000000082e00000, 0x0000000082e00000| Untracked 
|  23|0x0000000082f00000, 0x0000000082f00000, 0x0000000083000000|  0%| F|  |TAMS 0x0000000082f00000, 0x0000000082f00000| Untracked 
|  24|0x0000000083000000, 0x0000000083000000, 0x0000000083100000|  0%| F|  |TAMS 0x0000000083000000, 0x0000000083000000| Untracked 
|  25|0x0000000083100000, 0x0000000083100000, 0x0000000083200000|  0%| F|  |TAMS 0x0000000083100000, 0x0000000083100000| Untracked 
|  26|0x0000000083200000, 0x0000000083200000, 0x0000000083300000|  0%| F|  |TAMS 0x0000000083200000, 0x0000000083200000| Untracked 
|  27|0x0000000083300000, 0x0000000083300000, 0x0000000083400000|  0%| F|  |TAMS 0x0000000083300000, 0x0000000083300000| Untracked 
|  28|0x0000000083400000, 0x0000000083400000, 0x0000000083500000|  0%| F|  |TAMS 0x0000000083400000, 0x0000000083400000| Untracked 
|  29|0x0000000083500000, 0x0000000083500000, 0x0000000083600000|  0%| F|  |TAMS 0x0000000083500000, 0x0000000083500000| Untracked 
|  30|0x0000000083600000, 0x0000000083600000, 0x0000000083700000|  0%| F|  |TAMS 0x0000000083600000, 0x0000000083600000| Untracked 
|  31|0x0000000083700000, 0x0000000083700000, 0x0000000083800000|  0%| F|  |TAMS 0x0000000083700000, 0x0000000083700000| Untracked 
|  32|0x0000000083800000, 0x0000000083800000, 0x0000000083900000|  0%| F|  |TAMS 0x0000000083800000, 0x0000000083800000| Untracked 
|  33|0x0000000083900000, 0x0000000083900000, 0x0000000083a00000|  0%| F|  |TAMS 0x0000000083900000, 0x0000000083900000| Untracked 
|  34|0x0000000083a00000, 0x0000000083a00000, 0x0000000083b00000|  0%| F|  |TAMS 0x0000000083a00000, 0x0000000083a00000| Untracked 
|  35|0x0000000083b00000, 0x0000000083b00000, 0x0000000083c00000|  0%| F|  |TAMS 0x0000000083b00000, 0x0000000083b00000| Untracked 
|  36|0x0000000083c00000, 0x0000000083c00000, 0x0000000083d00000|  0%| F|  |TAMS 0x0000000083c00000, 0x0000000083c00000| Untracked 
|  37|0x0000000083d00000, 0x0000000083d00000, 0x0000000083e00000|  0%| F|  |TAMS 0x0000000083d00000, 0x0000000083d00000| Untracked 
|  38|0x0000000083e00000, 0x0000000083e00000, 0x0000000083f00000|  0%| F|  |TAMS 0x0000000083e00000, 0x0000000083e00000| Untracked 
|  39|0x0000000083f00000, 0x0000000083f00000, 0x0000000084000000|  0%| F|  |TAMS 0x0000000083f00000, 0x0000000083f00000| Untracked 
|  40|0x0000000084000000, 0x0000000084000000, 0x0000000084100000|  0%| F|  |TAMS 0x0000000084000000, 0x0000000084000000| Untracked 
|  41|0x0000000084100000, 0x0000000084100000, 0x0000000084200000|  0%| F|  |TAMS 0x0000000084100000, 0x0000000084100000| Untracked 
|  42|0x0000000084200000, 0x0000000084200000, 0x0000000084300000|  0%| F|  |TAMS 0x0000000084200000, 0x0000000084200000| Untracked 
|  43|0x0000000084300000, 0x0000000084300000, 0x0000000084400000|  0%| F|  |TAMS 0x0000000084300000, 0x0000000084300000| Untracked 
|  44|0x0000000084400000, 0x0000000084400000, 0x0000000084500000|  0%| F|  |TAMS 0x0000000084400000, 0x0000000084400000| Untracked 
|  45|0x0000000084500000, 0x0000000084500000, 0x0000000084600000|  0%| F|  |TAMS 0x0000000084500000, 0x0000000084500000| Untracked 
|  46|0x0000000084600000, 0x0000000084600000, 0x0000000084700000|  0%| F|  |TAMS 0x0000000084600000, 0x0000000084600000| Untracked 
|  47|0x0000000084700000, 0x0000000084700000, 0x0000000084800000|  0%| F|  |TAMS 0x0000000084700000, 0x0000000084700000| Untracked 
|  48|0x0000000084800000, 0x0000000084800000, 0x0000000084900000|  0%| F|  |TAMS 0x0000000084800000, 0x0000000084800000| Untracked 
|  49|0x0000000084900000, 0x0000000084900000, 0x0000000084a00000|  0%| F|  |TAMS 0x0000000084900000, 0x0000000084900000| Untracked 
|  50|0x0000000084a00000, 0x0000000084a00000, 0x0000000084b00000|  0%| F|  |TAMS 0x0000000084a00000, 0x0000000084a00000| Untracked 
|  51|0x0000000084b00000, 0x0000000084b00000, 0x0000000084c00000|  0%| F|  |TAMS 0x0000000084b00000, 0x0000000084b00000| Untracked 
|  52|0x0000000084c00000, 0x0000000084c00000, 0x0000000084d00000|  0%| F|  |TAMS 0x0000000084c00000, 0x0000000084c00000| Untracked 
|  53|0x0000000084d00000, 0x0000000084d00000, 0x0000000084e00000|  0%| F|  |TAMS 0x0000000084d00000, 0x0000000084d00000| Untracked 
|  54|0x0000000084e00000, 0x0000000084e00000, 0x0000000084f00000|  0%| F|  |TAMS 0x0000000084e00000, 0x0000000084e00000| Untracked 
|  55|0x0000000084f00000, 0x0000000084f00000, 0x0000000085000000|  0%| F|  |TAMS 0x0000000084f00000, 0x0000000084f00000| Untracked 
|  56|0x0000000085000000, 0x0000000085000000, 0x0000000085100000|  0%| F|  |TAMS 0x0000000085000000, 0x0000000085000000| Untracked 
|  57|0x0000000085100000, 0x0000000085100000, 0x0000000085200000|  0%| F|  |TAMS 0x0000000085100000, 0x0000000085100000| Untracked 
|  58|0x0000000085200000, 0x0000000085200000, 0x0000000085300000|  0%| F|  |TAMS 0x0000000085200000, 0x0000000085200000| Untracked 
|  59|0x0000000085300000, 0x0000000085300000, 0x0000000085400000|  0%| F|  |TAMS 0x0000000085300000, 0x0000000085300000| Untracked 
|  60|0x0000000085400000, 0x0000000085400000, 0x0000000085500000|  0%| F|  |TAMS 0x0000000085400000, 0x0000000085400000| Untracked 
|  61|0x0000000085500000, 0x0000000085500000, 0x0000000085600000|  0%| F|  |TAMS 0x0000000085500000, 0x0000000085500000| Untracked 
|  62|0x0000000085600000, 0x0000000085600000, 0x0000000085700000|  0%| F|  |TAMS 0x0000000085600000, 0x0000000085600000| Untracked 
|  63|0x0000000085700000, 0x0000000085700000, 0x0000000085800000|  0%| F|  |TAMS 0x0000000085700000, 0x0000000085700000| Untracked 
|  64|0x0000000085800000, 0x0000000085800000, 0x0000000085900000|  0%| F|  |TAMS 0x0000000085800000, 0x0000000085800000| Untracked 
|  65|0x0000000085900000, 0x0000000085900000, 0x0000000085a00000|  0%| F|  |TAMS 0x0000000085900000, 0x0000000085900000| Untracked 
|  66|0x0000000085a00000, 0x0000000085a00000, 0x0000000085b00000|  0%| F|  |TAMS 0x0000000085a00000, 0x0000000085a00000| Untracked 
|  67|0x0000000085b00000, 0x0000000085b00000, 0x0000000085c00000|  0%| F|  |TAMS 0x0000000085b00000, 0x0000000085b00000| Untracked 
|  68|0x0000000085c00000, 0x0000000085c00000, 0x0000000085d00000|  0%| F|  |TAMS 0x0000000085c00000, 0x0000000085c00000| Untracked 
|  69|0x0000000085d00000, 0x0000000085d00000, 0x0000000085e00000|  0%| F|  |TAMS 0x0000000085d00000, 0x0000000085d00000| Untracked 
|  70|0x0000000085e00000, 0x0000000085e00000, 0x0000000085f00000|  0%| F|  |TAMS 0x0000000085e00000, 0x0000000085e00000| Untracked 
|  71|0x0000000085f00000, 0x0000000085f00000, 0x0000000086000000|  0%| F|  |TAMS 0x0000000085f00000, 0x0000000085f00000| Untracked 
|  72|0x0000000086000000, 0x0000000086000000, 0x0000000086100000|  0%| F|  |TAMS 0x0000000086000000, 0x0000000086000000| Untracked 
|  73|0x0000000086100000, 0x0000000086100000, 0x0000000086200000|  0%| F|  |TAMS 0x0000000086100000, 0x0000000086100000| Untracked 
|  74|0x0000000086200000, 0x0000000086200000, 0x0000000086300000|  0%| F|  |TAMS 0x0000000086200000, 0x0000000086200000| Untracked 
|  75|0x0000000086300000, 0x0000000086300000, 0x0000000086400000|  0%| F|  |TAMS 0x0000000086300000, 0x0000000086300000| Untracked 
|  76|0x0000000086400000, 0x0000000086400000, 0x0000000086500000|  0%| F|  |TAMS 0x0000000086400000, 0x0000000086400000| Untracked 
|  77|0x0000000086500000, 0x0000000086500000, 0x0000000086600000|  0%| F|  |TAMS 0x0000000086500000, 0x0000000086500000| Untracked 
|  78|0x0000000086600000, 0x0000000086600000, 0x0000000086700000|  0%| F|  |TAMS 0x0000000086600000, 0x0000000086600000| Untracked 
|  79|0x0000000086700000, 0x0000000086700000, 0x0000000086800000|  0%| F|  |TAMS 0x0000000086700000, 0x0000000086700000| Untracked 
|  80|0x0000000086800000, 0x0000000086800000, 0x0000000086900000|  0%| F|  |TAMS 0x0000000086800000, 0x0000000086800000| Untracked 
|  81|0x0000000086900000, 0x0000000086900000, 0x0000000086a00000|  0%| F|  |TAMS 0x0000000086900000, 0x0000000086900000| Untracked 
|  82|0x0000000086a00000, 0x0000000086a00000, 0x0000000086b00000|  0%| F|  |TAMS 0x0000000086a00000, 0x0000000086a00000| Untracked 
|  83|0x0000000086b00000, 0x0000000086b00000, 0x0000000086c00000|  0%| F|  |TAMS 0x0000000086b00000, 0x0000000086b00000| Untracked 
|  84|0x0000000086c00000, 0x0000000086c00000, 0x0000000086d00000|  0%| F|  |TAMS 0x0000000086c00000, 0x0000000086c00000| Untracked 
|  85|0x0000000086d00000, 0x0000000086d00000, 0x0000000086e00000|  0%| F|  |TAMS 0x0000000086d00000, 0x0000000086d00000| Untracked 
|  86|0x0000000086e00000, 0x0000000086e00000, 0x0000000086f00000|  0%| F|  |TAMS 0x0000000086e00000, 0x0000000086e00000| Untracked 
|  87|0x0000000086f00000, 0x0000000086f00000, 0x0000000087000000|  0%| F|  |TAMS 0x0000000086f00000, 0x0000000086f00000| Untracked 
|  88|0x0000000087000000, 0x0000000087000000, 0x0000000087100000|  0%| F|  |TAMS 0x0000000087000000, 0x0000000087000000| Untracked 
|  89|0x0000000087100000, 0x0000000087100000, 0x0000000087200000|  0%| F|  |TAMS 0x0000000087100000, 0x0000000087100000| Untracked 
|  90|0x0000000087200000, 0x0000000087200000, 0x0000000087300000|  0%| F|  |TAMS 0x0000000087200000, 0x0000000087200000| Untracked 
|  91|0x0000000087300000, 0x0000000087300000, 0x0000000087400000|  0%| F|  |TAMS 0x0000000087300000, 0x0000000087300000| Untracked 
|  92|0x0000000087400000, 0x0000000087400000, 0x0000000087500000|  0%| F|  |TAMS 0x0000000087400000, 0x0000000087400000| Untracked 
|  93|0x0000000087500000, 0x0000000087500000, 0x0000000087600000|  0%| F|  |TAMS 0x0000000087500000, 0x0000000087500000| Untracked 
|  94|0x0000000087600000, 0x0000000087600000, 0x0000000087700000|  0%| F|  |TAMS 0x0000000087600000, 0x0000000087600000| Untracked 
|  95|0x0000000087700000, 0x0000000087700000, 0x0000000087800000|  0%| F|  |TAMS 0x0000000087700000, 0x0000000087700000| Untracked 
|  96|0x0000000087800000, 0x0000000087800000, 0x0000000087900000|  0%| F|  |TAMS 0x0000000087800000, 0x0000000087800000| Untracked 
|  97|0x0000000087900000, 0x0000000087900000, 0x0000000087a00000|  0%| F|  |TAMS 0x0000000087900000, 0x0000000087900000| Untracked 
|  98|0x0000000087a00000, 0x0000000087a00000, 0x0000000087b00000|  0%| F|  |TAMS 0x0000000087a00000, 0x0000000087a00000| Untracked 
|  99|0x0000000087b00000, 0x0000000087b00000, 0x0000000087c00000|  0%| F|  |TAMS 0x0000000087b00000, 0x0000000087b00000| Untracked 
| 100|0x0000000087c00000, 0x0000000087c00000, 0x0000000087d00000|  0%| F|  |TAMS 0x0000000087c00000, 0x0000000087c00000| Untracked 
| 101|0x0000000087d00000, 0x0000000087d00000, 0x0000000087e00000|  0%| F|  |TAMS 0x0000000087d00000, 0x0000000087d00000| Untracked 
| 102|0x0000000087e00000, 0x0000000087e00000, 0x0000000087f00000|  0%| F|  |TAMS 0x0000000087e00000, 0x0000000087e00000| Untracked 
| 103|0x0000000087f00000, 0x0000000087f00000, 0x0000000088000000|  0%| F|  |TAMS 0x0000000087f00000, 0x0000000087f00000| Untracked 
| 104|0x0000000088000000, 0x0000000088000000, 0x0000000088100000|  0%| F|  |TAMS 0x0000000088000000, 0x0000000088000000| Untracked 
| 105|0x0000000088100000, 0x0000000088100000, 0x0000000088200000|  0%| F|  |TAMS 0x0000000088100000, 0x0000000088100000| Untracked 
| 106|0x0000000088200000, 0x0000000088200000, 0x0000000088300000|  0%| F|  |TAMS 0x0000000088200000, 0x0000000088200000| Untracked 
| 107|0x0000000088300000, 0x0000000088300000, 0x0000000088400000|  0%| F|  |TAMS 0x0000000088300000, 0x0000000088300000| Untracked 
| 108|0x0000000088400000, 0x0000000088400800, 0x0000000088500000|  0%| E|  |TAMS 0x0000000088400000, 0x0000000088400000| Complete 
| 109|0x0000000088500000, 0x0000000088600000, 0x0000000088600000|100%| E|CS|TAMS 0x0000000088500000, 0x0000000088500000| Complete 
| 110|0x0000000088600000, 0x0000000088700000, 0x0000000088700000|100%| E|CS|TAMS 0x0000000088600000, 0x0000000088600000| Complete 
| 111|0x0000000088700000, 0x0000000088800000, 0x0000000088800000|100%| E|CS|TAMS 0x0000000088700000, 0x0000000088700000| Complete 
| 112|0x0000000088800000, 0x0000000088900000, 0x0000000088900000|100%| E|CS|TAMS 0x0000000088800000, 0x0000000088800000| Complete 
| 113|0x0000000088900000, 0x0000000088a00000, 0x0000000088a00000|100%| E|CS|TAMS 0x0000000088900000, 0x0000000088900000| Complete 
| 114|0x0000000088a00000, 0x0000000088b00000, 0x0000000088b00000|100%| E|CS|TAMS 0x0000000088a00000, 0x0000000088a00000| Complete 
| 115|0x0000000088b00000, 0x0000000088c00000, 0x0000000088c00000|100%| S|CS|TAMS 0x0000000088b00000, 0x0000000088b00000| Complete 
| 116|0x0000000088c00000, 0x0000000088d00000, 0x0000000088d00000|100%| S|CS|TAMS 0x0000000088c00000, 0x0000000088c00000| Complete 
| 117|0x0000000088d00000, 0x0000000088e00000, 0x0000000088e00000|100%| E|CS|TAMS 0x0000000088d00000, 0x0000000088d00000| Complete 
| 118|0x0000000088e00000, 0x0000000088f00000, 0x0000000088f00000|100%| E|CS|TAMS 0x0000000088e00000, 0x0000000088e00000| Complete 
| 119|0x0000000088f00000, 0x0000000089000000, 0x0000000089000000|100%| E|CS|TAMS 0x0000000088f00000, 0x0000000088f00000| Complete 
| 120|0x0000000089000000, 0x0000000089100000, 0x0000000089100000|100%| E|CS|TAMS 0x0000000089000000, 0x0000000089000000| Complete 
| 121|0x0000000089100000, 0x0000000089200000, 0x0000000089200000|100%| E|CS|TAMS 0x0000000089100000, 0x0000000089100000| Complete 
| 122|0x0000000089200000, 0x0000000089300000, 0x0000000089300000|100%| E|CS|TAMS 0x0000000089200000, 0x0000000089200000| Complete 
| 123|0x0000000089300000, 0x0000000089400000, 0x0000000089400000|100%| E|CS|TAMS 0x0000000089300000, 0x0000000089300000| Complete 
| 124|0x0000000089400000, 0x0000000089500000, 0x0000000089500000|100%| E|CS|TAMS 0x0000000089400000, 0x0000000089400000| Complete 
| 125|0x0000000089500000, 0x0000000089600000, 0x0000000089600000|100%| E|CS|TAMS 0x0000000089500000, 0x0000000089500000| Complete 
| 126|0x0000000089600000, 0x0000000089700000, 0x0000000089700000|100%| E|CS|TAMS 0x0000000089600000, 0x0000000089600000| Complete 
| 127|0x0000000089700000, 0x0000000089800000, 0x0000000089800000|100%| E|CS|TAMS 0x0000000089700000, 0x0000000089700000| Complete 

Card table byte_map: [0x000001b440760000,0x000001b440b60000] _byte_map_base: 0x000001b440354000

Marking Bits (Prev, Next): (CMBitMap*) 0x000001b42d873508, (CMBitMap*) 0x000001b42d873540
 Prev Bits: [0x000001b440f60000, 0x000001b442f00000)
 Next Bits: [0x000001b442f00000, 0x000001b444ea0000)

Polling page: 0x000001b42b6e0000

Metaspace:

Usage:
  Non-class:     13.56 MB capacity,    13.34 MB ( 98%) used,   205.59 KB (  1%) free+waste,    21.81 KB ( <1%) overhead. 
      Class:      1.83 MB capacity,     1.72 MB ( 94%) used,   100.13 KB (  5%) free+waste,    10.62 KB ( <1%) overhead. 
       Both:     15.39 MB capacity,    15.06 MB ( 98%) used,   305.73 KB (  2%) free+waste,    32.44 KB ( <1%) overhead. 

Virtual space:
  Non-class space:       14.00 MB reserved,      13.75 MB ( 98%) committed 
      Class space:        1.00 GB reserved,       1.88 MB ( <1%) committed 
             Both:        1.01 GB reserved,      15.62 MB (  2%) committed 

Chunk freelists:
   Non-Class:  0 bytes
       Class:  16.00 KB
        Both:  16.00 KB

MaxMetaspaceSize: 17179869184.00 GB
CompressedClassSpaceSize: 1.00 GB
Initial GC threshold: 20.80 MB
Current GC threshold: 20.80 MB
CDS: off

CodeHeap 'non-profiled nmethods': size=120064Kb used=431Kb max_used=431Kb free=119632Kb
 bounds [0x000001b438e20000, 0x000001b439090000, 0x000001b440360000]
CodeHeap 'profiled nmethods': size=120000Kb used=2129Kb max_used=2129Kb free=117870Kb
 bounds [0x000001b4318f0000, 0x000001b431b60000, 0x000001b438e20000]
CodeHeap 'non-nmethods': size=5696Kb used=1160Kb max_used=1169Kb free=4536Kb
 bounds [0x000001b431360000, 0x000001b4315d0000, 0x000001b4318f0000]
 total_blobs=1613 nmethods=1191 adapters=335
 compilation: enabled
              stopped_count=0, restarted_count=0
 full_count=0

Compilation events (20 events):
Event: 5.648 Thread 0x000001b4473b2800 1184       3       com.esotericsoftware.kryo.io.Input::readUtf8 (90 bytes)
Event: 5.649 Thread 0x000001b4473b2800 nmethod 1184 0x000001b431b01910 code [0x000001b431b01b00, 0x000001b431b01f18]
Event: 5.649 Thread 0x000001b4473b2800 1182       3       java.lang.Enum::compareTo (44 bytes)
Event: 5.649 Thread 0x000001b4473b2800 nmethod 1182 0x000001b431b02110 code [0x000001b431b02320, 0x000001b431b02808]
Event: 5.705 Thread 0x000001b4473b2800 1185       3       org.gradle.internal.logging.text.AbstractLineChoppingStyledTextOutput$StateContext::hasChar (25 bytes)
Event: 5.706 Thread 0x000001b4473b2800 nmethod 1185 0x000001b431b02a10 code [0x000001b431b02bc0, 0x000001b431b02d38]
Event: 5.706 Thread 0x000001b4473b2800 1186       3       org.gradle.internal.logging.text.AbstractLineChoppingStyledTextOutput$StateContext::setState (10 bytes)
Event: 5.706 Thread 0x000001b4473b2800 nmethod 1186 0x000001b431b02e10 code [0x000001b431b02fc0, 0x000001b431b03178]
Event: 5.706 Thread 0x000001b4473b2800 1187       3       org.gradle.internal.logging.text.AbstractLineChoppingStyledTextOutput::access$402 (7 bytes)
Event: 5.706 Thread 0x000001b4473b2800 nmethod 1187 0x000001b431b03290 code [0x000001b431b03440, 0x000001b431b03578]
Event: 5.706 Thread 0x000001b4473b2800 1195       3       org.gradle.internal.logging.text.AbstractLineChoppingStyledTextOutput::access$900 (4 bytes)
Event: 5.706 Thread 0x000001b4473b2800 nmethod 1195 0x000001b431b03690 code [0x000001b431b03840, 0x000001b431b03938]
Event: 5.706 Thread 0x000001b4473b2800 1197       3       sun.nio.cs.SingleByte$Encoder::encode (32 bytes)
Event: 5.706 Thread 0x000001b4473b2800 nmethod 1197 0x000001b431b03a10 code [0x000001b431b03bc0, 0x000001b431b03d78]
Event: 5.706 Thread 0x000001b4473b2800 1196       3       org.gradle.internal.logging.text.AbstractLineChoppingStyledTextOutput$StateContext::next (11 bytes)
Event: 5.706 Thread 0x000001b4473b2800 nmethod 1196 0x000001b431b03e90 code [0x000001b431b04040, 0x000001b431b04138]
Event: 5.706 Thread 0x000001b4473b2800 1188       3       org.gradle.internal.logging.text.AbstractLineChoppingStyledTextOutput$1::execute (9 bytes)
Event: 5.706 Thread 0x000001b4473b2800 nmethod 1188 0x000001b431b04210 code [0x000001b431b043e0, 0x000001b431b045e8]
Event: 5.706 Thread 0x000001b4473b2800 1189       3       org.gradle.internal.logging.text.AbstractLineChoppingStyledTextOutput$1::execute (140 bytes)
Event: 5.707 Thread 0x000001b4473b1800 1198       4       org.gradle.internal.logging.text.AbstractLineChoppingStyledTextOutput::access$900 (4 bytes)

GC Heap History (4 events):
Event: 0.681 GC heap before
{Heap before GC invocations=0 (full 0):
 garbage-first heap   total 131072K, used 16384K [0x0000000081800000, 0x0000000100000000)
  region size 1024K, 14 young (14336K), 0 survivors (0K)
 Metaspace       used 8242K, capacity 8516K, committed 8832K, reserved 1056768K
  class space    used 733K, capacity 791K, committed 896K, reserved 1048576K
}
Event: 0.686 GC heap after
{Heap after GC invocations=1 (full 0):
 garbage-first heap   total 131072K, used 3304K [0x0000000081800000, 0x0000000100000000)
  region size 1024K, 2 young (2048K), 2 survivors (2048K)
 Metaspace       used 8242K, capacity 8516K, committed 8832K, reserved 1056768K
  class space    used 733K, capacity 791K, committed 896K, reserved 1048576K
}
Event: 0.958 GC heap before
{Heap before GC invocations=1 (full 0):
 garbage-first heap   total 131072K, used 17640K [0x0000000081800000, 0x0000000100000000)
  region size 1024K, 13 young (13312K), 2 survivors (2048K)
 Metaspace       used 10752K, capacity 11061K, committed 11264K, reserved 1058816K
  class space    used 1101K, capacity 1176K, committed 1280K, reserved 1048576K
}
Event: 0.962 GC heap after
{Heap after GC invocations=2 (full 0):
 garbage-first heap   total 131072K, used 9798K [0x0000000081800000, 0x0000000100000000)
  region size 1024K, 2 young (2048K), 2 survivors (2048K)
 Metaspace       used 10752K, capacity 11061K, committed 11264K, reserved 1058816K
  class space    used 1101K, capacity 1176K, committed 1280K, reserved 1048576K
}

Deoptimization events (20 events):
Event: 0.917 Thread 0x000001b42d832800 Uncommon trap: trap_request=0xffffff4d fr.pc=0x000001b438e60954 relative=0x0000000000000214
Event: 0.917 Thread 0x000001b42d832800 Uncommon trap: reason=unstable_if action=reinterpret pc=0x000001b438e60954 method=java.util.HashMap.hash(Ljava/lang/Object;)I @ 1 c2
Event: 0.917 Thread 0x000001b42d832800 DEOPT PACKING pc=0x000001b438e60954 sp=0x0000008fce9fcd50
Event: 0.917 Thread 0x000001b42d832800 DEOPT UNPACKING pc=0x000001b4313aa1af sp=0x0000008fce9fcc88 mode 2
Event: 1.122 Thread 0x000001b42d832800 DEOPT PACKING pc=0x000001b43199f7ff sp=0x0000008fce9f9990
Event: 1.122 Thread 0x000001b42d832800 DEOPT UNPACKING pc=0x000001b4313aa95e sp=0x0000008fce9f8de0 mode 0
Event: 1.180 Thread 0x000001b42d832800 DEOPT PACKING pc=0x000001b4319e2830 sp=0x0000008fce9f8480
Event: 1.180 Thread 0x000001b42d832800 DEOPT UNPACKING pc=0x000001b4313aa95e sp=0x0000008fce9f7998 mode 0
Event: 1.189 Thread 0x000001b42d832800 Uncommon trap: trap_request=0xffffff4d fr.pc=0x000001b438e71d60 relative=0x00000000000001a0
Event: 1.189 Thread 0x000001b42d832800 Uncommon trap: reason=unstable_if action=reinterpret pc=0x000001b438e71d60 method=java.util.HashMap.getNode(ILjava/lang/Object;)Ljava/util/HashMap$Node; @ 129 c2
Event: 1.189 Thread 0x000001b42d832800 DEOPT PACKING pc=0x000001b438e71d60 sp=0x0000008fce9fa350
Event: 1.189 Thread 0x000001b42d832800 DEOPT UNPACKING pc=0x000001b4313aa1af sp=0x0000008fce9fa250 mode 2
Event: 1.430 Thread 0x000001b42d832800 Uncommon trap: trap_request=0xffffff4d fr.pc=0x000001b438e56588 relative=0x0000000000000548
Event: 1.430 Thread 0x000001b42d832800 Uncommon trap: reason=unstable_if action=reinterpret pc=0x000001b438e56588 method=java.lang.AbstractStringBuilder.append(Ljava/lang/String;)Ljava/lang/AbstractStringBuilder; @ 1 c2
Event: 1.430 Thread 0x000001b42d832800 DEOPT PACKING pc=0x000001b438e56588 sp=0x0000008fce9fc2f0
Event: 1.430 Thread 0x000001b42d832800 DEOPT UNPACKING pc=0x000001b4313aa1af sp=0x0000008fce9fc270 mode 2
Event: 1.430 Thread 0x000001b42d832800 Uncommon trap: trap_request=0xffffff4d fr.pc=0x000001b438e5215c relative=0x000000000000051c
Event: 1.430 Thread 0x000001b42d832800 Uncommon trap: reason=unstable_if action=reinterpret pc=0x000001b438e5215c method=java.lang.AbstractStringBuilder.append(Ljava/lang/String;)Ljava/lang/AbstractStringBuilder; @ 1 c2
Event: 1.430 Thread 0x000001b42d832800 DEOPT PACKING pc=0x000001b438e5215c sp=0x0000008fce9fc290
Event: 1.430 Thread 0x000001b42d832800 DEOPT UNPACKING pc=0x000001b4313aa1af sp=0x0000008fce9fc278 mode 2

Classes redefined (0 events):
No events

Internal exceptions (14 events):
Event: 0.281 Thread 0x000001b42d832800 Exception <a 'java/lang/NoSuchMethodError'{0x000000008968a538}: 'int java.lang.invoke.DirectMethodHandle$Holder.invokeSpecialIFC(java.lang.Object, java.lang.Object, int)'> (0x000000008968a538) thrown at [src/hotspot/share/interpreter/linkResolver.cpp, line 773]
Event: 0.382 Thread 0x000001b42d832800 Exception <a 'java/lang/NoSuchMethodError'{0x00000000894619f0}: 'int java.lang.invoke.DirectMethodHandle$Holder.invokeStaticInit(java.lang.Object, java.lang.Object)'> (0x00000000894619f0) thrown at [src/hotspot/share/interpreter/linkResolver.cpp, line 773]
Event: 0.432 Thread 0x000001b42d832800 Exception <a 'java/lang/NoSuchMethodError'{0x0000000089331e40}: 'int java.lang.invoke.DirectMethodHandle$Holder.invokeSpecial(java.lang.Object, java.lang.Object, java.lang.Object, java.lang.Object)'> (0x0000000089331e40) thrown at [src/hotspot/share/interpreter/linkResolver.cpp, line 773]
Event: 0.917 Thread 0x000001b42d832800 Implicit null exception at 0x000001b438e60775 to 0x000001b438e60944
Event: 0.938 Thread 0x000001b42d832800 Exception <a 'java/lang/NoClassDefFoundError'{0x0000000088ed05b8}: org/slf4j/impl/StaticMarkerBinder> (0x0000000088ed05b8) thrown at [src/hotspot/share/classfile/systemDictionary.cpp, line 219]
Event: 0.950 Thread 0x000001b42d832800 Exception <a 'java/lang/NoSuchMethodError'{0x0000000088dcd9f8}: 'java.lang.Object java.lang.invoke.DirectMethodHandle$Holder.invokeVirtual(java.lang.Object, java.lang.Object, java.lang.Object, java.lang.Object, java.lang.Object, java.lang.Object, java.lang.Object)'> (0x0000000088dcd9f8) thrown at [src/hotspot/share/interpreter/linkResolver.cpp, line 773]
Event: 0.954 Thread 0x000001b42d832800 Exception <a 'java/lang/NoSuchMethodError'{0x0000000088de1b78}: 'java.lang.Object java.lang.invoke.Invokers$Holder.invoker(java.lang.Object, java.lang.Object, java.lang.Object)'> (0x0000000088de1b78) thrown at [src/hotspot/share/interpreter/linkResolver.cpp, line 773]
Event: 0.957 Thread 0x000001b42d832800 Exception <a 'java/lang/NoSuchMethodError'{0x0000000088df2818}: 'void java.lang.invoke.DelegatingMethodHandle$Holder.delegate(java.lang.Object, java.lang.Object, int, java.lang.Object)'> (0x0000000088df2818) thrown at [src/hotspot/share/interpreter/linkResolver.cpp, line 773]
Event: 1.055 Thread 0x000001b42d832800 Exception <a 'java/lang/NoSuchMethodError'{0x000000008912bd68}: 'java.lang.Object java.lang.invoke.DirectMethodHandle$Holder.invokeInterface(java.lang.Object, java.lang.Object, java.lang.Object)'> (0x000000008912bd68) thrown at [src/hotspot/share/interpreter/linkResolver.cpp, line 773]
Event: 1.108 Thread 0x000001b42d832800 Exception <a 'java/lang/NoSuchMethodError'{0x0000000088fd5818}: 'java.lang.Object java.lang.invoke.DirectMethodHandle$Holder.invokeStaticInit(java.lang.Object, java.lang.Object, java.lang.Object)'> (0x0000000088fd5818) thrown at [src/hotspot/share/interpreter/linkResolver.cpp, line 773]
Event: 1.209 Thread 0x000001b42d832800 Exception <a 'java/lang/NoSuchMethodError'{0x00000000888c7d58}: 'java.lang.Object java.lang.invoke.DirectMethodHandle$Holder.invokeStaticInit(java.lang.Object, int, int, int, int)'> (0x00000000888c7d58) thrown at [src/hotspot/share/interpreter/linkResolver.cpp, line 773]
Event: 1.308 Thread 0x000001b42d832800 Exception <a 'java/lang/NoSuchMethodError'{0x000000008870f1d8}: 'java.lang.Object java.lang.invoke.DirectMethodHandle$Holder.invokeStaticInit(java.lang.Object, java.lang.Object, int, int, int, int)'> (0x000000008870f1d8) thrown at [src/hotspot/share/interpreter/linkResolver.cpp, line 773]
Event: 1.430 Thread 0x000001b42d832800 Implicit null exception at 0x000001b438e56074 to 0x000001b438e56570
Event: 1.430 Thread 0x000001b42d832800 Implicit null exception at 0x000001b438e51c74 to 0x000001b438e52144

Events (20 events):
Event: 1.617 loading class jdk/internal/reflect/Label$PatchInfo
Event: 1.617 loading class jdk/internal/reflect/Label$PatchInfo done
Event: 1.617 loading class jdk/internal/reflect/MethodAccessorGenerator$1
Event: 1.617 loading class jdk/internal/reflect/MethodAccessorGenerator$1 done
Event: 1.617 loading class jdk/internal/reflect/ClassDefiner
Event: 1.617 loading class jdk/internal/reflect/ClassDefiner done
Event: 1.617 loading class jdk/internal/reflect/ClassDefiner$1
Event: 1.617 loading class jdk/internal/reflect/ClassDefiner$1 done
Event: 5.597 loading class com/google/common/collect/CollectPreconditions
Event: 5.597 loading class com/google/common/collect/CollectPreconditions done
Event: 5.598 loading class org/gradle/internal/logging/events/StyledTextOutputEvent$Span
Event: 5.598 loading class org/gradle/internal/logging/events/StyledTextOutputEvent$Span done
Event: 5.598 loading class org/gradle/internal/logging/events/operations/StyledTextBuildOperationProgressDetails$Span
Event: 5.598 loading class org/gradle/internal/logging/events/operations/StyledTextBuildOperationProgressDetails$Span done
Event: 5.598 loading class org/gradle/internal/operations/logging/StyledTextBuildOperationProgressDetails$Span
Event: 5.598 loading class org/gradle/internal/operations/logging/StyledTextBuildOperationProgressDetails$Span done
Event: 5.598 Executing VM operation: RevokeBias
Event: 5.598 Executing VM operation: RevokeBias done
Event: 5.613 loading class org/gradle/internal/logging/text/AbstractLineChoppingStyledTextOutput$StateContext
Event: 5.613 loading class org/gradle/internal/logging/text/AbstractLineChoppingStyledTextOutput$StateContext done


Dynamic libraries:
0x00007ff640060000 - 0x00007ff64006a000 	C:\Program Files\Android\Android Studio\jbr\bin\java.exe
0x00007ff852950000 - 0x00007ff852b48000 	C:\Windows\SYSTEM32\ntdll.dll
0x00007ff8525c0000 - 0x00007ff85267f000 	C:\Windows\System32\KERNEL32.DLL
0x00007ff8503f0000 - 0x00007ff8506e6000 	C:\Windows\System32\KERNELBASE.dll
0x00007ff8502f0000 - 0x00007ff8503f0000 	C:\Windows\System32\ucrtbase.dll
0x00007ff84b9d0000 - 0x00007ff84b9e7000 	C:\Program Files\Android\Android Studio\jbr\bin\jli.dll
0x00007ff851d30000 - 0x00007ff851ecd000 	C:\Windows\System32\USER32.dll
0x00007ff8506f0000 - 0x00007ff850712000 	C:\Windows\System32\win32u.dll
0x00007ff852730000 - 0x00007ff85275c000 	C:\Windows\System32\GDI32.dll
0x00007ff850860000 - 0x00007ff850975000 	C:\Windows\System32\gdi32full.dll
0x00007ff850250000 - 0x00007ff8502ed000 	C:\Windows\System32\msvcp_win.dll
0x00007ff84b9b0000 - 0x00007ff84b9cb000 	C:\Program Files\Android\Android Studio\jbr\bin\VCRUNTIME140.dll
0x00007ff84a4a0000 - 0x00007ff84a73a000 	C:\Windows\WinSxS\amd64_microsoft.windows.common-controls_6595b64144ccf1df_6.0.19041.1110_none_60b5254171f9507e\COMCTL32.dll
0x00007ff852000000 - 0x00007ff85209e000 	C:\Windows\System32\msvcrt.dll
0x00007ff850d10000 - 0x00007ff850d40000 	C:\Windows\System32\IMM32.DLL
0x00007ff84b9a0000 - 0x00007ff84b9ac000 	C:\Program Files\Android\Android Studio\jbr\bin\vcruntime140_1.dll
0x00007ff83d350000 - 0x00007ff83d3dd000 	C:\Program Files\Android\Android Studio\jbr\bin\msvcp140.dll
0x00007ff829910000 - 0x00007ff82a4cc000 	C:\Program Files\Android\Android Studio\jbr\bin\server\jvm.dll
0x00007ff851f50000 - 0x00007ff851fff000 	C:\Windows\System32\ADVAPI32.dll
0x00007ff850c50000 - 0x00007ff850cec000 	C:\Windows\System32\sechost.dll
0x00007ff851ab0000 - 0x00007ff851bd6000 	C:\Windows\System32\RPCRT4.dll
0x00007ff8518b0000 - 0x00007ff8518b8000 	C:\Windows\System32\PSAPI.DLL
0x00007ff84b920000 - 0x00007ff84b929000 	C:\Windows\SYSTEM32\WSOCK32.dll
0x00007ff851920000 - 0x00007ff85198b000 	C:\Windows\System32\WS2_32.dll
0x00007ff84a740000 - 0x00007ff84a767000 	C:\Windows\SYSTEM32\WINMM.dll
0x00007ff84a770000 - 0x00007ff84a77a000 	C:\Windows\SYSTEM32\VERSION.dll
0x00007ff84de40000 - 0x00007ff84de52000 	C:\Windows\SYSTEM32\kernel.appcore.dll
0x00007ff84b910000 - 0x00007ff84b920000 	C:\Program Files\Android\Android Studio\jbr\bin\verify.dll
0x00007ff840e10000 - 0x00007ff840ff4000 	C:\Windows\SYSTEM32\DBGHELP.DLL
0x00007ff840dd0000 - 0x00007ff840e04000 	C:\Windows\SYSTEM32\dbgcore.DLL
0x00007ff850720000 - 0x00007ff8507a2000 	C:\Windows\System32\bcryptPrimitives.dll
0x00007ff84aed0000 - 0x00007ff84aef8000 	C:\Program Files\Android\Android Studio\jbr\bin\java.dll
0x00007ff84b900000 - 0x00007ff84b90a000 	C:\Program Files\Android\Android Studio\jbr\bin\jimage.dll
0x00007ff83d440000 - 0x00007ff83d458000 	C:\Program Files\Android\Android Studio\jbr\bin\zip.dll
0x00007ff850da0000 - 0x00007ff8514e4000 	C:\Windows\System32\SHELL32.dll
0x00007ff84e040000 - 0x00007ff84e7d3000 	C:\Windows\SYSTEM32\windows.storage.dll
0x00007ff8514f0000 - 0x00007ff851844000 	C:\Windows\System32\combase.dll
0x00007ff84f940000 - 0x00007ff84f96e000 	C:\Windows\SYSTEM32\Wldp.dll
0x00007ff852510000 - 0x00007ff8525bd000 	C:\Windows\System32\SHCORE.dll
0x00007ff8518c0000 - 0x00007ff851915000 	C:\Windows\System32\shlwapi.dll
0x00007ff84ff70000 - 0x00007ff84ff8f000 	C:\Windows\SYSTEM32\profapi.dll
0x00007ff83d420000 - 0x00007ff83d439000 	C:\Program Files\Android\Android Studio\jbr\bin\net.dll
0x00007ff84c510000 - 0x00007ff84c61a000 	C:\Windows\SYSTEM32\WINHTTP.dll
0x00007ff84f720000 - 0x00007ff84f78a000 	C:\Windows\system32\mswsock.dll
0x00007ff83d330000 - 0x00007ff83d343000 	C:\Program Files\Android\Android Studio\jbr\bin\nio.dll
0x00007ff83d300000 - 0x00007ff83d327000 	C:\Users\202002\.gradle\native\e1d6ef7f7dcc3fd88c89a11ec53ec762bb8ba0a96d01ffa2cd45eb1d1d8dd5c5\windows-amd64\native-platform.dll
0x00007ff84aec0000 - 0x00007ff84aeca000 	C:\Program Files\Android\Android Studio\jbr\bin\management.dll
0x00007ff841030000 - 0x00007ff84103b000 	C:\Program Files\Android\Android Studio\jbr\bin\management_ext.dll
0x00007ff84f9f0000 - 0x00007ff84fa08000 	C:\Windows\SYSTEM32\CRYPTSP.dll
0x00007ff84f060000 - 0x00007ff84f094000 	C:\Windows\system32\rsaenh.dll
0x00007ff850980000 - 0x00007ff8509a7000 	C:\Windows\System32\bcrypt.dll
0x00007ff84ff30000 - 0x00007ff84ff5e000 	C:\Windows\SYSTEM32\USERENV.dll
0x00007ff84f930000 - 0x00007ff84f93c000 	C:\Windows\SYSTEM32\CRYPTBASE.dll
0x00007ff84f430000 - 0x00007ff84f46c000 	C:\Windows\SYSTEM32\IPHLPAPI.DLL
0x00007ff851bf0000 - 0x00007ff851bf8000 	C:\Windows\System32\NSI.dll
0x00007ff847c20000 - 0x00007ff847c37000 	C:\Windows\SYSTEM32\dhcpcsvc6.DLL
0x00007ff847a30000 - 0x00007ff847a4d000 	C:\Windows\SYSTEM32\dhcpcsvc.DLL
0x00007ff84f470000 - 0x00007ff84f53b000 	C:\Windows\SYSTEM32\DNSAPI.dll

dbghelp: loaded successfully - version: 4.0.5 - missing functions: none
symbol engine: initialized successfully - sym options: 0x614 - pdb path: .;C:\Program Files\Android\Android Studio\jbr\bin;C:\Windows\SYSTEM32;C:\Windows\WinSxS\amd64_microsoft.windows.common-controls_6595b64144ccf1df_6.0.19041.1110_none_60b5254171f9507e;C:\Program Files\Android\Android Studio\jbr\bin\server;C:\Users\202002\.gradle\native\e1d6ef7f7dcc3fd88c89a11ec53ec762bb8ba0a96d01ffa2cd45eb1d1d8dd5c5\windows-amd64

VM Arguments:
jvm_args: -Dorg.gradle.appname=gradlew 
java_command: org.gradle.wrapper.GradleWrapperMain -q -Ptarget-platform=android-arm64 -Ptarget=C:\flutterPr\SurveyApp\SurveyApp\lib\main.dart -Pbase-application-name=android.app.Application -Pdart-defines=RkxVVFRFUl9XRUJfQVVUT19ERVRFQ1Q9dHJ1ZQ== -Pdart-obfuscation=false -Ptrack-widget-creation=true -Ptree-shake-icons=false -Pfilesystem-scheme=org-dartlang-root assembleDebug
java_class_path (initial): C:\flutterPr\SurveyApp\SurveyApp\android\\gradle\wrapper\gradle-wrapper.jar
Launcher Type: SUN_STANDARD

[Global flags]
     intx CICompilerCount                          = 3                                         {product} {ergonomic}
     uint ConcGCThreads                            = 1                                         {product} {ergonomic}
     uint G1ConcRefinementThreads                  = 4                                         {product} {ergonomic}
   size_t G1HeapRegionSize                         = 1048576                                   {product} {ergonomic}
    uintx GCDrainStackTargetSize                   = 64                                        {product} {ergonomic}
   size_t InitialHeapSize                          = 134217728                                 {product} {ergonomic}
   size_t MarkStackSize                            = 4194304                                   {product} {ergonomic}
   size_t MaxHeapSize                              = 2122317824                                {product} {ergonomic}
   size_t MaxNewSize                               = 1272971264                                {product} {ergonomic}
   size_t MinHeapDeltaBytes                        = 1048576                                   {product} {ergonomic}
    uintx NonNMethodCodeHeapSize                   = 5830732                                {pd product} {ergonomic}
    uintx NonProfiledCodeHeapSize                  = 122913754                              {pd product} {ergonomic}
    uintx ProfiledCodeHeapSize                     = 122913754                              {pd product} {ergonomic}
    uintx ReservedCodeCacheSize                    = 251658240                              {pd product} {ergonomic}
     bool SegmentedCodeCache                       = true                                      {product} {ergonomic}
     bool UseCompressedClassPointers               = true                                 {lp64_product} {ergonomic}
     bool UseCompressedOops                        = true                                 {lp64_product} {ergonomic}
     bool UseG1GC                                  = true                                      {product} {ergonomic}
     bool UseLargePagesIndividualAllocation        = false                                  {pd product} {ergonomic}

Logging:
Log output configuration:
 #0: stdout all=warning uptime,level,tags
 #1: stderr all=off uptime,level,tags

Environment Variables:
JAVA_HOME=C:\Program Files\Android\Android Studio\jbr
CLASSPATH=C:\flutterPr\SurveyApp\SurveyApp\android\\gradle\wrapper\gradle-wrapper.jar
PATH=C:\Program Files\Microsoft\jdk-11.0.16.101-hotspot\bin;C:\Program Files\Eclipse Adoptium\jdk-11.0.18.10-hotspot\bin;C:\Program Files\Eclipse Adoptium\jdk-8.0.362.9-hotspot\bin;C:\Windows\system32;C:\Windows;C:\Windows\System32\Wbem;C:\Windows\System32\WindowsPowerShell\v1.0\;C:\Windows\System32\OpenSSH\;C:\Program Files\Microsoft SQL Server\150\Tools\Binn\;C:\Program Files\Microsoft SQL Server\Client SDK\ODBC\170\Tools\Binn\;C:\Program Files (x86)\Microsoft SQL Server\150\DTS\Binn\;C:\Program Files\Azure Data Studio\bin;C:\ProgramData\chocolatey\bin;C:\tools\flutter\bin;C:\Program Files\Git\cmd\git.exe;C:\Program Files\dotnet\;C:\Users\202002\AppData\Local\Microsoft\WindowsApps;;C:\Users\202002\AppData\Local\Programs\Microsoft VS Code\bin;C:\tools\flutter\bin\mingit\cmd
USERNAME=202002
OS=Windows_NT
PROCESSOR_IDENTIFIER=Intel64 Family 6 Model 60 Stepping 3, GenuineIntel



---------------  S Y S T E M  ---------------

OS: Windows 10 , 64 bit Build 19041 (10.0.19041.2913)
OS uptime: 0 days 1:09 hours
Hyper-V role detected

CPU:total 4 (initial active 4) (4 cores per cpu, 1 threads per core) family 6 model 60 stepping 3 microcode 0x27, cmov, cx8, fxsr, mmx, sse, sse2, sse3, ssse3, sse4.1, sse4.2, popcnt, avx, avx2, aes, clmul, erms, lzcnt, tsc, tscinvbit, bmi1, bmi2, fma

Memory: 4k page, system-wide physical 8092M (1434M free)
TotalPageFile size 8092M (AvailPageFile size 533M)
current process WorkingSet (physical memory assigned to process): 85M, peak: 90M
current process commit charge ("private bytes"): 219M, peak: 223M

vm_info: OpenJDK 64-Bit Server VM (11.0.15+0-b2043.56-9505619) for windows-amd64 JRE (11.0.15+0-b2043.56-9505619), built on Jan 19 2023 02:48:00 by "builduser" with unknown MS VC++:1929

END.
