#
# There is insufficient memory for the Java Runtime Environment to continue.
# Native memory allocation (malloc) failed to allocate 1533776 bytes for Chunk::new
# Possible reasons:
#   The system is out of physical RAM or swap space
#   The process is running with CompressedOops enabled, and the Java Heap may be blocking the growth of the native heap
# Possible solutions:
#   Reduce memory load on the system
#   Increase physical memory or swap space
#   Check if swap backing store is full
#   Decrease Java heap size (-Xmx/-Xms)
#   Decrease number of Java threads
#   Decrease Java thread stack sizes (-Xss)
#   Set larger code cache with -XX:ReservedCodeCacheSize=
#   JVM is running with Unscaled Compressed Oops mode in which the Java heap is
#     placed in the first 4GB address space. The Java Heap base address is the
#     maximum limit for the native heap growth. Please use -XX:HeapBaseMinAddress
#     to set the Java Heap base and to place the Java Heap above 4GB virtual address.
# This output file may be truncated or incomplete.
#
#  Out of Memory Error (src/hotspot/share/memory/arena.cpp:197), pid=4876, tid=5664
#
# JRE version: OpenJDK Runtime Environment (11.0.15) (build 11.0.15+0-b2043.56-9505619)
# Java VM: OpenJDK 64-Bit Server VM (11.0.15+0-b2043.56-9505619, mixed mode, tiered, compressed oops, g1 gc, windows-amd64)
# No core dump will be written. Minidumps are not enabled by default on client versions of Windows
#

---------------  S U M M A R Y ------------

Command Line: --add-opens=java.base/java.util=ALL-UNNAMED --add-opens=java.base/java.lang=ALL-UNNAMED --add-opens=java.base/java.lang.invoke=ALL-UNNAMED --add-opens=java.base/java.util=ALL-UNNAMED --add-opens=java.prefs/java.util.prefs=ALL-UNNAMED --add-opens=java.prefs/java.util.prefs=ALL-UNNAMED --add-opens=java.base/java.nio.charset=ALL-UNNAMED --add-opens=java.base/java.net=ALL-UNNAMED --add-opens=java.base/java.util.concurrent.atomic=ALL-UNNAMED -Xmx1536M -Dfile.encoding=windows-1251 -Duser.country=RU -Duser.language=ru -Duser.variant org.gradle.launcher.daemon.bootstrap.GradleDaemon 7.5

Host: Intel(R) Core(TM) i5-4460  CPU @ 3.20GHz, 4 cores, 7G,  Windows 10 , 64 bit Build 19041 (10.0.19041.2913)
Time: Tue May 23 09:01:27 2023 RTZ 2 (s 10 , 64 bit Build 19041 (10.0.19041.2913) elapsed time: 2896.108080 seconds (0d 0h 48m 16s)

---------------  T H R E A D  ---------------

Current thread (0x00000218feeb9800):  JavaThread "C2 CompilerThread0" daemon [_thread_in_native, id=5664, stack(0x000000d90df00000,0x000000d90e000000)]


Current CompileTask:
C2:2896108 18598       4       org.gradle.api.internal.artifacts.ivyservice.resolveengine.artifact.ResolvedArtifactsGraphVisitor::getArtifacts (197 bytes)

Stack: [0x000000d90df00000,0x000000d90e000000]
Native frames: (J=compiled Java code, j=interpreted, Vv=VM code, C=native code)
V  [jvm.dll+0x64135a]
V  [jvm.dll+0x7d39f9]
V  [jvm.dll+0x7d51b9]
V  [jvm.dll+0x7d58a3]
V  [jvm.dll+0x2691c5]
V  [jvm.dll+0xc1a5c]
V  [jvm.dll+0xc200c]
V  [jvm.dll+0x3774a7]
V  [jvm.dll+0x1b3914]
V  [jvm.dll+0x22163e]
V  [jvm.dll+0x220498]
V  [jvm.dll+0x19e851]
V  [jvm.dll+0x230479]
V  [jvm.dll+0x22e5ef]
V  [jvm.dll+0x794de1]
V  [jvm.dll+0x78dc24]
V  [jvm.dll+0x6400f6]
C  [ucrtbase.dll+0x21bb2]
C  [KERNEL32.DLL+0x17614]
C  [ntdll.dll+0x526a1]


---------------  P R O C E S S  ---------------

Threads class SMR info:
_java_thread_list=0x000002188d8019a0, length=81, elements={
0x00000218e6583000, 0x00000218fee91800, 0x00000218fee93000, 0x00000218feeaf800,
0x00000218feeb0800, 0x00000218feeb2000, 0x00000218feeb9800, 0x00000218feebe000,
0x00000218feec0800, 0x00000218ff97c000, 0x0000021881b7d800, 0x000002188106a800,
0x0000021880902800, 0x00000218802f2000, 0x00000218802ef800, 0x00000218802f0800,
0x00000218802f3000, 0x00000218802f4000, 0x00000218802ee000, 0x00000218819c4800,
0x00000218819c2800, 0x00000218819c2000, 0x00000218819bf800, 0x00000218819c7000,
0x000002188377c000, 0x000002188377b800, 0x00000218899e8000, 0x0000021885cca000,
0x0000021885cc9800, 0x0000021885ccb000, 0x0000021885ccd800, 0x0000021885cc7800,
0x0000021885ccc800, 0x0000021885ccb800, 0x0000021885cc8800, 0x0000021885cd3000,
0x0000021885cd2000, 0x0000021885cd4000, 0x0000021885cce000, 0x0000021885cd4800,
0x0000021880e61000, 0x0000021885cd0000, 0x0000021885cd5800, 0x0000021885cd0800,
0x0000021885cd1800, 0x0000021883773000, 0x0000021883774800, 0x0000021883774000,
0x0000021883775800, 0x0000021883776800, 0x0000021883778000, 0x0000021883777000,
0x0000021883772800, 0x000002188377d800, 0x000002188377a800, 0x000002188377e800,
0x000002188377d000, 0x0000021883779000, 0x000002188377f800, 0x0000021883779800,
0x0000021883781000, 0x0000021883780000, 0x00000218899e5800, 0x00000218899e3000,
0x00000218899e6000, 0x00000218899e4800, 0x00000218899e3800, 0x00000218899e7000,
0x00000218899e1800, 0x00000218899ec000, 0x00000218899eb000, 0x00000218899ed800,
0x00000218899e8800, 0x00000218899ee800, 0x00000218899ec800, 0x00000218899ef000,
0x00000218899e9800, 0x00000218899f0000, 0x00000218899ea800, 0x00000218819c3800,
0x00000218819c5000
}

Java Threads: ( => current thread )
  0x00000218e6583000 JavaThread "main" [_thread_blocked, id=10204, stack(0x000000d90d300000,0x000000d90d400000)]
  0x00000218fee91800 JavaThread "Reference Handler" daemon [_thread_blocked, id=4812, stack(0x000000d90da00000,0x000000d90db00000)]
  0x00000218fee93000 JavaThread "Finalizer" daemon [_thread_blocked, id=5624, stack(0x000000d90db00000,0x000000d90dc00000)]
  0x00000218feeaf800 JavaThread "Signal Dispatcher" daemon [_thread_blocked, id=9052, stack(0x000000d90dc00000,0x000000d90dd00000)]
  0x00000218feeb0800 JavaThread "Attach Listener" daemon [_thread_blocked, id=2436, stack(0x000000d90dd00000,0x000000d90de00000)]
  0x00000218feeb2000 JavaThread "Service Thread" daemon [_thread_blocked, id=2888, stack(0x000000d90de00000,0x000000d90df00000)]
=>0x00000218feeb9800 JavaThread "C2 CompilerThread0" daemon [_thread_in_native, id=5664, stack(0x000000d90df00000,0x000000d90e000000)]
  0x00000218feebe000 JavaThread "C1 CompilerThread0" daemon [_thread_blocked, id=8500, stack(0x000000d90e000000,0x000000d90e100000)]
  0x00000218feec0800 JavaThread "Sweeper thread" daemon [_thread_blocked, id=6436, stack(0x000000d90e100000,0x000000d90e200000)]
  0x00000218ff97c000 JavaThread "Common-Cleaner" daemon [_thread_blocked, id=10220, stack(0x000000d90e200000,0x000000d90e300000)]
  0x0000021881b7d800 JavaThread "Daemon health stats" [_thread_blocked, id=6972, stack(0x000000d90e400000,0x000000d90e500000)]
  0x000002188106a800 JavaThread "Incoming local TCP Connector on port 56809" [_thread_in_native, id=7828, stack(0x000000d90e700000,0x000000d90e800000)]
  0x0000021880902800 JavaThread "Daemon periodic checks" [_thread_blocked, id=1908, stack(0x000000d90e800000,0x000000d90e900000)]
  0x00000218802f2000 JavaThread "Cache worker for journal cache (C:\Users\202002\.gradle\caches\journal-1)" [_thread_blocked, id=6092, stack(0x000000d90f200000,0x000000d90f300000)]
  0x00000218802ef800 JavaThread "File lock request listener" [_thread_in_native, id=2260, stack(0x000000d90f300000,0x000000d90f400000)]
  0x00000218802f0800 JavaThread "Cache worker for file hash cache (C:\Users\202002\.gradle\caches\7.5\fileHashes)" [_thread_blocked, id=7448, stack(0x000000d90f400000,0x000000d90f500000)]
  0x00000218802f3000 JavaThread "File watcher server" daemon [_thread_in_native, id=9592, stack(0x000000d90f500000,0x000000d90f600000)]
  0x00000218802f4000 JavaThread "File watcher consumer" daemon [_thread_blocked, id=7188, stack(0x000000d90f600000,0x000000d90f700000)]
  0x00000218802ee000 JavaThread "Cache worker for file content cache (C:\Users\202002\.gradle\caches\7.5\fileContent)" [_thread_blocked, id=9740, stack(0x000000d90f900000,0x000000d90fa00000)]
  0x00000218819c4800 JavaThread "Cache worker for execution history cache (C:\Users\202002\.gradle\caches\7.5\executionHistory)" [_thread_blocked, id=8008, stack(0x000000d90fd00000,0x000000d90fe00000)]
  0x00000218819c2800 JavaThread "jar transforms" [_thread_blocked, id=7184, stack(0x000000d90fe00000,0x000000d90ff00000)]
  0x00000218819c2000 JavaThread "jar transforms Thread 2" [_thread_blocked, id=8180, stack(0x000000d90ff00000,0x000000d910000000)]
  0x00000218819bf800 JavaThread "jar transforms Thread 3" [_thread_blocked, id=5088, stack(0x000000d910000000,0x000000d910100000)]
  0x00000218819c7000 JavaThread "jar transforms Thread 4" [_thread_blocked, id=2316, stack(0x000000d910100000,0x000000d910200000)]
  0x000002188377c000 JavaThread "Memory manager" [_thread_blocked, id=5644, stack(0x000000d912c00000,0x000000d912d00000)]
  0x000002188377b800 JavaThread "Cache worker for kotlin-dsl (C:\Users\202002\.gradle\caches\7.5\kotlin-dsl)" [_thread_blocked, id=1480, stack(0x000000d912d00000,0x000000d912e00000)]
  0x00000218899e8000 JavaThread "ForkJoinPool.commonPool-worker-7" daemon [_thread_blocked, id=8812, stack(0x000000d913b00000,0x000000d913c00000)]
  0x0000021885cca000 JavaThread "Daemon Thread 3" [_thread_blocked, id=8168, stack(0x000000d90d000000,0x000000d90d100000)]
  0x0000021885cc9800 JavaThread "Handler for socket connection from /127.0.0.1:56809 to /127.0.0.1:59289" [_thread_in_native, id=9344, stack(0x000000d90d100000,0x000000d90d200000)]
  0x0000021885ccb000 JavaThread "Cancel handler" [_thread_blocked, id=3620, stack(0x000000d90d200000,0x000000d90d300000)]
  0x0000021885ccd800 JavaThread "Daemon worker Thread 3" [_thread_in_native, id=6776, stack(0x000000d90e900000,0x000000d90ea00000)]
  0x0000021885cc7800 JavaThread "Asynchronous log dispatcher for DefaultDaemonConnection: socket connection from /127.0.0.1:56809 to /127.0.0.1:59289" [_thread_blocked, id=5712, stack(0x000000d90ea00000,0x000000d90eb00000)]
  0x0000021885ccc800 JavaThread "Stdin handler" [_thread_blocked, id=9776, stack(0x000000d90eb00000,0x000000d90ec00000)]
  0x0000021885ccb800 JavaThread "Daemon client event forwarder" [_thread_blocked, id=440, stack(0x000000d90ec00000,0x000000d90ed00000)]
  0x0000021885cc8800 JavaThread "Cache worker for checksums cache (C:\flutterPr\SurveyApp\SurveyApp\android\.gradle\7.5\checksums)" [_thread_blocked, id=6752, stack(0x000000d90ed00000,0x000000d90ee00000)]
  0x0000021885cd3000 JavaThread "Cache worker for cache directory md-rule (C:\Users\202002\.gradle\caches\7.5\md-rule)" [_thread_blocked, id=9520, stack(0x000000d90ee00000,0x000000d90ef00000)]
  0x0000021885cd2000 JavaThread "Cache worker for file hash cache (C:\flutterPr\SurveyApp\SurveyApp\android\.gradle\7.5\fileHashes)" [_thread_blocked, id=4780, stack(0x000000d90f700000,0x000000d90f800000)]
  0x0000021885cd4000 JavaThread "Cache worker for cache directory md-supplier (C:\Users\202002\.gradle\caches\7.5\md-supplier)" [_thread_blocked, id=10052, stack(0x000000d90f800000,0x000000d90f900000)]
  0x0000021885cce000 JavaThread "Cache worker for dependencies-accessors (C:\flutterPr\SurveyApp\SurveyApp\android\.gradle\7.5\dependencies-accessors)" [_thread_blocked, id=3508, stack(0x000000d90fa00000,0x000000d90fb00000)]
  0x0000021885cd4800 JavaThread "Cache worker for Build Output Cleanup Cache (C:\flutterPr\SurveyApp\SurveyApp\android\.gradle\buildOutputCleanup)" [_thread_blocked, id=9484, stack(0x000000d90fb00000,0x000000d90fc00000)]
  0x0000021880e61000 JavaThread "C2 CompilerThread1" daemon [_thread_in_native, id=4964, stack(0x000000d90ef00000,0x000000d90f000000)]
  0x0000021885cd0000 JavaThread "Unconstrained build operations" [_thread_blocked, id=8756, stack(0x000000d90fc00000,0x000000d90fd00000)]
  0x0000021885cd5800 JavaThread "Unconstrained build operations Thread 2" [_thread_blocked, id=3456, stack(0x000000d910200000,0x000000d910300000)]
  0x0000021885cd0800 JavaThread "Unconstrained build operations Thread 3" [_thread_blocked, id=4832, stack(0x000000d910300000,0x000000d910400000)]
  0x0000021885cd1800 JavaThread "Unconstrained build operations Thread 4" [_thread_blocked, id=1784, stack(0x000000d910400000,0x000000d910500000)]
  0x0000021883773000 JavaThread "Unconstrained build operations Thread 5" [_thread_blocked, id=7564, stack(0x000000d910500000,0x000000d910600000)]
  0x0000021883774800 JavaThread "Unconstrained build operations Thread 6" [_thread_blocked, id=8652, stack(0x000000d910600000,0x000000d910700000)]
  0x0000021883774000 JavaThread "Unconstrained build operations Thread 7" [_thread_blocked, id=9824, stack(0x000000d910700000,0x000000d910800000)]
  0x0000021883775800 JavaThread "Unconstrained build operations Thread 8" [_thread_blocked, id=2168, stack(0x000000d910800000,0x000000d910900000)]
  0x0000021883776800 JavaThread "Unconstrained build operations Thread 9" [_thread_blocked, id=9472, stack(0x000000d910900000,0x000000d910a00000)]
  0x0000021883778000 JavaThread "Unconstrained build operations Thread 10" [_thread_blocked, id=2908, stack(0x000000d910a00000,0x000000d910b00000)]
  0x0000021883777000 JavaThread "Unconstrained build operations Thread 11" [_thread_blocked, id=7424, stack(0x000000d910b00000,0x000000d910c00000)]
  0x0000021883772800 JavaThread "Unconstrained build operations Thread 12" [_thread_blocked, id=8404, stack(0x000000d910c00000,0x000000d910d00000)]
  0x000002188377d800 JavaThread "Unconstrained build operations Thread 13" [_thread_blocked, id=5740, stack(0x000000d910d00000,0x000000d910e00000)]
  0x000002188377a800 JavaThread "Unconstrained build operations Thread 14" [_thread_blocked, id=8020, stack(0x000000d910e00000,0x000000d910f00000)]
  0x000002188377e800 JavaThread "Unconstrained build operations Thread 15" [_thread_blocked, id=5332, stack(0x000000d910f00000,0x000000d911000000)]
  0x000002188377d000 JavaThread "Unconstrained build operations Thread 16" [_thread_blocked, id=9468, stack(0x000000d911000000,0x000000d911100000)]
  0x0000021883779000 JavaThread "Unconstrained build operations Thread 17" [_thread_blocked, id=7264, stack(0x000000d911100000,0x000000d911200000)]
  0x000002188377f800 JavaThread "Unconstrained build operations Thread 18" [_thread_blocked, id=9276, stack(0x000000d911200000,0x000000d911300000)]
  0x0000021883779800 JavaThread "Unconstrained build operations Thread 19" [_thread_blocked, id=1164, stack(0x000000d911300000,0x000000d911400000)]
  0x0000021883781000 JavaThread "Unconstrained build operations Thread 20" [_thread_blocked, id=6500, stack(0x000000d911400000,0x000000d911500000)]
  0x0000021883780000 JavaThread "Unconstrained build operations Thread 21" [_thread_blocked, id=3744, stack(0x000000d911500000,0x000000d911600000)]
  0x00000218899e5800 JavaThread "Unconstrained build operations Thread 22" [_thread_blocked, id=3936, stack(0x000000d911600000,0x000000d911700000)]
  0x00000218899e3000 JavaThread "Unconstrained build operations Thread 23" [_thread_blocked, id=8536, stack(0x000000d911700000,0x000000d911800000)]
  0x00000218899e6000 JavaThread "Unconstrained build operations Thread 24" [_thread_blocked, id=3976, stack(0x000000d911800000,0x000000d911900000)]
  0x00000218899e4800 JavaThread "Unconstrained build operations Thread 25" [_thread_blocked, id=9756, stack(0x000000d911900000,0x000000d911a00000)]
  0x00000218899e3800 JavaThread "Unconstrained build operations Thread 26" [_thread_blocked, id=4176, stack(0x000000d911a00000,0x000000d911b00000)]
  0x00000218899e7000 JavaThread "Unconstrained build operations Thread 27" [_thread_blocked, id=780, stack(0x000000d911b00000,0x000000d911c00000)]
  0x00000218899e1800 JavaThread "Unconstrained build operations Thread 28" [_thread_blocked, id=9240, stack(0x000000d911c00000,0x000000d911d00000)]
  0x00000218899ec000 JavaThread "Unconstrained build operations Thread 29" [_thread_blocked, id=540, stack(0x000000d911d00000,0x000000d911e00000)]
  0x00000218899eb000 JavaThread "Unconstrained build operations Thread 30" [_thread_blocked, id=5796, stack(0x000000d911e00000,0x000000d911f00000)]
  0x00000218899ed800 JavaThread "Unconstrained build operations Thread 31" [_thread_blocked, id=8164, stack(0x000000d911f00000,0x000000d912000000)]
  0x00000218899e8800 JavaThread "Unconstrained build operations Thread 32" [_thread_blocked, id=4604, stack(0x000000d912000000,0x000000d912100000)]
  0x00000218899ee800 JavaThread "Unconstrained build operations Thread 33" [_thread_blocked, id=3848, stack(0x000000d912100000,0x000000d912200000)]
  0x00000218899ec800 JavaThread "Unconstrained build operations Thread 34" [_thread_blocked, id=5988, stack(0x000000d912200000,0x000000d912300000)]
  0x00000218899ef000 JavaThread "Unconstrained build operations Thread 35" [_thread_blocked, id=10160, stack(0x000000d912300000,0x000000d912400000)]
  0x00000218899e9800 JavaThread "Unconstrained build operations Thread 36" [_thread_blocked, id=9532, stack(0x000000d912400000,0x000000d912500000)]
  0x00000218899f0000 JavaThread "Unconstrained build operations Thread 37" [_thread_blocked, id=2984, stack(0x000000d912500000,0x000000d912600000)]
  0x00000218899ea800 JavaThread "Unconstrained build operations Thread 38" [_thread_blocked, id=8528, stack(0x000000d912600000,0x000000d912700000)]
  0x00000218819c3800 JavaThread "Unconstrained build operations Thread 39" [_thread_blocked, id=9868, stack(0x000000d912700000,0x000000d912800000)]
  0x00000218819c5000 JavaThread "Unconstrained build operations Thread 40" [_thread_blocked, id=3496, stack(0x000000d912800000,0x000000d912900000)]

Other Threads:
  0x00000218fee6c800 VMThread "VM Thread" [stack: 0x000000d90d900000,0x000000d90da00000] [id=8004]
  0x00000218ff9aa000 WatcherThread [stack: 0x000000d90e300000,0x000000d90e400000] [id=10104]
  0x00000218e659c800 GCTaskThread "GC Thread#0" [stack: 0x000000d90d400000,0x000000d90d500000] [id=9504]
  0x0000021880736000 GCTaskThread "GC Thread#1" [stack: 0x000000d90e500000,0x000000d90e600000] [id=5824]
  0x0000021880409000 GCTaskThread "GC Thread#2" [stack: 0x000000d90e600000,0x000000d90e700000] [id=2152]
  0x00000218801c4000 GCTaskThread "GC Thread#3" [stack: 0x000000d90f000000,0x000000d90f100000] [id=912]
  0x00000218e65c3000 ConcurrentGCThread "G1 Main Marker" [stack: 0x000000d90d500000,0x000000d90d600000] [id=9932]
  0x00000218e65c4800 ConcurrentGCThread "G1 Conc#0" [stack: 0x000000d90d600000,0x000000d90d700000] [id=260]
  0x00000218e6654800 ConcurrentGCThread "G1 Refine#0" [stack: 0x000000d90d700000,0x000000d90d800000] [id=1504]
  0x00000218ff900000 ConcurrentGCThread "G1 Refine#1" [stack: 0x000000d90f100000,0x000000d90f200000] [id=5152]
  0x00000218e6655800 ConcurrentGCThread "G1 Young RemSet Sampling" [stack: 0x000000d90d800000,0x000000d90d900000] [id=2192]

Threads with active compile tasks:
C2 CompilerThread0  2896765 18598       4       org.gradle.api.internal.artifacts.ivyservice.resolveengine.artifact.ResolvedArtifactsGraphVisitor::getArtifacts (197 bytes)
C2 CompilerThread1  2896765 18676       4       org.gradle.api.internal.artifacts.ivyservice.ivyresolve.CachingModuleComponentRepository$LocateInCacheRepositoryAccess::estimateMetadataFetchingCost (186 bytes)

VM state:not at safepoint (normal execution)

VM Mutex/Monitor currently owned by a thread: None

Heap address: 0x00000000a0000000, size: 1536 MB, Compressed Oops mode: 32-bit
Narrow klass base: 0x0000000000000000, Narrow klass shift: 3
Compressed class space size: 1073741824 Address: 0x0000000100000000

Heap:
 garbage-first heap   total 371712K, used 181521K [0x00000000a0000000, 0x0000000100000000)
  region size 1024K, 17 young (17408K), 2 survivors (2048K)
 Metaspace       used 108994K, capacity 113728K, committed 113800K, reserved 1148928K
  class space    used 13972K, capacity 15475K, committed 15488K, reserved 1048576K
Heap Regions: E=young(eden), S=young(survivor), O=old, HS=humongous(starts), HC=humongous(continues), CS=collection set, F=free, A=archive, TAMS=top-at-mark-start (previous, next)
|   0|0x00000000a0000000, 0x00000000a0100000, 0x00000000a0100000|100%|HS|  |TAMS 0x00000000a0100000, 0x00000000a0000000| Complete 
|   1|0x00000000a0100000, 0x00000000a0200000, 0x00000000a0200000|100%|HC|  |TAMS 0x00000000a0200000, 0x00000000a0100000| Complete 
|   2|0x00000000a0200000, 0x00000000a0300000, 0x00000000a0300000|100%|HC|  |TAMS 0x00000000a0300000, 0x00000000a0200000| Complete 
|   3|0x00000000a0300000, 0x00000000a0400000, 0x00000000a0400000|100%| O|  |TAMS 0x00000000a0400000, 0x00000000a0300000| Untracked 
|   4|0x00000000a0400000, 0x00000000a0500000, 0x00000000a0500000|100%| O|  |TAMS 0x00000000a0500000, 0x00000000a0400000| Untracked 
|   5|0x00000000a0500000, 0x00000000a0600000, 0x00000000a0600000|100%| O|  |TAMS 0x00000000a0600000, 0x00000000a0500000| Untracked 
|   6|0x00000000a0600000, 0x00000000a0700000, 0x00000000a0700000|100%| O|  |TAMS 0x00000000a0700000, 0x00000000a0600000| Untracked 
|   7|0x00000000a0700000, 0x00000000a0800000, 0x00000000a0800000|100%| O|  |TAMS 0x00000000a0800000, 0x00000000a0700000| Untracked 
|   8|0x00000000a0800000, 0x00000000a0900000, 0x00000000a0900000|100%| O|  |TAMS 0x00000000a0900000, 0x00000000a0800000| Untracked 
|   9|0x00000000a0900000, 0x00000000a0a00000, 0x00000000a0a00000|100%| O|  |TAMS 0x00000000a0a00000, 0x00000000a0900000| Untracked 
|  10|0x00000000a0a00000, 0x00000000a0b00000, 0x00000000a0b00000|100%| O|  |TAMS 0x00000000a0b00000, 0x00000000a0a00000| Untracked 
|  11|0x00000000a0b00000, 0x00000000a0c00000, 0x00000000a0c00000|100%| O|  |TAMS 0x00000000a0c00000, 0x00000000a0b00000| Untracked 
|  12|0x00000000a0c00000, 0x00000000a0d00000, 0x00000000a0d00000|100%| O|  |TAMS 0x00000000a0d00000, 0x00000000a0c00000| Untracked 
|  13|0x00000000a0d00000, 0x00000000a0e00000, 0x00000000a0e00000|100%| O|  |TAMS 0x00000000a0e00000, 0x00000000a0d00000| Untracked 
|  14|0x00000000a0e00000, 0x00000000a0f00000, 0x00000000a0f00000|100%| O|  |TAMS 0x00000000a0f00000, 0x00000000a0e00000| Untracked 
|  15|0x00000000a0f00000, 0x00000000a1000000, 0x00000000a1000000|100%| O|  |TAMS 0x00000000a1000000, 0x00000000a0f00000| Untracked 
|  16|0x00000000a1000000, 0x00000000a1100000, 0x00000000a1100000|100%| O|  |TAMS 0x00000000a1100000, 0x00000000a1000000| Untracked 
|  17|0x00000000a1100000, 0x00000000a1200000, 0x00000000a1200000|100%| O|  |TAMS 0x00000000a1200000, 0x00000000a1100000| Untracked 
|  18|0x00000000a1200000, 0x00000000a1300000, 0x00000000a1300000|100%| O|  |TAMS 0x00000000a1300000, 0x00000000a1200000| Untracked 
|  19|0x00000000a1300000, 0x00000000a1400000, 0x00000000a1400000|100%| O|  |TAMS 0x00000000a1400000, 0x00000000a1300000| Untracked 
|  20|0x00000000a1400000, 0x00000000a1500000, 0x00000000a1500000|100%| O|  |TAMS 0x00000000a1400000, 0x00000000a1400000| Untracked 
|  21|0x00000000a1500000, 0x00000000a1600000, 0x00000000a1600000|100%| O|  |TAMS 0x00000000a1600000, 0x00000000a1500000| Untracked 
|  22|0x00000000a1600000, 0x00000000a1700000, 0x00000000a1700000|100%| O|  |TAMS 0x00000000a1700000, 0x00000000a1600000| Untracked 
|  23|0x00000000a1700000, 0x00000000a1800000, 0x00000000a1800000|100%| O|  |TAMS 0x00000000a1800000, 0x00000000a1700000| Untracked 
|  24|0x00000000a1800000, 0x00000000a1900000, 0x00000000a1900000|100%| O|  |TAMS 0x00000000a1900000, 0x00000000a1800000| Untracked 
|  25|0x00000000a1900000, 0x00000000a1a00000, 0x00000000a1a00000|100%| O|  |TAMS 0x00000000a1a00000, 0x00000000a1900000| Untracked 
|  26|0x00000000a1a00000, 0x00000000a1b00000, 0x00000000a1b00000|100%| O|  |TAMS 0x00000000a1b00000, 0x00000000a1a00000| Untracked 
|  27|0x00000000a1b00000, 0x00000000a1c00000, 0x00000000a1c00000|100%|HS|  |TAMS 0x00000000a1c00000, 0x00000000a1b00000| Complete 
|  28|0x00000000a1c00000, 0x00000000a1d00000, 0x00000000a1d00000|100%|HS|  |TAMS 0x00000000a1d00000, 0x00000000a1c00000| Complete 
|  29|0x00000000a1d00000, 0x00000000a1e00000, 0x00000000a1e00000|100%|HS|  |TAMS 0x00000000a1e00000, 0x00000000a1d00000| Complete 
|  30|0x00000000a1e00000, 0x00000000a1f00000, 0x00000000a1f00000|100%|HS|  |TAMS 0x00000000a1f00000, 0x00000000a1e00000| Complete 
|  31|0x00000000a1f00000, 0x00000000a2000000, 0x00000000a2000000|100%|HC|  |TAMS 0x00000000a2000000, 0x00000000a1f00000| Complete 
|  32|0x00000000a2000000, 0x00000000a2100000, 0x00000000a2100000|100%|HC|  |TAMS 0x00000000a2100000, 0x00000000a2000000| Complete 
|  33|0x00000000a2100000, 0x00000000a2200000, 0x00000000a2200000|100%|HS|  |TAMS 0x00000000a2200000, 0x00000000a2100000| Complete 
|  34|0x00000000a2200000, 0x00000000a2300000, 0x00000000a2300000|100%|HC|  |TAMS 0x00000000a2300000, 0x00000000a2200000| Complete 
|  35|0x00000000a2300000, 0x00000000a2400000, 0x00000000a2400000|100%| O|  |TAMS 0x00000000a2400000, 0x00000000a2300000| Untracked 
|  36|0x00000000a2400000, 0x00000000a2500000, 0x00000000a2500000|100%| O|  |TAMS 0x00000000a2500000, 0x00000000a2400000| Untracked 
|  37|0x00000000a2500000, 0x00000000a2600000, 0x00000000a2600000|100%| O|  |TAMS 0x00000000a2600000, 0x00000000a2500000| Untracked 
|  38|0x00000000a2600000, 0x00000000a2700000, 0x00000000a2700000|100%| O|  |TAMS 0x00000000a2700000, 0x00000000a2600000| Untracked 
|  39|0x00000000a2700000, 0x00000000a2800000, 0x00000000a2800000|100%| O|  |TAMS 0x00000000a2800000, 0x00000000a2700000| Untracked 
|  40|0x00000000a2800000, 0x00000000a2900000, 0x00000000a2900000|100%| O|  |TAMS 0x00000000a2900000, 0x00000000a2800000| Untracked 
|  41|0x00000000a2900000, 0x00000000a2a00000, 0x00000000a2a00000|100%| O|  |TAMS 0x00000000a2a00000, 0x00000000a2900000| Untracked 
|  42|0x00000000a2a00000, 0x00000000a2b00000, 0x00000000a2b00000|100%| O|  |TAMS 0x00000000a2b00000, 0x00000000a2a00000| Untracked 
|  43|0x00000000a2b00000, 0x00000000a2c00000, 0x00000000a2c00000|100%| O|  |TAMS 0x00000000a2c00000, 0x00000000a2b00000| Untracked 
|  44|0x00000000a2c00000, 0x00000000a2d00000, 0x00000000a2d00000|100%| O|  |TAMS 0x00000000a2d00000, 0x00000000a2c00000| Untracked 
|  45|0x00000000a2d00000, 0x00000000a2e00000, 0x00000000a2e00000|100%| O|  |TAMS 0x00000000a2e00000, 0x00000000a2d00000| Untracked 
|  46|0x00000000a2e00000, 0x00000000a2f00000, 0x00000000a2f00000|100%| O|  |TAMS 0x00000000a2f00000, 0x00000000a2e00000| Untracked 
|  47|0x00000000a2f00000, 0x00000000a3000000, 0x00000000a3000000|100%| O|  |TAMS 0x00000000a3000000, 0x00000000a2f00000| Untracked 
|  48|0x00000000a3000000, 0x00000000a3100000, 0x00000000a3100000|100%| O|  |TAMS 0x00000000a3100000, 0x00000000a3000000| Untracked 
|  49|0x00000000a3100000, 0x00000000a3200000, 0x00000000a3200000|100%|HS|  |TAMS 0x00000000a3200000, 0x00000000a3100000| Complete 
|  50|0x00000000a3200000, 0x00000000a3300000, 0x00000000a3300000|100%| O|  |TAMS 0x00000000a3300000, 0x00000000a3200000| Untracked 
|  51|0x00000000a3300000, 0x00000000a3400000, 0x00000000a3400000|100%| O|  |TAMS 0x00000000a3400000, 0x00000000a3300000| Untracked 
|  52|0x00000000a3400000, 0x00000000a3500000, 0x00000000a3500000|100%| O|  |TAMS 0x00000000a3500000, 0x00000000a3400000| Untracked 
|  53|0x00000000a3500000, 0x00000000a3600000, 0x00000000a3600000|100%| O|  |TAMS 0x00000000a3600000, 0x00000000a3500000| Untracked 
|  54|0x00000000a3600000, 0x00000000a3700000, 0x00000000a3700000|100%| O|  |TAMS 0x00000000a3700000, 0x00000000a3600000| Untracked 
|  55|0x00000000a3700000, 0x00000000a3800000, 0x00000000a3800000|100%| O|  |TAMS 0x00000000a3800000, 0x00000000a3700000| Untracked 
|  56|0x00000000a3800000, 0x00000000a3900000, 0x00000000a3900000|100%|HS|  |TAMS 0x00000000a3900000, 0x00000000a3800000| Complete 
|  57|0x00000000a3900000, 0x00000000a3a00000, 0x00000000a3a00000|100%| O|  |TAMS 0x00000000a3a00000, 0x00000000a3900000| Untracked 
|  58|0x00000000a3a00000, 0x00000000a3b00000, 0x00000000a3b00000|100%| O|  |TAMS 0x00000000a3b00000, 0x00000000a3a00000| Untracked 
|  59|0x00000000a3b00000, 0x00000000a3c00000, 0x00000000a3c00000|100%| O|  |TAMS 0x00000000a3c00000, 0x00000000a3b00000| Untracked 
|  60|0x00000000a3c00000, 0x00000000a3d00000, 0x00000000a3d00000|100%| O|  |TAMS 0x00000000a3d00000, 0x00000000a3c00000| Untracked 
|  61|0x00000000a3d00000, 0x00000000a3e00000, 0x00000000a3e00000|100%| O|  |TAMS 0x00000000a3e00000, 0x00000000a3d00000| Untracked 
|  62|0x00000000a3e00000, 0x00000000a3f00000, 0x00000000a3f00000|100%| O|  |TAMS 0x00000000a3f00000, 0x00000000a3e00000| Untracked 
|  63|0x00000000a3f00000, 0x00000000a4000000, 0x00000000a4000000|100%| O|  |TAMS 0x00000000a4000000, 0x00000000a3f00000| Untracked 
|  64|0x00000000a4000000, 0x00000000a4100000, 0x00000000a4100000|100%| O|  |TAMS 0x00000000a4100000, 0x00000000a4000000| Untracked 
|  65|0x00000000a4100000, 0x00000000a4200000, 0x00000000a4200000|100%| O|  |TAMS 0x00000000a4200000, 0x00000000a4100000| Untracked 
|  66|0x00000000a4200000, 0x00000000a4300000, 0x00000000a4300000|100%| O|  |TAMS 0x00000000a4300000, 0x00000000a4200000| Untracked 
|  67|0x00000000a4300000, 0x00000000a4400000, 0x00000000a4400000|100%| O|  |TAMS 0x00000000a4400000, 0x00000000a4300000| Untracked 
|  68|0x00000000a4400000, 0x00000000a4500000, 0x00000000a4500000|100%| O|  |TAMS 0x00000000a4500000, 0x00000000a4400000| Untracked 
|  69|0x00000000a4500000, 0x00000000a4600000, 0x00000000a4600000|100%| O|  |TAMS 0x00000000a4600000, 0x00000000a4500000| Untracked 
|  70|0x00000000a4600000, 0x00000000a4700000, 0x00000000a4700000|100%| O|  |TAMS 0x00000000a4700000, 0x00000000a4600000| Untracked 
|  71|0x00000000a4700000, 0x00000000a4800000, 0x00000000a4800000|100%| O|  |TAMS 0x00000000a4800000, 0x00000000a4700000| Untracked 
|  72|0x00000000a4800000, 0x00000000a4900000, 0x00000000a4900000|100%| O|  |TAMS 0x00000000a4900000, 0x00000000a4800000| Untracked 
|  73|0x00000000a4900000, 0x00000000a4a00000, 0x00000000a4a00000|100%| O|  |TAMS 0x00000000a4a00000, 0x00000000a4900000| Untracked 
|  74|0x00000000a4a00000, 0x00000000a4b00000, 0x00000000a4b00000|100%| O|  |TAMS 0x00000000a4b00000, 0x00000000a4a00000| Untracked 
|  75|0x00000000a4b00000, 0x00000000a4c00000, 0x00000000a4c00000|100%| O|  |TAMS 0x00000000a4c00000, 0x00000000a4b00000| Untracked 
|  76|0x00000000a4c00000, 0x00000000a4d00000, 0x00000000a4d00000|100%| O|  |TAMS 0x00000000a4d00000, 0x00000000a4c00000| Untracked 
|  77|0x00000000a4d00000, 0x00000000a4e00000, 0x00000000a4e00000|100%| O|  |TAMS 0x00000000a4e00000, 0x00000000a4d00000| Untracked 
|  78|0x00000000a4e00000, 0x00000000a4f00000, 0x00000000a4f00000|100%| O|  |TAMS 0x00000000a4f00000, 0x00000000a4e00000| Untracked 
|  79|0x00000000a4f00000, 0x00000000a5000000, 0x00000000a5000000|100%| O|  |TAMS 0x00000000a5000000, 0x00000000a4f00000| Untracked 
|  80|0x00000000a5000000, 0x00000000a5100000, 0x00000000a5100000|100%| O|  |TAMS 0x00000000a5100000, 0x00000000a5000000| Untracked 
|  81|0x00000000a5100000, 0x00000000a5200000, 0x00000000a5200000|100%|HS|  |TAMS 0x00000000a5200000, 0x00000000a5100000| Complete 
|  82|0x00000000a5200000, 0x00000000a5300000, 0x00000000a5300000|100%|HS|  |TAMS 0x00000000a5300000, 0x00000000a5200000| Complete 
|  83|0x00000000a5300000, 0x00000000a5400000, 0x00000000a5400000|100%| O|  |TAMS 0x00000000a5300000, 0x00000000a5300000| Untracked 
|  84|0x00000000a5400000, 0x00000000a5500000, 0x00000000a5500000|100%| O|  |TAMS 0x00000000a5500000, 0x00000000a5400000| Untracked 
|  85|0x00000000a5500000, 0x00000000a5600000, 0x00000000a5600000|100%| O|  |TAMS 0x00000000a5600000, 0x00000000a5500000| Untracked 
|  86|0x00000000a5600000, 0x00000000a5700000, 0x00000000a5700000|100%| O|  |TAMS 0x00000000a5700000, 0x00000000a5600000| Untracked 
|  87|0x00000000a5700000, 0x00000000a5800000, 0x00000000a5800000|100%| O|  |TAMS 0x00000000a5800000, 0x00000000a5700000| Untracked 
|  88|0x00000000a5800000, 0x00000000a5900000, 0x00000000a5900000|100%| O|  |TAMS 0x00000000a5900000, 0x00000000a5800000| Untracked 
|  89|0x00000000a5900000, 0x00000000a5a00000, 0x00000000a5a00000|100%| O|  |TAMS 0x00000000a5a00000, 0x00000000a5900000| Untracked 
|  90|0x00000000a5a00000, 0x00000000a5a00000, 0x00000000a5b00000|  0%| F|  |TAMS 0x00000000a5a00000, 0x00000000a5a00000| Untracked 
|  91|0x00000000a5b00000, 0x00000000a5c00000, 0x00000000a5c00000|100%| O|  |TAMS 0x00000000a5b00000, 0x00000000a5b00000| Untracked 
|  92|0x00000000a5c00000, 0x00000000a5d00000, 0x00000000a5d00000|100%| O|  |TAMS 0x00000000a5c00000, 0x00000000a5c00000| Untracked 
|  93|0x00000000a5d00000, 0x00000000a5e00000, 0x00000000a5e00000|100%| O|  |TAMS 0x00000000a5d00000, 0x00000000a5d00000| Untracked 
|  94|0x00000000a5e00000, 0x00000000a5e12600, 0x00000000a5f00000|  7%| O|  |TAMS 0x00000000a5e00000, 0x00000000a5e00000| Untracked 
|  95|0x00000000a5f00000, 0x00000000a5f00000, 0x00000000a6000000|  0%| F|  |TAMS 0x00000000a5f00000, 0x00000000a5f00000| Untracked 
|  96|0x00000000a6000000, 0x00000000a6000000, 0x00000000a6100000|  0%| F|  |TAMS 0x00000000a6000000, 0x00000000a6000000| Untracked 
|  97|0x00000000a6100000, 0x00000000a6100000, 0x00000000a6200000|  0%| F|  |TAMS 0x00000000a6100000, 0x00000000a6100000| Untracked 
|  98|0x00000000a6200000, 0x00000000a6200000, 0x00000000a6300000|  0%| F|  |TAMS 0x00000000a6200000, 0x00000000a6200000| Untracked 
|  99|0x00000000a6300000, 0x00000000a6400000, 0x00000000a6400000|100%|HS|  |TAMS 0x00000000a6400000, 0x00000000a6300000| Complete 
| 100|0x00000000a6400000, 0x00000000a6500000, 0x00000000a6500000|100%|HC|  |TAMS 0x00000000a6500000, 0x00000000a6400000| Complete 
| 101|0x00000000a6500000, 0x00000000a6600000, 0x00000000a6600000|100%| O|  |TAMS 0x00000000a6600000, 0x00000000a6500000| Untracked 
| 102|0x00000000a6600000, 0x00000000a6700000, 0x00000000a6700000|100%| O|  |TAMS 0x00000000a6700000, 0x00000000a6600000| Untracked 
| 103|0x00000000a6700000, 0x00000000a6700000, 0x00000000a6800000|  0%| F|  |TAMS 0x00000000a6700000, 0x00000000a6700000| Untracked 
| 104|0x00000000a6800000, 0x00000000a6900000, 0x00000000a6900000|100%| O|  |TAMS 0x00000000a6900000, 0x00000000a6800000| Untracked 
| 105|0x00000000a6900000, 0x00000000a6a00000, 0x00000000a6a00000|100%| O|  |TAMS 0x00000000a6a00000, 0x00000000a6900000| Untracked 
| 106|0x00000000a6a00000, 0x00000000a6a00000, 0x00000000a6b00000|  0%| F|  |TAMS 0x00000000a6a00000, 0x00000000a6a00000| Untracked 
| 107|0x00000000a6b00000, 0x00000000a6b00000, 0x00000000a6c00000|  0%| F|  |TAMS 0x00000000a6b00000, 0x00000000a6b00000| Untracked 
| 108|0x00000000a6c00000, 0x00000000a6d00000, 0x00000000a6d00000|100%| O|  |TAMS 0x00000000a6d00000, 0x00000000a6c00000| Untracked 
| 109|0x00000000a6d00000, 0x00000000a6e00000, 0x00000000a6e00000|100%| O|  |TAMS 0x00000000a6e00000, 0x00000000a6d00000| Untracked 
| 110|0x00000000a6e00000, 0x00000000a6f00000, 0x00000000a6f00000|100%| O|  |TAMS 0x00000000a6f00000, 0x00000000a6e00000| Untracked 
| 111|0x00000000a6f00000, 0x00000000a7000000, 0x00000000a7000000|100%| O|  |TAMS 0x00000000a7000000, 0x00000000a6f00000| Untracked 
| 112|0x00000000a7000000, 0x00000000a7000000, 0x00000000a7100000|  0%| F|  |TAMS 0x00000000a7000000, 0x00000000a7000000| Untracked 
| 113|0x00000000a7100000, 0x00000000a7100000, 0x00000000a7200000|  0%| F|  |TAMS 0x00000000a7100000, 0x00000000a7100000| Untracked 
| 114|0x00000000a7200000, 0x00000000a7200000, 0x00000000a7300000|  0%| F|  |TAMS 0x00000000a7200000, 0x00000000a7200000| Untracked 
| 115|0x00000000a7300000, 0x00000000a7300000, 0x00000000a7400000|  0%| F|  |TAMS 0x00000000a7300000, 0x00000000a7300000| Untracked 
| 116|0x00000000a7400000, 0x00000000a7400000, 0x00000000a7500000|  0%| F|  |TAMS 0x00000000a7400000, 0x00000000a7400000| Untracked 
| 117|0x00000000a7500000, 0x00000000a7500000, 0x00000000a7600000|  0%| F|  |TAMS 0x00000000a7500000, 0x00000000a7500000| Untracked 
| 118|0x00000000a7600000, 0x00000000a7600000, 0x00000000a7700000|  0%| F|  |TAMS 0x00000000a7600000, 0x00000000a7600000| Untracked 
| 119|0x00000000a7700000, 0x00000000a7700000, 0x00000000a7800000|  0%| F|  |TAMS 0x00000000a7700000, 0x00000000a7700000| Untracked 
| 120|0x00000000a7800000, 0x00000000a7800000, 0x00000000a7900000|  0%| F|  |TAMS 0x00000000a7800000, 0x00000000a7800000| Untracked 
| 121|0x00000000a7900000, 0x00000000a7900000, 0x00000000a7a00000|  0%| F|  |TAMS 0x00000000a7900000, 0x00000000a7900000| Untracked 
| 122|0x00000000a7a00000, 0x00000000a7a00000, 0x00000000a7b00000|  0%| F|  |TAMS 0x00000000a7a00000, 0x00000000a7a00000| Untracked 
| 123|0x00000000a7b00000, 0x00000000a7b00000, 0x00000000a7c00000|  0%| F|  |TAMS 0x00000000a7b00000, 0x00000000a7b00000| Untracked 
| 124|0x00000000a7c00000, 0x00000000a7c00000, 0x00000000a7d00000|  0%| F|  |TAMS 0x00000000a7c00000, 0x00000000a7c00000| Untracked 
| 125|0x00000000a7d00000, 0x00000000a7d00000, 0x00000000a7e00000|  0%| F|  |TAMS 0x00000000a7d00000, 0x00000000a7d00000| Untracked 
| 126|0x00000000a7e00000, 0x00000000a7f00000, 0x00000000a7f00000|100%| O|  |TAMS 0x00000000a7f00000, 0x00000000a7e00000| Untracked 
| 127|0x00000000a7f00000, 0x00000000a7f00000, 0x00000000a8000000|  0%| F|  |TAMS 0x00000000a7f00000, 0x00000000a7f00000| Untracked 
| 128|0x00000000a8000000, 0x00000000a8100000, 0x00000000a8100000|100%| O|  |TAMS 0x00000000a8100000, 0x00000000a8000000| Untracked 
| 129|0x00000000a8100000, 0x00000000a8200000, 0x00000000a8200000|100%| O|  |TAMS 0x00000000a8200000, 0x00000000a8100000| Untracked 
| 130|0x00000000a8200000, 0x00000000a8300000, 0x00000000a8300000|100%| O|  |TAMS 0x00000000a8300000, 0x00000000a8200000| Untracked 
| 131|0x00000000a8300000, 0x00000000a8300000, 0x00000000a8400000|  0%| F|  |TAMS 0x00000000a8300000, 0x00000000a8300000| Untracked 
| 132|0x00000000a8400000, 0x00000000a8500000, 0x00000000a8500000|100%| O|  |TAMS 0x00000000a8500000, 0x00000000a8400000| Untracked 
| 133|0x00000000a8500000, 0x00000000a8600000, 0x00000000a8600000|100%| O|  |TAMS 0x00000000a8600000, 0x00000000a8500000| Untracked 
| 134|0x00000000a8600000, 0x00000000a8600000, 0x00000000a8700000|  0%| F|  |TAMS 0x00000000a8600000, 0x00000000a8600000| Untracked 
| 135|0x00000000a8700000, 0x00000000a8700000, 0x00000000a8800000|  0%| F|  |TAMS 0x00000000a8700000, 0x00000000a8700000| Untracked 
| 136|0x00000000a8800000, 0x00000000a8800000, 0x00000000a8900000|  0%| F|  |TAMS 0x00000000a8800000, 0x00000000a8800000| Untracked 
| 137|0x00000000a8900000, 0x00000000a8900000, 0x00000000a8a00000|  0%| F|  |TAMS 0x00000000a8900000, 0x00000000a8900000| Untracked 
| 138|0x00000000a8a00000, 0x00000000a8b00000, 0x00000000a8b00000|100%| O|  |TAMS 0x00000000a8b00000, 0x00000000a8a00000| Untracked 
| 139|0x00000000a8b00000, 0x00000000a8b00000, 0x00000000a8c00000|  0%| F|  |TAMS 0x00000000a8b00000, 0x00000000a8b00000| Untracked 
| 140|0x00000000a8c00000, 0x00000000a8d00000, 0x00000000a8d00000|100%| O|  |TAMS 0x00000000a8d00000, 0x00000000a8c00000| Untracked 
| 141|0x00000000a8d00000, 0x00000000a8e00000, 0x00000000a8e00000|100%| O|  |TAMS 0x00000000a8e00000, 0x00000000a8d00000| Untracked 
| 142|0x00000000a8e00000, 0x00000000a8f00000, 0x00000000a8f00000|100%| O|  |TAMS 0x00000000a8f00000, 0x00000000a8e00000| Untracked 
| 143|0x00000000a8f00000, 0x00000000a8f00000, 0x00000000a9000000|  0%| F|  |TAMS 0x00000000a8f00000, 0x00000000a8f00000| Untracked 
| 144|0x00000000a9000000, 0x00000000a9100000, 0x00000000a9100000|100%| O|  |TAMS 0x00000000a9100000, 0x00000000a9000000| Untracked 
| 145|0x00000000a9100000, 0x00000000a9200000, 0x00000000a9200000|100%| O|  |TAMS 0x00000000a9200000, 0x00000000a9100000| Untracked 
| 146|0x00000000a9200000, 0x00000000a9300000, 0x00000000a9300000|100%| O|  |TAMS 0x00000000a9300000, 0x00000000a9200000| Untracked 
| 147|0x00000000a9300000, 0x00000000a9400000, 0x00000000a9400000|100%| O|  |TAMS 0x00000000a9400000, 0x00000000a9300000| Untracked 
| 148|0x00000000a9400000, 0x00000000a9500000, 0x00000000a9500000|100%| O|  |TAMS 0x00000000a9500000, 0x00000000a9400000| Untracked 
| 149|0x00000000a9500000, 0x00000000a9600000, 0x00000000a9600000|100%| O|  |TAMS 0x00000000a9600000, 0x00000000a9500000| Untracked 
| 150|0x00000000a9600000, 0x00000000a9700000, 0x00000000a9700000|100%| O|  |TAMS 0x00000000a9700000, 0x00000000a9600000| Untracked 
| 151|0x00000000a9700000, 0x00000000a9800000, 0x00000000a9800000|100%| O|  |TAMS 0x00000000a9800000, 0x00000000a9700000| Untracked 
| 152|0x00000000a9800000, 0x00000000a9900000, 0x00000000a9900000|100%| O|  |TAMS 0x00000000a9900000, 0x00000000a9800000| Untracked 
| 153|0x00000000a9900000, 0x00000000a9a00000, 0x00000000a9a00000|100%| O|  |TAMS 0x00000000a9a00000, 0x00000000a9900000| Untracked 
| 154|0x00000000a9a00000, 0x00000000a9b00000, 0x00000000a9b00000|100%| O|  |TAMS 0x00000000a9b00000, 0x00000000a9a00000| Untracked 
| 155|0x00000000a9b00000, 0x00000000a9c00000, 0x00000000a9c00000|100%| O|  |TAMS 0x00000000a9c00000, 0x00000000a9b00000| Untracked 
| 156|0x00000000a9c00000, 0x00000000a9d00000, 0x00000000a9d00000|100%| O|  |TAMS 0x00000000a9d00000, 0x00000000a9c00000| Untracked 
| 157|0x00000000a9d00000, 0x00000000a9e00000, 0x00000000a9e00000|100%| O|  |TAMS 0x00000000a9e00000, 0x00000000a9d00000| Untracked 
| 158|0x00000000a9e00000, 0x00000000a9f00000, 0x00000000a9f00000|100%| O|  |TAMS 0x00000000a9f00000, 0x00000000a9e00000| Untracked 
| 159|0x00000000a9f00000, 0x00000000aa000000, 0x00000000aa000000|100%| O|  |TAMS 0x00000000aa000000, 0x00000000a9f00000| Untracked 
| 160|0x00000000aa000000, 0x00000000aa100000, 0x00000000aa100000|100%| O|  |TAMS 0x00000000aa100000, 0x00000000aa000000| Untracked 
| 161|0x00000000aa100000, 0x00000000aa200000, 0x00000000aa200000|100%| O|  |TAMS 0x00000000aa200000, 0x00000000aa100000| Untracked 
| 162|0x00000000aa200000, 0x00000000aa300000, 0x00000000aa300000|100%| O|  |TAMS 0x00000000aa300000, 0x00000000aa200000| Untracked 
| 163|0x00000000aa300000, 0x00000000aa400000, 0x00000000aa400000|100%| O|  |TAMS 0x00000000aa400000, 0x00000000aa300000| Untracked 
| 164|0x00000000aa400000, 0x00000000aa500000, 0x00000000aa500000|100%| O|  |TAMS 0x00000000aa500000, 0x00000000aa400000| Untracked 
| 165|0x00000000aa500000, 0x00000000aa600000, 0x00000000aa600000|100%| O|  |TAMS 0x00000000aa600000, 0x00000000aa500000| Untracked 
| 166|0x00000000aa600000, 0x00000000aa700000, 0x00000000aa700000|100%| O|  |TAMS 0x00000000aa700000, 0x00000000aa600000| Untracked 
| 167|0x00000000aa700000, 0x00000000aa800000, 0x00000000aa800000|100%| O|  |TAMS 0x00000000aa800000, 0x00000000aa700000| Untracked 
| 168|0x00000000aa800000, 0x00000000aa900000, 0x00000000aa900000|100%| O|  |TAMS 0x00000000aa900000, 0x00000000aa800000| Untracked 
| 169|0x00000000aa900000, 0x00000000aaa00000, 0x00000000aaa00000|100%| O|  |TAMS 0x00000000aaa00000, 0x00000000aa900000| Untracked 
| 170|0x00000000aaa00000, 0x00000000aaa00000, 0x00000000aab00000|  0%| F|  |TAMS 0x00000000aaa00000, 0x00000000aaa00000| Untracked 
| 171|0x00000000aab00000, 0x00000000aac00000, 0x00000000aac00000|100%| O|  |TAMS 0x00000000aac00000, 0x00000000aab00000| Untracked 
| 172|0x00000000aac00000, 0x00000000aad00000, 0x00000000aad00000|100%| O|  |TAMS 0x00000000aad00000, 0x00000000aac00000| Untracked 
| 173|0x00000000aad00000, 0x00000000aae00000, 0x00000000aae00000|100%| O|  |TAMS 0x00000000aae00000, 0x00000000aad00000| Untracked 
| 174|0x00000000aae00000, 0x00000000aaf00000, 0x00000000aaf00000|100%| O|  |TAMS 0x00000000aaf00000, 0x00000000aae00000| Untracked 
| 175|0x00000000aaf00000, 0x00000000ab000000, 0x00000000ab000000|100%| O|  |TAMS 0x00000000ab000000, 0x00000000aaf00000| Untracked 
| 176|0x00000000ab000000, 0x00000000ab100000, 0x00000000ab100000|100%| O|  |TAMS 0x00000000ab100000, 0x00000000ab000000| Untracked 
| 177|0x00000000ab100000, 0x00000000ab200000, 0x00000000ab200000|100%| O|  |TAMS 0x00000000ab200000, 0x00000000ab100000| Untracked 
| 178|0x00000000ab200000, 0x00000000ab300000, 0x00000000ab300000|100%| O|  |TAMS 0x00000000ab300000, 0x00000000ab200000| Untracked 
| 179|0x00000000ab300000, 0x00000000ab400000, 0x00000000ab400000|100%| O|  |TAMS 0x00000000ab400000, 0x00000000ab300000| Untracked 
| 180|0x00000000ab400000, 0x00000000ab500000, 0x00000000ab500000|100%| O|  |TAMS 0x00000000ab500000, 0x00000000ab400000| Untracked 
| 181|0x00000000ab500000, 0x00000000ab600000, 0x00000000ab600000|100%| O|  |TAMS 0x00000000ab600000, 0x00000000ab500000| Untracked 
| 182|0x00000000ab600000, 0x00000000ab700000, 0x00000000ab700000|100%| O|  |TAMS 0x00000000ab700000, 0x00000000ab600000| Untracked 
| 183|0x00000000ab700000, 0x00000000ab800000, 0x00000000ab800000|100%| O|  |TAMS 0x00000000ab800000, 0x00000000ab700000| Untracked 
| 184|0x00000000ab800000, 0x00000000ab900000, 0x00000000ab900000|100%| O|  |TAMS 0x00000000ab900000, 0x00000000ab800000| Untracked 
| 185|0x00000000ab900000, 0x00000000aba00000, 0x00000000aba00000|100%| O|  |TAMS 0x00000000aba00000, 0x00000000ab900000| Untracked 
| 186|0x00000000aba00000, 0x00000000abb00000, 0x00000000abb00000|100%| O|  |TAMS 0x00000000abb00000, 0x00000000aba00000| Untracked 
| 187|0x00000000abb00000, 0x00000000abc00000, 0x00000000abc00000|100%| O|  |TAMS 0x00000000abbae600, 0x00000000abb00000| Untracked 
| 188|0x00000000abc00000, 0x00000000abd00000, 0x00000000abd00000|100%| O|  |TAMS 0x00000000abd00000, 0x00000000abc00000| Untracked 
| 189|0x00000000abd00000, 0x00000000abe00000, 0x00000000abe00000|100%| O|  |TAMS 0x00000000abe00000, 0x00000000abd00000| Untracked 
| 190|0x00000000abe00000, 0x00000000abf00000, 0x00000000abf00000|100%| O|  |TAMS 0x00000000abf00000, 0x00000000abe00000| Untracked 
| 191|0x00000000abf00000, 0x00000000ac000000, 0x00000000ac000000|100%| O|  |TAMS 0x00000000ac000000, 0x00000000abf00000| Untracked 
| 192|0x00000000ac000000, 0x00000000ac100000, 0x00000000ac100000|100%| O|  |TAMS 0x00000000ac100000, 0x00000000ac000000| Untracked 
| 193|0x00000000ac100000, 0x00000000ac200000, 0x00000000ac200000|100%| O|  |TAMS 0x00000000ac200000, 0x00000000ac100000| Untracked 
| 194|0x00000000ac200000, 0x00000000ac200000, 0x00000000ac300000|  0%| F|  |TAMS 0x00000000ac200000, 0x00000000ac200000| Untracked 
| 195|0x00000000ac300000, 0x00000000ac300000, 0x00000000ac400000|  0%| F|  |TAMS 0x00000000ac300000, 0x00000000ac300000| Untracked 
| 196|0x00000000ac400000, 0x00000000ac400000, 0x00000000ac500000|  0%| F|  |TAMS 0x00000000ac400000, 0x00000000ac400000| Untracked 
| 197|0x00000000ac500000, 0x00000000ac500000, 0x00000000ac600000|  0%| F|  |TAMS 0x00000000ac500000, 0x00000000ac500000| Untracked 
| 198|0x00000000ac600000, 0x00000000ac600000, 0x00000000ac700000|  0%| F|  |TAMS 0x00000000ac600000, 0x00000000ac600000| Untracked 
| 199|0x00000000ac700000, 0x00000000ac700000, 0x00000000ac800000|  0%| F|  |TAMS 0x00000000ac700000, 0x00000000ac700000| Untracked 
| 200|0x00000000ac800000, 0x00000000ac800000, 0x00000000ac900000|  0%| F|  |TAMS 0x00000000ac800000, 0x00000000ac800000| Untracked 
| 201|0x00000000ac900000, 0x00000000ac900000, 0x00000000aca00000|  0%| F|  |TAMS 0x00000000ac900000, 0x00000000ac900000| Untracked 
| 202|0x00000000aca00000, 0x00000000aca00000, 0x00000000acb00000|  0%| F|  |TAMS 0x00000000aca00000, 0x00000000aca00000| Untracked 
| 203|0x00000000acb00000, 0x00000000acb00000, 0x00000000acc00000|  0%| F|  |TAMS 0x00000000acb00000, 0x00000000acb00000| Untracked 
| 204|0x00000000acc00000, 0x00000000acc00000, 0x00000000acd00000|  0%| F|  |TAMS 0x00000000acc00000, 0x00000000acc00000| Untracked 
| 205|0x00000000acd00000, 0x00000000acd00000, 0x00000000ace00000|  0%| F|  |TAMS 0x00000000acd00000, 0x00000000acd00000| Untracked 
| 206|0x00000000ace00000, 0x00000000ace00000, 0x00000000acf00000|  0%| F|  |TAMS 0x00000000ace00000, 0x00000000ace00000| Untracked 
| 207|0x00000000acf00000, 0x00000000acf00000, 0x00000000ad000000|  0%| F|  |TAMS 0x00000000acf00000, 0x00000000acf00000| Untracked 
| 208|0x00000000ad000000, 0x00000000ad000000, 0x00000000ad100000|  0%| F|  |TAMS 0x00000000ad000000, 0x00000000ad000000| Untracked 
| 209|0x00000000ad100000, 0x00000000ad100000, 0x00000000ad200000|  0%| F|  |TAMS 0x00000000ad100000, 0x00000000ad100000| Untracked 
| 210|0x00000000ad200000, 0x00000000ad200000, 0x00000000ad300000|  0%| F|  |TAMS 0x00000000ad200000, 0x00000000ad200000| Untracked 
| 211|0x00000000ad300000, 0x00000000ad300000, 0x00000000ad400000|  0%| F|  |TAMS 0x00000000ad300000, 0x00000000ad300000| Untracked 
| 212|0x00000000ad400000, 0x00000000ad400000, 0x00000000ad500000|  0%| F|  |TAMS 0x00000000ad400000, 0x00000000ad400000| Untracked 
| 213|0x00000000ad500000, 0x00000000ad500000, 0x00000000ad600000|  0%| F|  |TAMS 0x00000000ad500000, 0x00000000ad500000| Untracked 
| 214|0x00000000ad600000, 0x00000000ad600000, 0x00000000ad700000|  0%| F|  |TAMS 0x00000000ad600000, 0x00000000ad600000| Untracked 
| 215|0x00000000ad700000, 0x00000000ad700000, 0x00000000ad800000|  0%| F|  |TAMS 0x00000000ad700000, 0x00000000ad700000| Untracked 
| 216|0x00000000ad800000, 0x00000000ad800000, 0x00000000ad900000|  0%| F|  |TAMS 0x00000000ad800000, 0x00000000ad800000| Untracked 
| 217|0x00000000ad900000, 0x00000000ad900000, 0x00000000ada00000|  0%| F|  |TAMS 0x00000000ad900000, 0x00000000ad900000| Untracked 
| 218|0x00000000ada00000, 0x00000000ada00000, 0x00000000adb00000|  0%| F|  |TAMS 0x00000000ada00000, 0x00000000ada00000| Untracked 
| 219|0x00000000adb00000, 0x00000000adb00000, 0x00000000adc00000|  0%| F|  |TAMS 0x00000000adb00000, 0x00000000adb00000| Untracked 
| 220|0x00000000adc00000, 0x00000000adc00000, 0x00000000add00000|  0%| F|  |TAMS 0x00000000adc00000, 0x00000000adc00000| Untracked 
| 221|0x00000000add00000, 0x00000000add00000, 0x00000000ade00000|  0%| F|  |TAMS 0x00000000add00000, 0x00000000add00000| Untracked 
| 222|0x00000000ade00000, 0x00000000ade00000, 0x00000000adf00000|  0%| F|  |TAMS 0x00000000ade00000, 0x00000000ade00000| Untracked 
| 223|0x00000000adf00000, 0x00000000adf00000, 0x00000000ae000000|  0%| F|  |TAMS 0x00000000adf00000, 0x00000000adf00000| Untracked 
| 224|0x00000000ae000000, 0x00000000ae000000, 0x00000000ae100000|  0%| F|  |TAMS 0x00000000ae000000, 0x00000000ae000000| Untracked 
| 225|0x00000000ae100000, 0x00000000ae100000, 0x00000000ae200000|  0%| F|  |TAMS 0x00000000ae100000, 0x00000000ae100000| Untracked 
| 226|0x00000000ae200000, 0x00000000ae200000, 0x00000000ae300000|  0%| F|  |TAMS 0x00000000ae200000, 0x00000000ae200000| Untracked 
| 227|0x00000000ae300000, 0x00000000ae300000, 0x00000000ae400000|  0%| F|  |TAMS 0x00000000ae300000, 0x00000000ae300000| Untracked 
| 228|0x00000000ae400000, 0x00000000ae400000, 0x00000000ae500000|  0%| F|  |TAMS 0x00000000ae400000, 0x00000000ae400000| Untracked 
| 229|0x00000000ae500000, 0x00000000ae500000, 0x00000000ae600000|  0%| F|  |TAMS 0x00000000ae500000, 0x00000000ae500000| Untracked 
| 230|0x00000000ae600000, 0x00000000ae600000, 0x00000000ae700000|  0%| F|  |TAMS 0x00000000ae600000, 0x00000000ae600000| Untracked 
| 231|0x00000000ae700000, 0x00000000ae700000, 0x00000000ae800000|  0%| F|  |TAMS 0x00000000ae700000, 0x00000000ae700000| Untracked 
| 232|0x00000000ae800000, 0x00000000ae800000, 0x00000000ae900000|  0%| F|  |TAMS 0x00000000ae800000, 0x00000000ae800000| Untracked 
| 233|0x00000000ae900000, 0x00000000ae900000, 0x00000000aea00000|  0%| F|  |TAMS 0x00000000ae900000, 0x00000000ae900000| Untracked 
| 234|0x00000000aea00000, 0x00000000aea00000, 0x00000000aeb00000|  0%| F|  |TAMS 0x00000000aea00000, 0x00000000aea00000| Untracked 
| 235|0x00000000aeb00000, 0x00000000aeb00000, 0x00000000aec00000|  0%| F|  |TAMS 0x00000000aeb00000, 0x00000000aeb00000| Untracked 
| 236|0x00000000aec00000, 0x00000000aec00000, 0x00000000aed00000|  0%| F|  |TAMS 0x00000000aec00000, 0x00000000aec00000| Untracked 
| 237|0x00000000aed00000, 0x00000000aed00000, 0x00000000aee00000|  0%| F|  |TAMS 0x00000000aed00000, 0x00000000aed00000| Untracked 
| 238|0x00000000aee00000, 0x00000000aee00000, 0x00000000aef00000|  0%| F|  |TAMS 0x00000000aee00000, 0x00000000aee00000| Untracked 
| 239|0x00000000aef00000, 0x00000000aef00000, 0x00000000af000000|  0%| F|  |TAMS 0x00000000aef00000, 0x00000000aef00000| Untracked 
| 240|0x00000000af000000, 0x00000000af000000, 0x00000000af100000|  0%| F|  |TAMS 0x00000000af000000, 0x00000000af000000| Untracked 
| 241|0x00000000af100000, 0x00000000af100000, 0x00000000af200000|  0%| F|  |TAMS 0x00000000af100000, 0x00000000af100000| Untracked 
| 242|0x00000000af200000, 0x00000000af200000, 0x00000000af300000|  0%| F|  |TAMS 0x00000000af200000, 0x00000000af200000| Untracked 
| 243|0x00000000af300000, 0x00000000af300000, 0x00000000af400000|  0%| F|  |TAMS 0x00000000af300000, 0x00000000af300000| Untracked 
| 244|0x00000000af400000, 0x00000000af400000, 0x00000000af500000|  0%| F|  |TAMS 0x00000000af400000, 0x00000000af400000| Untracked 
| 245|0x00000000af500000, 0x00000000af500000, 0x00000000af600000|  0%| F|  |TAMS 0x00000000af500000, 0x00000000af500000| Untracked 
| 246|0x00000000af600000, 0x00000000af600000, 0x00000000af700000|  0%| F|  |TAMS 0x00000000af600000, 0x00000000af600000| Untracked 
| 247|0x00000000af700000, 0x00000000af700000, 0x00000000af800000|  0%| F|  |TAMS 0x00000000af700000, 0x00000000af700000| Untracked 
| 248|0x00000000af800000, 0x00000000af800000, 0x00000000af900000|  0%| F|  |TAMS 0x00000000af800000, 0x00000000af800000| Untracked 
| 249|0x00000000af900000, 0x00000000af900000, 0x00000000afa00000|  0%| F|  |TAMS 0x00000000af900000, 0x00000000af900000| Untracked 
| 250|0x00000000afa00000, 0x00000000afa00000, 0x00000000afb00000|  0%| F|  |TAMS 0x00000000afa00000, 0x00000000afa00000| Untracked 
| 251|0x00000000afb00000, 0x00000000afb00000, 0x00000000afc00000|  0%| F|  |TAMS 0x00000000afb00000, 0x00000000afb00000| Untracked 
| 252|0x00000000afc00000, 0x00000000afc00000, 0x00000000afd00000|  0%| F|  |TAMS 0x00000000afc00000, 0x00000000afc00000| Untracked 
| 253|0x00000000afd00000, 0x00000000afd00000, 0x00000000afe00000|  0%| F|  |TAMS 0x00000000afd00000, 0x00000000afd00000| Untracked 
| 254|0x00000000afe00000, 0x00000000afe00000, 0x00000000aff00000|  0%| F|  |TAMS 0x00000000afe00000, 0x00000000afe00000| Untracked 
| 255|0x00000000aff00000, 0x00000000aff00000, 0x00000000b0000000|  0%| F|  |TAMS 0x00000000aff00000, 0x00000000aff00000| Untracked 
| 256|0x00000000b0000000, 0x00000000b0000000, 0x00000000b0100000|  0%| F|  |TAMS 0x00000000b0000000, 0x00000000b0000000| Untracked 
| 257|0x00000000b0100000, 0x00000000b0100000, 0x00000000b0200000|  0%| F|  |TAMS 0x00000000b0100000, 0x00000000b0100000| Untracked 
| 258|0x00000000b0200000, 0x00000000b0200000, 0x00000000b0300000|  0%| F|  |TAMS 0x00000000b0200000, 0x00000000b0200000| Untracked 
| 259|0x00000000b0300000, 0x00000000b0300000, 0x00000000b0400000|  0%| F|  |TAMS 0x00000000b0300000, 0x00000000b0300000| Untracked 
| 260|0x00000000b0400000, 0x00000000b0400000, 0x00000000b0500000|  0%| F|  |TAMS 0x00000000b0400000, 0x00000000b0400000| Untracked 
| 261|0x00000000b0500000, 0x00000000b0500000, 0x00000000b0600000|  0%| F|  |TAMS 0x00000000b0500000, 0x00000000b0500000| Untracked 
| 262|0x00000000b0600000, 0x00000000b0600000, 0x00000000b0700000|  0%| F|  |TAMS 0x00000000b0600000, 0x00000000b0600000| Untracked 
| 263|0x00000000b0700000, 0x00000000b0700000, 0x00000000b0800000|  0%| F|  |TAMS 0x00000000b0700000, 0x00000000b0700000| Untracked 
| 264|0x00000000b0800000, 0x00000000b0800000, 0x00000000b0900000|  0%| F|  |TAMS 0x00000000b0800000, 0x00000000b0800000| Untracked 
| 265|0x00000000b0900000, 0x00000000b0900000, 0x00000000b0a00000|  0%| F|  |TAMS 0x00000000b0900000, 0x00000000b0900000| Untracked 
| 266|0x00000000b0a00000, 0x00000000b0a00000, 0x00000000b0b00000|  0%| F|  |TAMS 0x00000000b0a00000, 0x00000000b0a00000| Untracked 
| 267|0x00000000b0b00000, 0x00000000b0b00000, 0x00000000b0c00000|  0%| F|  |TAMS 0x00000000b0b00000, 0x00000000b0b00000| Untracked 
| 268|0x00000000b0c00000, 0x00000000b0c00000, 0x00000000b0d00000|  0%| F|  |TAMS 0x00000000b0c00000, 0x00000000b0c00000| Untracked 
| 269|0x00000000b0d00000, 0x00000000b0d00000, 0x00000000b0e00000|  0%| F|  |TAMS 0x00000000b0d00000, 0x00000000b0d00000| Untracked 
| 270|0x00000000b0e00000, 0x00000000b0e00000, 0x00000000b0f00000|  0%| F|  |TAMS 0x00000000b0e00000, 0x00000000b0e00000| Untracked 
| 271|0x00000000b0f00000, 0x00000000b0f00000, 0x00000000b1000000|  0%| F|  |TAMS 0x00000000b0f00000, 0x00000000b0f00000| Untracked 
| 272|0x00000000b1000000, 0x00000000b1000000, 0x00000000b1100000|  0%| F|  |TAMS 0x00000000b1000000, 0x00000000b1000000| Untracked 
| 273|0x00000000b1100000, 0x00000000b1100000, 0x00000000b1200000|  0%| F|  |TAMS 0x00000000b1100000, 0x00000000b1100000| Untracked 
| 274|0x00000000b1200000, 0x00000000b1200000, 0x00000000b1300000|  0%| F|  |TAMS 0x00000000b1200000, 0x00000000b1200000| Untracked 
| 275|0x00000000b1300000, 0x00000000b1300000, 0x00000000b1400000|  0%| F|  |TAMS 0x00000000b1300000, 0x00000000b1300000| Untracked 
| 276|0x00000000b1400000, 0x00000000b1400000, 0x00000000b1500000|  0%| F|  |TAMS 0x00000000b1400000, 0x00000000b1400000| Untracked 
| 277|0x00000000b1500000, 0x00000000b1500000, 0x00000000b1600000|  0%| F|  |TAMS 0x00000000b1500000, 0x00000000b1500000| Untracked 
| 278|0x00000000b1600000, 0x00000000b1600000, 0x00000000b1700000|  0%| F|  |TAMS 0x00000000b1600000, 0x00000000b1600000| Untracked 
| 279|0x00000000b1700000, 0x00000000b1700000, 0x00000000b1800000|  0%| F|  |TAMS 0x00000000b1700000, 0x00000000b1700000| Untracked 
| 280|0x00000000b1800000, 0x00000000b1800000, 0x00000000b1900000|  0%| F|  |TAMS 0x00000000b1800000, 0x00000000b1800000| Untracked 
| 281|0x00000000b1900000, 0x00000000b1900000, 0x00000000b1a00000|  0%| F|  |TAMS 0x00000000b1900000, 0x00000000b1900000| Untracked 
| 282|0x00000000b1a00000, 0x00000000b1a00000, 0x00000000b1b00000|  0%| F|  |TAMS 0x00000000b1a00000, 0x00000000b1a00000| Untracked 
| 283|0x00000000b1b00000, 0x00000000b1b00000, 0x00000000b1c00000|  0%| F|  |TAMS 0x00000000b1b00000, 0x00000000b1b00000| Untracked 
| 284|0x00000000b1c00000, 0x00000000b1c00000, 0x00000000b1d00000|  0%| F|  |TAMS 0x00000000b1c00000, 0x00000000b1c00000| Untracked 
| 285|0x00000000b1d00000, 0x00000000b1d00000, 0x00000000b1e00000|  0%| F|  |TAMS 0x00000000b1d00000, 0x00000000b1d00000| Untracked 
| 286|0x00000000b1e00000, 0x00000000b1e00000, 0x00000000b1f00000|  0%| F|  |TAMS 0x00000000b1e00000, 0x00000000b1e00000| Untracked 
| 287|0x00000000b1f00000, 0x00000000b1f00000, 0x00000000b2000000|  0%| F|  |TAMS 0x00000000b1f00000, 0x00000000b1f00000| Untracked 
| 288|0x00000000b2000000, 0x00000000b2000000, 0x00000000b2100000|  0%| F|  |TAMS 0x00000000b2000000, 0x00000000b2000000| Untracked 
| 289|0x00000000b2100000, 0x00000000b2100000, 0x00000000b2200000|  0%| F|  |TAMS 0x00000000b2100000, 0x00000000b2100000| Untracked 
| 290|0x00000000b2200000, 0x00000000b2200000, 0x00000000b2300000|  0%| F|  |TAMS 0x00000000b2200000, 0x00000000b2200000| Untracked 
| 291|0x00000000b2300000, 0x00000000b2300000, 0x00000000b2400000|  0%| F|  |TAMS 0x00000000b2300000, 0x00000000b2300000| Untracked 
| 292|0x00000000b2400000, 0x00000000b2400000, 0x00000000b2500000|  0%| F|  |TAMS 0x00000000b2400000, 0x00000000b2400000| Untracked 
| 293|0x00000000b2500000, 0x00000000b2500000, 0x00000000b2600000|  0%| F|  |TAMS 0x00000000b2500000, 0x00000000b2500000| Untracked 
| 294|0x00000000b2600000, 0x00000000b2600000, 0x00000000b2700000|  0%| F|  |TAMS 0x00000000b2600000, 0x00000000b2600000| Untracked 
| 295|0x00000000b2700000, 0x00000000b2700000, 0x00000000b2800000|  0%| F|  |TAMS 0x00000000b2700000, 0x00000000b2700000| Untracked 
| 296|0x00000000b2800000, 0x00000000b2800000, 0x00000000b2900000|  0%| F|  |TAMS 0x00000000b2800000, 0x00000000b2800000| Untracked 
| 297|0x00000000b2900000, 0x00000000b2900000, 0x00000000b2a00000|  0%| F|  |TAMS 0x00000000b2900000, 0x00000000b2900000| Untracked 
| 298|0x00000000b2a00000, 0x00000000b2a00000, 0x00000000b2b00000|  0%| F|  |TAMS 0x00000000b2a00000, 0x00000000b2a00000| Untracked 
| 299|0x00000000b2b00000, 0x00000000b2b00000, 0x00000000b2c00000|  0%| F|  |TAMS 0x00000000b2b00000, 0x00000000b2b00000| Untracked 
| 300|0x00000000b2c00000, 0x00000000b2c00000, 0x00000000b2d00000|  0%| F|  |TAMS 0x00000000b2c00000, 0x00000000b2c00000| Untracked 
| 301|0x00000000b2d00000, 0x00000000b2d00000, 0x00000000b2e00000|  0%| F|  |TAMS 0x00000000b2d00000, 0x00000000b2d00000| Untracked 
| 302|0x00000000b2e00000, 0x00000000b2e00000, 0x00000000b2f00000|  0%| F|  |TAMS 0x00000000b2e00000, 0x00000000b2e00000| Untracked 
| 303|0x00000000b2f00000, 0x00000000b2f00000, 0x00000000b3000000|  0%| F|  |TAMS 0x00000000b2f00000, 0x00000000b2f00000| Untracked 
| 304|0x00000000b3000000, 0x00000000b3000000, 0x00000000b3100000|  0%| F|  |TAMS 0x00000000b3000000, 0x00000000b3000000| Untracked 
| 305|0x00000000b3100000, 0x00000000b3100000, 0x00000000b3200000|  0%| F|  |TAMS 0x00000000b3100000, 0x00000000b3100000| Untracked 
| 306|0x00000000b3200000, 0x00000000b3200000, 0x00000000b3300000|  0%| F|  |TAMS 0x00000000b3200000, 0x00000000b3200000| Untracked 
| 307|0x00000000b3300000, 0x00000000b3300000, 0x00000000b3400000|  0%| F|  |TAMS 0x00000000b3300000, 0x00000000b3300000| Untracked 
| 308|0x00000000b3400000, 0x00000000b3400000, 0x00000000b3500000|  0%| F|  |TAMS 0x00000000b3400000, 0x00000000b3400000| Untracked 
| 309|0x00000000b3500000, 0x00000000b3500000, 0x00000000b3600000|  0%| F|  |TAMS 0x00000000b3500000, 0x00000000b3500000| Untracked 
| 310|0x00000000b3600000, 0x00000000b3600000, 0x00000000b3700000|  0%| F|  |TAMS 0x00000000b3600000, 0x00000000b3600000| Untracked 
| 311|0x00000000b3700000, 0x00000000b3700000, 0x00000000b3800000|  0%| F|  |TAMS 0x00000000b3700000, 0x00000000b3700000| Untracked 
| 312|0x00000000b3800000, 0x00000000b3800000, 0x00000000b3900000|  0%| F|  |TAMS 0x00000000b3800000, 0x00000000b3800000| Untracked 
| 313|0x00000000b3900000, 0x00000000b3900000, 0x00000000b3a00000|  0%| F|  |TAMS 0x00000000b3900000, 0x00000000b3900000| Untracked 
| 314|0x00000000b3a00000, 0x00000000b3a00000, 0x00000000b3b00000|  0%| F|  |TAMS 0x00000000b3a00000, 0x00000000b3a00000| Untracked 
| 315|0x00000000b3b00000, 0x00000000b3b00000, 0x00000000b3c00000|  0%| F|  |TAMS 0x00000000b3b00000, 0x00000000b3b00000| Untracked 
| 316|0x00000000b3c00000, 0x00000000b3c00000, 0x00000000b3d00000|  0%| F|  |TAMS 0x00000000b3c00000, 0x00000000b3c00000| Untracked 
| 317|0x00000000b3d00000, 0x00000000b3d00000, 0x00000000b3e00000|  0%| F|  |TAMS 0x00000000b3d00000, 0x00000000b3d00000| Untracked 
| 318|0x00000000b3e00000, 0x00000000b3e00000, 0x00000000b3f00000|  0%| F|  |TAMS 0x00000000b3e00000, 0x00000000b3e00000| Untracked 
| 319|0x00000000b3f00000, 0x00000000b3f00000, 0x00000000b4000000|  0%| F|  |TAMS 0x00000000b3f00000, 0x00000000b3f00000| Untracked 
| 320|0x00000000b4000000, 0x00000000b4000000, 0x00000000b4100000|  0%| F|  |TAMS 0x00000000b4000000, 0x00000000b4000000| Untracked 
| 321|0x00000000b4100000, 0x00000000b4100000, 0x00000000b4200000|  0%| F|  |TAMS 0x00000000b4100000, 0x00000000b4100000| Untracked 
| 322|0x00000000b4200000, 0x00000000b4200000, 0x00000000b4300000|  0%| F|  |TAMS 0x00000000b4200000, 0x00000000b4200000| Untracked 
| 323|0x00000000b4300000, 0x00000000b4300000, 0x00000000b4400000|  0%| F|  |TAMS 0x00000000b4300000, 0x00000000b4300000| Untracked 
| 324|0x00000000b4400000, 0x00000000b4400000, 0x00000000b4500000|  0%| F|  |TAMS 0x00000000b4400000, 0x00000000b4400000| Untracked 
| 325|0x00000000b4500000, 0x00000000b4500000, 0x00000000b4600000|  0%| F|  |TAMS 0x00000000b4500000, 0x00000000b4500000| Untracked 
| 326|0x00000000b4600000, 0x00000000b4600000, 0x00000000b4700000|  0%| F|  |TAMS 0x00000000b4600000, 0x00000000b4600000| Untracked 
| 327|0x00000000b4700000, 0x00000000b4700000, 0x00000000b4800000|  0%| F|  |TAMS 0x00000000b4700000, 0x00000000b4700000| Untracked 
| 328|0x00000000b4800000, 0x00000000b4800000, 0x00000000b4900000|  0%| F|  |TAMS 0x00000000b4800000, 0x00000000b4800000| Untracked 
| 329|0x00000000b4900000, 0x00000000b4900000, 0x00000000b4a00000|  0%| F|  |TAMS 0x00000000b4900000, 0x00000000b4900000| Untracked 
| 330|0x00000000b4a00000, 0x00000000b4a00000, 0x00000000b4b00000|  0%| F|  |TAMS 0x00000000b4a00000, 0x00000000b4a00000| Untracked 
| 331|0x00000000b4b00000, 0x00000000b4b00000, 0x00000000b4c00000|  0%| F|  |TAMS 0x00000000b4b00000, 0x00000000b4b00000| Untracked 
| 332|0x00000000b4c00000, 0x00000000b4c00000, 0x00000000b4d00000|  0%| F|  |TAMS 0x00000000b4c00000, 0x00000000b4c00000| Untracked 
| 333|0x00000000b4d00000, 0x00000000b4d00000, 0x00000000b4e00000|  0%| F|  |TAMS 0x00000000b4d00000, 0x00000000b4d00000| Untracked 
| 334|0x00000000b4e00000, 0x00000000b4e00000, 0x00000000b4f00000|  0%| F|  |TAMS 0x00000000b4e00000, 0x00000000b4e00000| Untracked 
| 335|0x00000000b4f00000, 0x00000000b4f00000, 0x00000000b5000000|  0%| F|  |TAMS 0x00000000b4f00000, 0x00000000b4f00000| Untracked 
| 336|0x00000000b5000000, 0x00000000b5000000, 0x00000000b5100000|  0%| F|  |TAMS 0x00000000b5000000, 0x00000000b5000000| Untracked 
| 337|0x00000000b5100000, 0x00000000b5100000, 0x00000000b5200000|  0%| F|  |TAMS 0x00000000b5100000, 0x00000000b5100000| Untracked 
| 338|0x00000000b5200000, 0x00000000b5200000, 0x00000000b5300000|  0%| F|  |TAMS 0x00000000b5200000, 0x00000000b5200000| Untracked 
| 339|0x00000000b5300000, 0x00000000b5300000, 0x00000000b5400000|  0%| F|  |TAMS 0x00000000b5300000, 0x00000000b5300000| Untracked 
| 340|0x00000000b5400000, 0x00000000b5400000, 0x00000000b5500000|  0%| F|  |TAMS 0x00000000b5400000, 0x00000000b5400000| Untracked 
| 341|0x00000000b5500000, 0x00000000b5500000, 0x00000000b5600000|  0%| F|  |TAMS 0x00000000b5500000, 0x00000000b5500000| Untracked 
| 342|0x00000000b5600000, 0x00000000b5600000, 0x00000000b5700000|  0%| F|  |TAMS 0x00000000b5600000, 0x00000000b5600000| Untracked 
| 343|0x00000000b5700000, 0x00000000b5700000, 0x00000000b5800000|  0%| F|  |TAMS 0x00000000b5700000, 0x00000000b5700000| Untracked 
| 344|0x00000000b5800000, 0x00000000b5800000, 0x00000000b5900000|  0%| F|  |TAMS 0x00000000b5800000, 0x00000000b5800000| Untracked 
| 345|0x00000000b5900000, 0x00000000b5900000, 0x00000000b5a00000|  0%| F|  |TAMS 0x00000000b5900000, 0x00000000b5900000| Untracked 
| 346|0x00000000b5a00000, 0x00000000b5b00000, 0x00000000b5b00000|100%| E|  |TAMS 0x00000000b5a00000, 0x00000000b5a00000| Complete 
| 347|0x00000000b5b00000, 0x00000000b5c00000, 0x00000000b5c00000|100%| E|CS|TAMS 0x00000000b5b00000, 0x00000000b5b00000| Complete 
| 348|0x00000000b5c00000, 0x00000000b5c321a8, 0x00000000b5d00000| 19%| S|CS|TAMS 0x00000000b5c00000, 0x00000000b5c00000| Complete 
| 349|0x00000000b5d00000, 0x00000000b5e00000, 0x00000000b5e00000|100%| S|CS|TAMS 0x00000000b5d00000, 0x00000000b5d00000| Complete 
| 350|0x00000000b5e00000, 0x00000000b5f00000, 0x00000000b5f00000|100%| E|CS|TAMS 0x00000000b5e00000, 0x00000000b5e00000| Complete 
| 351|0x00000000b5f00000, 0x00000000b6000000, 0x00000000b6000000|100%| E|CS|TAMS 0x00000000b5f00000, 0x00000000b5f00000| Complete 
| 352|0x00000000b6000000, 0x00000000b6100000, 0x00000000b6100000|100%| E|CS|TAMS 0x00000000b6000000, 0x00000000b6000000| Complete 
| 353|0x00000000b6100000, 0x00000000b6200000, 0x00000000b6200000|100%| E|CS|TAMS 0x00000000b6100000, 0x00000000b6100000| Complete 
| 354|0x00000000b6200000, 0x00000000b6300000, 0x00000000b6300000|100%| E|CS|TAMS 0x00000000b6200000, 0x00000000b6200000| Complete 
| 355|0x00000000b6300000, 0x00000000b6400000, 0x00000000b6400000|100%| E|CS|TAMS 0x00000000b6300000, 0x00000000b6300000| Complete 
| 356|0x00000000b6400000, 0x00000000b6500000, 0x00000000b6500000|100%| E|CS|TAMS 0x00000000b6400000, 0x00000000b6400000| Complete 
| 357|0x00000000b6500000, 0x00000000b6600000, 0x00000000b6600000|100%| E|CS|TAMS 0x00000000b6500000, 0x00000000b6500000| Complete 
| 358|0x00000000b6600000, 0x00000000b6700000, 0x00000000b6700000|100%| E|CS|TAMS 0x00000000b6600000, 0x00000000b6600000| Complete 
| 359|0x00000000b6700000, 0x00000000b6800000, 0x00000000b6800000|100%| E|CS|TAMS 0x00000000b6700000, 0x00000000b6700000| Complete 
| 360|0x00000000b6800000, 0x00000000b6900000, 0x00000000b6900000|100%| E|CS|TAMS 0x00000000b6800000, 0x00000000b6800000| Complete 
| 361|0x00000000b6900000, 0x00000000b6a00000, 0x00000000b6a00000|100%| E|CS|TAMS 0x00000000b6900000, 0x00000000b6900000| Complete 
| 362|0x00000000b6a00000, 0x00000000b6b00000, 0x00000000b6b00000|100%| E|CS|TAMS 0x00000000b6a00000, 0x00000000b6a00000| Complete 

Card table byte_map: [0x00000218f93b0000,0x00000218f96b0000] _byte_map_base: 0x00000218f8eb0000

Marking Bits (Prev, Next): (CMBitMap*) 0x00000218e65bc598, (CMBitMap*) 0x00000218e65bc5d0
 Prev Bits: [0x00000218f99b0000, 0x00000218fb1b0000)
 Next Bits: [0x00000218fb1b0000, 0x00000218fc9b0000)

Polling page: 0x00000218e44e0000

Metaspace:

Usage:
  Non-class:     95.95 MB capacity,    92.80 MB ( 97%) used,     2.76 MB (  3%) free+waste,   402.75 KB ( <1%) overhead. 
      Class:     15.11 MB capacity,    13.64 MB ( 90%) used,     1.29 MB (  9%) free+waste,   182.12 KB (  1%) overhead. 
       Both:    111.06 MB capacity,   106.44 MB ( 96%) used,     4.05 MB (  4%) free+waste,   584.88 KB ( <1%) overhead. 

Virtual space:
  Non-class space:       98.00 MB reserved,      96.01 MB ( 98%) committed 
      Class space:        1.00 GB reserved,      15.12 MB (  1%) committed 
             Both:        1.10 GB reserved,     111.13 MB ( 10%) committed 

Chunk freelists:
   Non-Class:  0 bytes
       Class:  0 bytes
        Both:  0 bytes

MaxMetaspaceSize: 17179869184.00 GB
CompressedClassSpaceSize: 1.00 GB
Initial GC threshold: 20.80 MB
Current GC threshold: 184.80 MB
CDS: off

CodeHeap 'non-profiled nmethods': size=120064Kb used=13645Kb max_used=13921Kb free=106418Kb
 bounds [0x00000218f1b70000, 0x00000218f2910000, 0x00000218f90b0000]
CodeHeap 'profiled nmethods': size=120000Kb used=39168Kb max_used=40661Kb free=80831Kb
 bounds [0x00000218ea640000, 0x00000218ece00000, 0x00000218f1b70000]
CodeHeap 'non-nmethods': size=5696Kb used=2418Kb max_used=2480Kb free=3277Kb
 bounds [0x00000218ea0b0000, 0x00000218ea330000, 0x00000218ea640000]
 total_blobs=18743 nmethods=17800 adapters=853
 compilation: enabled
              stopped_count=0, restarted_count=0
 full_count=0

Compilation events (20 events):
Event: 2895.924 Thread 0x00000218feebe000 nmethod 18667 0x00000218ead57010 code [0x00000218ead571e0, 0x00000218ead57588]
Event: 2895.924 Thread 0x00000218feebe000 18668       3       java.util.Collections$UnmodifiableMap$UnmodifiableEntrySet$1::<init> (26 bytes)
Event: 2895.924 Thread 0x00000218feebe000 nmethod 18668 0x00000218ead88b10 code [0x00000218ead88ce0, 0x00000218ead88fc8]
Event: 2895.926 Thread 0x00000218feebe000 18669       3       org.gradle.api.internal.DelegatingDomainObjectSet::size (10 bytes)
Event: 2895.926 Thread 0x00000218feebe000 nmethod 18669 0x00000218eab44310 code [0x00000218eab444c0, 0x00000218eab44688]
Event: 2895.945 Thread 0x0000021880e61000 nmethod 18595 0x00000218f1d7a210 code [0x00000218f1d7a580, 0x00000218f1d7cf18]
Event: 2895.946 Thread 0x00000218feebe000 18670       3       org.gradle.api.internal.artifacts.ivyservice.modulecache.StringDeduplicatingDecoder::readInt (10 bytes)
Event: 2895.946 Thread 0x0000021880e61000 18645       4       org.gradle.api.internal.DefaultDomainObjectCollection::<init> (38 bytes)
Event: 2895.946 Thread 0x00000218feebe000 nmethod 18670 0x00000218eab85d10 code [0x00000218eab85ec0, 0x00000218eab86088]
Event: 2895.949 Thread 0x0000021880e61000 nmethod 18645 0x00000218f1d0b310 code [0x00000218f1d0b4c0, 0x00000218f1d0b838]
Event: 2895.949 Thread 0x0000021880e61000 18652       4       java.lang.String::lastIndexOf (104 bytes)
Event: 2895.954 Thread 0x0000021880e61000 nmethod 18652 0x00000218f1d0aa90 code [0x00000218f1d0ac40, 0x00000218f1d0aef8]
Event: 2895.954 Thread 0x0000021880e61000 18596       4       org.gradle.api.internal.artifacts.ivyservice.resolveengine.result.ComponentIdentifierSerializer::resolveImplementation (182 bytes)
Event: 2895.971 Thread 0x0000021880e61000 nmethod 18596 0x00000218f1b9fb90 code [0x00000218f1b9fd80, 0x00000218f1ba0b18]
Event: 2895.972 Thread 0x0000021880e61000 18635       4       jdk.internal.loader.ClassLoaders::platformClassLoader (4 bytes)
Event: 2895.972 Thread 0x0000021880e61000 nmethod 18635 0x00000218f1bc7e10 code [0x00000218f1bc7fa0, 0x00000218f1bc7ff8]
Event: 2895.972 Thread 0x0000021880e61000 18632       4       java.util.HashMap$EntrySet::size (8 bytes)
Event: 2895.972 Thread 0x0000021880e61000 nmethod 18632 0x00000218f1bc7b10 code [0x00000218f1bc7ca0, 0x00000218f1bc7d18]
Event: 2896.046 Thread 0x0000021880e61000 18671       4       java.io.File::getParent (65 bytes)
Event: 2896.061 Thread 0x0000021880e61000 nmethod 18671 0x00000218f1e8e610 code [0x00000218f1e8e7e0, 0x00000218f1e8f118]

GC Heap History (20 events):
Event: 72.158 GC heap before
{Heap before GC invocations=89 (full 0):
 garbage-first heap   total 290816K, used 180114K [0x00000000a0000000, 0x0000000100000000)
  region size 1024K, 9 young (9216K), 8 survivors (8192K)
 Metaspace       used 106207K, capacity 110462K, committed 110600K, reserved 1144832K
  class space    used 13707K, capacity 15039K, committed 15104K, reserved 1048576K
}
Event: 72.166 GC heap after
{Heap after GC invocations=90 (full 0):
 garbage-first heap   total 290816K, used 168530K [0x00000000a0000000, 0x0000000100000000)
  region size 1024K, 4 young (4096K), 4 survivors (4096K)
 Metaspace       used 106207K, capacity 110462K, committed 110600K, reserved 1144832K
  class space    used 13707K, capacity 15039K, committed 15104K, reserved 1048576K
}
Event: 72.889 GC heap before
{Heap before GC invocations=91 (full 0):
 garbage-first heap   total 294912K, used 294482K [0x00000000a0000000, 0x0000000100000000)
  region size 1024K, 7 young (7168K), 4 survivors (4096K)
 Metaspace       used 106326K, capacity 110566K, committed 110600K, reserved 1144832K
  class space    used 13722K, capacity 15074K, committed 15104K, reserved 1048576K
}
Event: 72.896 GC heap after
{Heap after GC invocations=92 (full 0):
 garbage-first heap   total 297984K, used 157526K [0x00000000a0000000, 0x0000000100000000)
  region size 1024K, 3 young (3072K), 3 survivors (3072K)
 Metaspace       used 106326K, capacity 110566K, committed 110600K, reserved 1144832K
  class space    used 13722K, capacity 15074K, committed 15104K, reserved 1048576K
}
Event: 203.302 GC heap before
{Heap before GC invocations=92 (full 0):
 garbage-first heap   total 297984K, used 230230K [0x00000000a0000000, 0x0000000100000000)
  region size 1024K, 74 young (75776K), 3 survivors (3072K)
 Metaspace       used 107176K, capacity 111521K, committed 111752K, reserved 1146880K
  class space    used 13803K, capacity 15139K, committed 15232K, reserved 1048576K
}
Event: 203.334 GC heap after
{Heap after GC invocations=93 (full 0):
 garbage-first heap   total 297984K, used 163902K [0x00000000a0000000, 0x0000000100000000)
  region size 1024K, 10 young (10240K), 10 survivors (10240K)
 Metaspace       used 107176K, capacity 111521K, committed 111752K, reserved 1146880K
  class space    used 13803K, capacity 15139K, committed 15232K, reserved 1048576K
}
Event: 204.197 GC heap before
{Heap before GC invocations=94 (full 0):
 garbage-first heap   total 297984K, used 233534K [0x00000000a0000000, 0x0000000100000000)
  region size 1024K, 79 young (80896K), 10 survivors (10240K)
 Metaspace       used 107765K, capacity 112226K, committed 112392K, reserved 1146880K
  class space    used 13862K, capacity 15248K, committed 15360K, reserved 1048576K
}
Event: 204.224 GC heap after
{Heap after GC invocations=95 (full 0):
 garbage-first heap   total 297984K, used 178092K [0x00000000a0000000, 0x0000000100000000)
  region size 1024K, 10 young (10240K), 10 survivors (10240K)
 Metaspace       used 107765K, capacity 112226K, committed 112392K, reserved 1146880K
  class space    used 13862K, capacity 15248K, committed 15360K, reserved 1048576K
}
Event: 207.598 GC heap before
{Heap before GC invocations=95 (full 0):
 garbage-first heap   total 297984K, used 236460K [0x00000000a0000000, 0x0000000100000000)
  region size 1024K, 68 young (69632K), 10 survivors (10240K)
 Metaspace       used 108151K, capacity 112700K, committed 112904K, reserved 1146880K
  class space    used 13920K, capacity 15356K, committed 15360K, reserved 1048576K
}
Event: 207.645 GC heap after
{Heap after GC invocations=96 (full 0):
 garbage-first heap   total 297984K, used 187880K [0x00000000a0000000, 0x0000000100000000)
  region size 1024K, 9 young (9216K), 9 survivors (9216K)
 Metaspace       used 108151K, capacity 112700K, committed 112904K, reserved 1146880K
  class space    used 13920K, capacity 15356K, committed 15360K, reserved 1048576K
}
Event: 208.552 GC heap before
{Heap before GC invocations=97 (full 0):
 garbage-first heap   total 371712K, used 329192K [0x00000000a0000000, 0x0000000100000000)
  region size 1024K, 63 young (64512K), 9 survivors (9216K)
 Metaspace       used 108342K, capacity 112969K, committed 113288K, reserved 1146880K
  class space    used 13928K, capacity 15371K, committed 15488K, reserved 1048576K
}
Event: 208.566 GC heap after
{Heap after GC invocations=98 (full 0):
 garbage-first heap   total 371712K, used 264605K [0x00000000a0000000, 0x0000000100000000)
  region size 1024K, 6 young (6144K), 6 survivors (6144K)
 Metaspace       used 108342K, capacity 112969K, committed 113288K, reserved 1146880K
  class space    used 13928K, capacity 15371K, committed 15488K, reserved 1048576K
}
Event: 208.652 GC heap before
{Heap before GC invocations=98 (full 0):
 garbage-first heap   total 371712K, used 276893K [0x00000000a0000000, 0x0000000100000000)
  region size 1024K, 19 young (19456K), 6 survivors (6144K)
 Metaspace       used 108359K, capacity 112974K, committed 113288K, reserved 1146880K
  class space    used 13929K, capacity 15372K, committed 15488K, reserved 1048576K
}
Event: 208.675 GC heap after
{Heap after GC invocations=99 (full 0):
 garbage-first heap   total 371712K, used 239567K [0x00000000a0000000, 0x0000000100000000)
  region size 1024K, 2 young (2048K), 2 survivors (2048K)
 Metaspace       used 108359K, capacity 112974K, committed 113288K, reserved 1146880K
  class space    used 13929K, capacity 15372K, committed 15488K, reserved 1048576K
}
Event: 963.296 GC heap before
{Heap before GC invocations=99 (full 0):
 garbage-first heap   total 371712K, used 303055K [0x00000000a0000000, 0x0000000100000000)
  region size 1024K, 64 young (65536K), 2 survivors (2048K)
 Metaspace       used 108690K, capacity 113408K, committed 113544K, reserved 1146880K
  class space    used 13944K, capacity 15427K, committed 15488K, reserved 1048576K
}
Event: 963.317 GC heap after
{Heap after GC invocations=100 (full 0):
 garbage-first heap   total 371712K, used 240409K [0x00000000a0000000, 0x0000000100000000)
  region size 1024K, 3 young (3072K), 3 survivors (3072K)
 Metaspace       used 108690K, capacity 113408K, committed 113544K, reserved 1146880K
  class space    used 13944K, capacity 15427K, committed 15488K, reserved 1048576K
}
Event: 2895.732 GC heap before
{Heap before GC invocations=101 (full 0):
 garbage-first heap   total 371712K, used 269081K [0x00000000a0000000, 0x0000000100000000)
  region size 1024K, 67 young (68608K), 3 survivors (3072K)
 Metaspace       used 108852K, capacity 113508K, committed 113800K, reserved 1148928K
  class space    used 13950K, capacity 15435K, committed 15488K, reserved 1048576K
}
Event: 2895.743 GC heap after
{Heap after GC invocations=102 (full 0):
 garbage-first heap   total 371712K, used 169446K [0x00000000a0000000, 0x0000000100000000)
  region size 1024K, 5 young (5120K), 5 survivors (5120K)
 Metaspace       used 108852K, capacity 113508K, committed 113800K, reserved 1148928K
  class space    used 13950K, capacity 15435K, committed 15488K, reserved 1048576K
}
Event: 2895.829 GC heap before
{Heap before GC invocations=102 (full 0):
 garbage-first heap   total 371712K, used 181734K [0x00000000a0000000, 0x0000000100000000)
  region size 1024K, 18 young (18432K), 5 survivors (5120K)
 Metaspace       used 108941K, capacity 113686K, committed 113800K, reserved 1148928K
  class space    used 13966K, capacity 15465K, committed 15488K, reserved 1048576K
}
Event: 2895.838 GC heap after
{Heap after GC invocations=103 (full 0):
 garbage-first heap   total 371712K, used 167185K [0x00000000a0000000, 0x0000000100000000)
  region size 1024K, 2 young (2048K), 2 survivors (2048K)
 Metaspace       used 108941K, capacity 113686K, committed 113800K, reserved 1148928K
  class space    used 13966K, capacity 15465K, committed 15488K, reserved 1048576K
}

Deoptimization events (20 events):
Event: 507.290 Thread 0x0000021881b7d800 DEOPT PACKING pc=0x00000218f28daf20 sp=0x000000d90e4fe7e0
Event: 507.290 Thread 0x0000021881b7d800 DEOPT UNPACKING pc=0x00000218ea0fa1af sp=0x000000d90e4fe768 mode 2
Event: 507.290 Thread 0x0000021881b7d800 Uncommon trap: trap_request=0xffffffde fr.pc=0x00000218f28daf20 relative=0x0000000000000100
Event: 507.290 Thread 0x0000021881b7d800 Uncommon trap: reason=class_check action=maybe_recompile pc=0x00000218f28daf20 method=jdk.internal.misc.Unsafe.allocateUninitializedArray(Ljava/lang/Class;I)Ljava/lang/Object; @ 48 c2
Event: 507.290 Thread 0x0000021881b7d800 DEOPT PACKING pc=0x00000218f28daf20 sp=0x000000d90e4fe7e0
Event: 507.290 Thread 0x0000021881b7d800 DEOPT UNPACKING pc=0x00000218ea0fa1af sp=0x000000d90e4fe768 mode 2
Event: 2894.250 Thread 0x0000021885ccd800 Uncommon trap: trap_request=0xffffffde fr.pc=0x00000218f241b224 relative=0x0000000000000804
Event: 2894.250 Thread 0x0000021885ccd800 Uncommon trap: reason=class_check action=maybe_recompile pc=0x00000218f241b224 method=com.google.common.cache.LocalCache$Segment.setValue(Lcom/google/common/cache/ReferenceEntry;Ljava/lang/Object;Ljava/lang/Object;J)V @ 51 c2
Event: 2894.250 Thread 0x0000021885ccd800 DEOPT PACKING pc=0x00000218f241b224 sp=0x000000d90e9fa790
Event: 2894.250 Thread 0x0000021885ccd800 DEOPT UNPACKING pc=0x00000218ea0fa1af sp=0x000000d90e9fa728 mode 2
Event: 2894.261 Thread 0x0000021885ccd800 Uncommon trap: trap_request=0xffffffde fr.pc=0x00000218f25e7b20 relative=0x0000000000000b00
Event: 2894.261 Thread 0x0000021885ccd800 Uncommon trap: reason=class_check action=maybe_recompile pc=0x00000218f25e7b20 method=com.google.common.collect.ImmutableSortedSet$Builder.sortAndDedup()V @ 54 c2
Event: 2894.261 Thread 0x0000021885ccd800 DEOPT PACKING pc=0x00000218f25e7b20 sp=0x000000d90e9faef0
Event: 2894.261 Thread 0x0000021885ccd800 DEOPT UNPACKING pc=0x00000218ea0fa1af sp=0x000000d90e9fae58 mode 2
Event: 2894.286 Thread 0x0000021885ccd800 Uncommon trap: trap_request=0xffffffde fr.pc=0x00000218f2398c24 relative=0x00000000000005e4
Event: 2894.286 Thread 0x0000021885ccd800 Uncommon trap: reason=class_check action=maybe_recompile pc=0x00000218f2398c24 method=org.gradle.cache.internal.LockOnDemandCrossProcessCacheAccess.incrementLockCount()V @ 97 c2
Event: 2894.286 Thread 0x0000021885ccd800 DEOPT PACKING pc=0x00000218f2398c24 sp=0x000000d90e9f6d60
Event: 2894.286 Thread 0x0000021885ccd800 DEOPT UNPACKING pc=0x00000218ea0fa1af sp=0x000000d90e9f6d10 mode 2
Event: 2895.813 Thread 0x0000021885ccd800 DEOPT PACKING pc=0x00000218eac04df9 sp=0x000000d90e9f3e10
Event: 2895.813 Thread 0x0000021885ccd800 DEOPT UNPACKING pc=0x00000218ea0fa95e sp=0x000000d90e9f32d8 mode 0

Classes redefined (0 events):
No events

Internal exceptions (20 events):
Event: 208.333 Thread 0x0000021885cd3000 Exception <a 'sun/nio/fs/WindowsException'{0x00000000af238018}> (0x00000000af238018) thrown at [src/hotspot/share/prims/jni.cpp, line 617]
Event: 208.424 Thread 0x0000021885ccd800 Exception <a 'sun/nio/fs/WindowsException'{0x00000000af1c5320}> (0x00000000af1c5320) thrown at [src/hotspot/share/prims/jni.cpp, line 617]
Event: 208.424 Thread 0x0000021885ccd800 Exception <a 'sun/nio/fs/WindowsException'{0x00000000af1c5ba0}> (0x00000000af1c5ba0) thrown at [src/hotspot/share/prims/jni.cpp, line 617]
Event: 208.424 Thread 0x0000021885ccd800 Exception <a 'sun/nio/fs/WindowsException'{0x00000000af1c5d28}> (0x00000000af1c5d28) thrown at [src/hotspot/share/prims/jni.cpp, line 617]
Event: 208.429 Thread 0x0000021885ccd800 Exception <a 'sun/nio/fs/WindowsException'{0x00000000af068788}> (0x00000000af068788) thrown at [src/hotspot/share/prims/jni.cpp, line 617]
Event: 208.429 Thread 0x0000021885ccd800 Exception <a 'sun/nio/fs/WindowsException'{0x00000000af068f58}> (0x00000000af068f58) thrown at [src/hotspot/share/prims/jni.cpp, line 617]
Event: 208.429 Thread 0x0000021885ccd800 Exception <a 'sun/nio/fs/WindowsException'{0x00000000af068fe0}> (0x00000000af068fe0) thrown at [src/hotspot/share/prims/jni.cpp, line 617]
Event: 208.429 Thread 0x0000021885ccd800 Exception <a 'sun/nio/fs/WindowsException'{0x00000000af069d00}> (0x00000000af069d00) thrown at [src/hotspot/share/prims/jni.cpp, line 617]
Event: 208.429 Thread 0x0000021885ccd800 Exception <a 'sun/nio/fs/WindowsException'{0x00000000af069d88}> (0x00000000af069d88) thrown at [src/hotspot/share/prims/jni.cpp, line 617]
Event: 208.429 Thread 0x0000021885ccd800 Exception <a 'sun/nio/fs/WindowsException'{0x00000000af06acf0}> (0x00000000af06acf0) thrown at [src/hotspot/share/prims/jni.cpp, line 617]
Event: 208.430 Thread 0x0000021885ccd800 Exception <a 'sun/nio/fs/WindowsException'{0x00000000af06cc20}> (0x00000000af06cc20) thrown at [src/hotspot/share/prims/jni.cpp, line 617]
Event: 208.430 Thread 0x0000021885ccd800 Exception <a 'sun/nio/fs/WindowsException'{0x00000000af06cca8}> (0x00000000af06cca8) thrown at [src/hotspot/share/prims/jni.cpp, line 617]
Event: 208.440 Thread 0x0000021885ccd800 Exception <a 'sun/nio/fs/WindowsException'{0x00000000af06fab0}> (0x00000000af06fab0) thrown at [src/hotspot/share/prims/jni.cpp, line 617]
Event: 208.440 Thread 0x0000021885ccd800 Exception <a 'sun/nio/fs/WindowsException'{0x00000000af06fb38}> (0x00000000af06fb38) thrown at [src/hotspot/share/prims/jni.cpp, line 617]
Event: 208.442 Thread 0x0000021885ccd800 Exception <a 'sun/nio/fs/WindowsException'{0x00000000aef39f90}> (0x00000000aef39f90) thrown at [src/hotspot/share/prims/jni.cpp, line 617]
Event: 208.442 Thread 0x0000021885ccd800 Exception <a 'sun/nio/fs/WindowsException'{0x00000000aef3a820}> (0x00000000aef3a820) thrown at [src/hotspot/share/prims/jni.cpp, line 617]
Event: 208.442 Thread 0x0000021885ccd800 Exception <a 'sun/nio/fs/WindowsException'{0x00000000aef3a9b8}> (0x00000000aef3a9b8) thrown at [src/hotspot/share/prims/jni.cpp, line 617]
Event: 208.445 Thread 0x0000021885cd4000 Exception <a 'sun/nio/fs/WindowsException'{0x00000000af3dd678}> (0x00000000af3dd678) thrown at [src/hotspot/share/prims/jni.cpp, line 617]
Event: 208.445 Thread 0x0000021885cd4000 Exception <a 'sun/nio/fs/WindowsException'{0x00000000af3dd768}> (0x00000000af3dd768) thrown at [src/hotspot/share/prims/jni.cpp, line 617]
Event: 2895.846 Thread 0x0000021885ccd800 Exception <a 'sun/nio/fs/WindowsException'{0x00000000b6a97700}> (0x00000000b6a97700) thrown at [src/hotspot/share/prims/jni.cpp, line 617]

Events (20 events):
Event: 2895.749 Thread 0x00000218899ec000 Thread added: 0x00000218899ec000
Event: 2895.749 Thread 0x00000218899eb000 Thread added: 0x00000218899eb000
Event: 2895.749 Thread 0x00000218899ed800 Thread added: 0x00000218899ed800
Event: 2895.750 Thread 0x00000218899e8800 Thread added: 0x00000218899e8800
Event: 2895.750 Thread 0x00000218899ee800 Thread added: 0x00000218899ee800
Event: 2895.750 Thread 0x00000218899ec800 Thread added: 0x00000218899ec800
Event: 2895.750 Thread 0x00000218899ef000 Thread added: 0x00000218899ef000
Event: 2895.750 Thread 0x00000218899e9800 Thread added: 0x00000218899e9800
Event: 2895.750 Thread 0x00000218899f0000 Thread added: 0x00000218899f0000
Event: 2895.750 Thread 0x00000218899ea800 Thread added: 0x00000218899ea800
Event: 2895.750 Thread 0x00000218819c3800 Thread added: 0x00000218819c3800
Event: 2895.750 Thread 0x00000218819c5000 Thread added: 0x00000218819c5000
Event: 2895.827 loading class org/gradle/api/internal/provider/ValueSupplier$1
Event: 2895.827 loading class org/gradle/api/internal/provider/ValueSupplier$1 done
Event: 2895.829 Executing VM operation: G1CollectForAllocation
Event: 2895.838 Executing VM operation: G1CollectForAllocation done
Event: 2895.849 Executing VM operation: RevokeBias
Event: 2895.850 Executing VM operation: RevokeBias done
Event: 2895.858 Executing VM operation: RevokeBias
Event: 2895.859 Executing VM operation: RevokeBias done


Dynamic libraries:
0x00007ff640060000 - 0x00007ff64006a000 	C:\Program Files\Android\Android Studio\jbr\bin\java.exe
0x00007ff852950000 - 0x00007ff852b48000 	C:\Windows\SYSTEM32\ntdll.dll
0x00007ff8525c0000 - 0x00007ff85267f000 	C:\Windows\System32\KERNEL32.DLL
0x00007ff8503f0000 - 0x00007ff8506e6000 	C:\Windows\System32\KERNELBASE.dll
0x00007ff8502f0000 - 0x00007ff8503f0000 	C:\Windows\System32\ucrtbase.dll
0x00007ff84b9b0000 - 0x00007ff84b9cb000 	C:\Program Files\Android\Android Studio\jbr\bin\VCRUNTIME140.dll
0x00007ff84b9d0000 - 0x00007ff84b9e7000 	C:\Program Files\Android\Android Studio\jbr\bin\jli.dll
0x00007ff851d30000 - 0x00007ff851ecd000 	C:\Windows\System32\USER32.dll
0x00007ff8506f0000 - 0x00007ff850712000 	C:\Windows\System32\win32u.dll
0x00007ff852730000 - 0x00007ff85275c000 	C:\Windows\System32\GDI32.dll
0x00007ff84a4a0000 - 0x00007ff84a73a000 	C:\Windows\WinSxS\amd64_microsoft.windows.common-controls_6595b64144ccf1df_6.0.19041.1110_none_60b5254171f9507e\COMCTL32.dll
0x00007ff850860000 - 0x00007ff850975000 	C:\Windows\System32\gdi32full.dll
0x00007ff852000000 - 0x00007ff85209e000 	C:\Windows\System32\msvcrt.dll
0x00007ff850250000 - 0x00007ff8502ed000 	C:\Windows\System32\msvcp_win.dll
0x00007ff850d10000 - 0x00007ff850d40000 	C:\Windows\System32\IMM32.DLL
0x00007ff84b9a0000 - 0x00007ff84b9ac000 	C:\Program Files\Android\Android Studio\jbr\bin\vcruntime140_1.dll
0x00007ff83b7f0000 - 0x00007ff83b87d000 	C:\Program Files\Android\Android Studio\jbr\bin\msvcp140.dll
0x00007ffffde30000 - 0x00007ffffe9ec000 	C:\Program Files\Android\Android Studio\jbr\bin\server\jvm.dll
0x00007ff851f50000 - 0x00007ff851fff000 	C:\Windows\System32\ADVAPI32.dll
0x00007ff850c50000 - 0x00007ff850cec000 	C:\Windows\System32\sechost.dll
0x00007ff851ab0000 - 0x00007ff851bd6000 	C:\Windows\System32\RPCRT4.dll
0x00007ff8518b0000 - 0x00007ff8518b8000 	C:\Windows\System32\PSAPI.DLL
0x00007ff84b920000 - 0x00007ff84b929000 	C:\Windows\SYSTEM32\WSOCK32.dll
0x00007ff851920000 - 0x00007ff85198b000 	C:\Windows\System32\WS2_32.dll
0x00007ff84a740000 - 0x00007ff84a767000 	C:\Windows\SYSTEM32\WINMM.dll
0x00007ff84a770000 - 0x00007ff84a77a000 	C:\Windows\SYSTEM32\VERSION.dll
0x00007ff84de40000 - 0x00007ff84de52000 	C:\Windows\SYSTEM32\kernel.appcore.dll
0x00007ff84b910000 - 0x00007ff84b920000 	C:\Program Files\Android\Android Studio\jbr\bin\verify.dll
0x00007ff840e10000 - 0x00007ff840ff4000 	C:\Windows\SYSTEM32\DBGHELP.DLL
0x00007ff840dd0000 - 0x00007ff840e04000 	C:\Windows\SYSTEM32\dbgcore.DLL
0x00007ff850720000 - 0x00007ff8507a2000 	C:\Windows\System32\bcryptPrimitives.dll
0x00007ff84aec0000 - 0x00007ff84aee8000 	C:\Program Files\Android\Android Studio\jbr\bin\java.dll
0x00007ff84b900000 - 0x00007ff84b90a000 	C:\Program Files\Android\Android Studio\jbr\bin\jimage.dll
0x00007ff83b7d0000 - 0x00007ff83b7e8000 	C:\Program Files\Android\Android Studio\jbr\bin\zip.dll
0x00007ff850da0000 - 0x00007ff8514e4000 	C:\Windows\System32\SHELL32.dll
0x00007ff84e040000 - 0x00007ff84e7d3000 	C:\Windows\SYSTEM32\windows.storage.dll
0x00007ff8514f0000 - 0x00007ff851844000 	C:\Windows\System32\combase.dll
0x00007ff84f940000 - 0x00007ff84f96e000 	C:\Windows\SYSTEM32\Wldp.dll
0x00007ff852510000 - 0x00007ff8525bd000 	C:\Windows\System32\SHCORE.dll
0x00007ff8518c0000 - 0x00007ff851915000 	C:\Windows\System32\shlwapi.dll
0x00007ff84ff70000 - 0x00007ff84ff8f000 	C:\Windows\SYSTEM32\profapi.dll
0x00007ff83b7b0000 - 0x00007ff83b7c9000 	C:\Program Files\Android\Android Studio\jbr\bin\net.dll
0x00007ff84c510000 - 0x00007ff84c61a000 	C:\Windows\SYSTEM32\WINHTTP.dll
0x00007ff84f720000 - 0x00007ff84f78a000 	C:\Windows\system32\mswsock.dll
0x00007ff83b790000 - 0x00007ff83b7a3000 	C:\Program Files\Android\Android Studio\jbr\bin\nio.dll
0x00007ff83b760000 - 0x00007ff83b787000 	C:\Users\202002\.gradle\native\e1d6ef7f7dcc3fd88c89a11ec53ec762bb8ba0a96d01ffa2cd45eb1d1d8dd5c5\windows-amd64\native-platform.dll
0x00007ff83b000000 - 0x00007ff83b144000 	C:\Users\202002\.gradle\native\0d407fdbe67a94daf76414ababcb853783967236a71b16ec16e742cd7a986fd3\windows-amd64\native-platform-file-events.dll
0x00007ff841030000 - 0x00007ff84103a000 	C:\Program Files\Android\Android Studio\jbr\bin\management.dll
0x00007ff83d750000 - 0x00007ff83d75b000 	C:\Program Files\Android\Android Studio\jbr\bin\management_ext.dll
0x00007ff84f9f0000 - 0x00007ff84fa08000 	C:\Windows\SYSTEM32\CRYPTSP.dll
0x00007ff84f060000 - 0x00007ff84f094000 	C:\Windows\system32\rsaenh.dll
0x00007ff850980000 - 0x00007ff8509a7000 	C:\Windows\System32\bcrypt.dll
0x00007ff84ff30000 - 0x00007ff84ff5e000 	C:\Windows\SYSTEM32\USERENV.dll
0x00007ff84f930000 - 0x00007ff84f93c000 	C:\Windows\SYSTEM32\CRYPTBASE.dll
0x00007ff84f430000 - 0x00007ff84f46c000 	C:\Windows\SYSTEM32\IPHLPAPI.DLL
0x00007ff851bf0000 - 0x00007ff851bf8000 	C:\Windows\System32\NSI.dll
0x00007ff847c20000 - 0x00007ff847c37000 	C:\Windows\SYSTEM32\dhcpcsvc6.DLL
0x00007ff847a30000 - 0x00007ff847a4d000 	C:\Windows\SYSTEM32\dhcpcsvc.DLL
0x00007ff84f470000 - 0x00007ff84f53b000 	C:\Windows\SYSTEM32\DNSAPI.dll
0x00007ff83af90000 - 0x00007ff83afb7000 	C:\Program Files\Android\Android Studio\jbr\bin\sunec.dll

dbghelp: loaded successfully - version: 4.0.5 - missing functions: none
symbol engine: initialized successfully - sym options: 0x614 - pdb path: .;C:\Program Files\Android\Android Studio\jbr\bin;C:\Windows\SYSTEM32;C:\Windows\WinSxS\amd64_microsoft.windows.common-controls_6595b64144ccf1df_6.0.19041.1110_none_60b5254171f9507e;C:\Program Files\Android\Android Studio\jbr\bin\server;C:\Users\202002\.gradle\native\e1d6ef7f7dcc3fd88c89a11ec53ec762bb8ba0a96d01ffa2cd45eb1d1d8dd5c5\windows-amd64;C:\Users\202002\.gradle\native\0d407fdbe67a94daf76414ababcb853783967236a71b16ec16e742cd7a986fd3\windows-amd64

VM Arguments:
jvm_args: --add-opens=java.base/java.util=ALL-UNNAMED --add-opens=java.base/java.lang=ALL-UNNAMED --add-opens=java.base/java.lang.invoke=ALL-UNNAMED --add-opens=java.base/java.util=ALL-UNNAMED --add-opens=java.prefs/java.util.prefs=ALL-UNNAMED --add-opens=java.prefs/java.util.prefs=ALL-UNNAMED --add-opens=java.base/java.nio.charset=ALL-UNNAMED --add-opens=java.base/java.net=ALL-UNNAMED --add-opens=java.base/java.util.concurrent.atomic=ALL-UNNAMED -Xmx1536M -Dfile.encoding=windows-1251 -Duser.country=RU -Duser.language=ru -Duser.variant 
java_command: org.gradle.launcher.daemon.bootstrap.GradleDaemon 7.5
java_class_path (initial): C:\Users\202002\.gradle\wrapper\dists\gradle-7.5-all\6qsw290k5lz422uaf8jf6m7co\gradle-7.5\lib\gradle-launcher-7.5.jar
Launcher Type: SUN_STANDARD

[Global flags]
     intx CICompilerCount                          = 3                                         {product} {ergonomic}
     uint ConcGCThreads                            = 1                                         {product} {ergonomic}
     uint G1ConcRefinementThreads                  = 4                                         {product} {ergonomic}
   size_t G1HeapRegionSize                         = 1048576                                   {product} {ergonomic}
    uintx GCDrainStackTargetSize                   = 64                                        {product} {ergonomic}
   size_t InitialHeapSize                          = 134217728                                 {product} {ergonomic}
   size_t MarkStackSize                            = 4194304                                   {product} {ergonomic}
   size_t MaxHeapSize                              = 1610612736                                {product} {command line}
   size_t MaxNewSize                               = 965738496                                 {product} {ergonomic}
   size_t MinHeapDeltaBytes                        = 1048576                                   {product} {ergonomic}
    uintx NonNMethodCodeHeapSize                   = 5830732                                {pd product} {ergonomic}
    uintx NonProfiledCodeHeapSize                  = 122913754                              {pd product} {ergonomic}
    uintx ProfiledCodeHeapSize                     = 122913754                              {pd product} {ergonomic}
    uintx ReservedCodeCacheSize                    = 251658240                              {pd product} {ergonomic}
     bool SegmentedCodeCache                       = true                                      {product} {ergonomic}
     bool UseCompressedClassPointers               = true                                 {lp64_product} {ergonomic}
     bool UseCompressedOops                        = true                                 {lp64_product} {ergonomic}
     bool UseG1GC                                  = true                                      {product} {ergonomic}
     bool UseLargePagesIndividualAllocation        = false                                  {pd product} {ergonomic}

Logging:
Log output configuration:
 #0: stdout all=warning uptime,level,tags
 #1: stderr all=off uptime,level,tags

Environment Variables:
JAVA_HOME=C:\Program Files\Android\Android Studio\jbr
CLASSPATH=C:\flutterPr\SurveyApp\SurveyApp\android\\gradle\wrapper\gradle-wrapper.jar
PATH=C:\Program Files\Microsoft\jdk-11.0.16.101-hotspot\bin;C:\Program Files\Eclipse Adoptium\jdk-11.0.18.10-hotspot\bin;C:\Program Files\Eclipse Adoptium\jdk-8.0.362.9-hotspot\bin;C:\Windows\system32;C:\Windows;C:\Windows\System32\Wbem;C:\Windows\System32\WindowsPowerShell\v1.0\;C:\Windows\System32\OpenSSH\;C:\Program Files\Microsoft SQL Server\150\Tools\Binn\;C:\Program Files\Microsoft SQL Server\Client SDK\ODBC\170\Tools\Binn\;C:\Program Files (x86)\Microsoft SQL Server\150\DTS\Binn\;C:\Program Files\Azure Data Studio\bin;C:\ProgramData\chocolatey\bin;C:\tools\flutter\bin;C:\Program Files\Git\cmd\git.exe;C:\Program Files\dotnet\;C:\Users\202002\AppData\Local\Microsoft\WindowsApps;;C:\Users\202002\AppData\Local\Programs\Microsoft VS Code\bin;C:\tools\flutter\bin\mingit\cmd
USERNAME=202002
OS=Windows_NT
PROCESSOR_IDENTIFIER=Intel64 Family 6 Model 60 Stepping 3, GenuineIntel



---------------  S Y S T E M  ---------------

OS: Windows 10 , 64 bit Build 19041 (10.0.19041.2913)
OS uptime: 0 days 1:03 hours
Hyper-V role detected

CPU:total 4 (initial active 4) (4 cores per cpu, 1 threads per core) family 6 model 60 stepping 3 microcode 0x27, cmov, cx8, fxsr, mmx, sse, sse2, sse3, ssse3, sse4.1, sse4.2, popcnt, avx, avx2, aes, clmul, erms, lzcnt, tsc, tscinvbit, bmi1, bmi2, fma

Memory: 4k page, system-wide physical 8092M (1118M free)
TotalPageFile size 8092M (AvailPageFile size 86M)
current process WorkingSet (physical memory assigned to process): 357M, peak: 749M
current process commit charge ("private bytes"): 739M, peak: 788M

vm_info: OpenJDK 64-Bit Server VM (11.0.15+0-b2043.56-9505619) for windows-amd64 JRE (11.0.15+0-b2043.56-9505619), built on Jan 19 2023 02:48:00 by "builduser" with unknown MS VC++:1929

END.
